{"/Users/kennethatria/Projects/myGuy/chat-websocket-service/src/api/bookingNotifications.js": {"path":"/Users/kennethatria/Projects/myGuy/chat-websocket-service/src/api/bookingNotifications.js","statementMap":{"0":{"start":{"line":1,"column":16},"end":{"line":1,"column":34}},"1":{"start":{"line":2,"column":15},"end":{"line":2,"column":31}},"2":{"start":{"line":3,"column":11},"end":{"line":3,"column":40}},"3":{"start":{"line":4,"column":30},"end":{"line":4,"column":74}},"4":{"start":{"line":5,"column":29},"end":{"line":5,"column":58}},"5":{"start":{"line":11,"column":0},"end":{"line":47,"column":3}},"6":{"start":{"line":12,"column":2},"end":{"line":46,"column":3}},"7":{"start":{"line":13,"column":84},"end":{"line":13,"column":92}},"8":{"start":{"line":16,"column":27},"end":{"line":16,"column":60}},"9":{"start":{"line":17,"column":4},"end":{"line":20,"column":5}},"10":{"start":{"line":18,"column":6},"end":{"line":18,"column":67}},"11":{"start":{"line":19,"column":6},"end":{"line":19,"column":61}},"12":{"start":{"line":23,"column":4},"end":{"line":25,"column":5}},"13":{"start":{"line":24,"column":6},"end":{"line":24,"column":72}},"14":{"start":{"line":28,"column":15},"end":{"line":28,"column":32}},"15":{"start":{"line":30,"column":27},"end":{"line":39,"column":6}},"16":{"start":{"line":41,"column":4},"end":{"line":41,"column":108}},"17":{"start":{"line":42,"column":4},"end":{"line":42,"column":62}},"18":{"start":{"line":44,"column":4},"end":{"line":44,"column":65}},"19":{"start":{"line":45,"column":4},"end":{"line":45,"column":77}},"20":{"start":{"line":53,"column":0},"end":{"line":189,"column":3}},"21":{"start":{"line":54,"column":2},"end":{"line":188,"column":3}},"22":{"start":{"line":55,"column":50},"end":{"line":55,"column":58}},"23":{"start":{"line":56,"column":19},"end":{"line":56,"column":30}},"24":{"start":{"line":59,"column":4},"end":{"line":61,"column":5}},"25":{"start":{"line":60,"column":6},"end":{"line":60,"column":63}},"26":{"start":{"line":63,"column":4},"end":{"line":65,"column":5}},"27":{"start":{"line":64,"column":6},"end":{"line":64,"column":66}},"28":{"start":{"line":68,"column":4},"end":{"line":70,"column":5}},"29":{"start":{"line":69,"column":6},"end":{"line":69,"column":79}},"30":{"start":{"line":73,"column":24},"end":{"line":73,"column":83}},"31":{"start":{"line":75,"column":4},"end":{"line":87,"column":5}},"32":{"start":{"line":76,"column":6},"end":{"line":76,"column":27}},"33":{"start":{"line":77,"column":11},"end":{"line":87,"column":5}},"34":{"start":{"line":78,"column":6},"end":{"line":78,"column":26}},"35":{"start":{"line":79,"column":11},"end":{"line":87,"column":5}},"36":{"start":{"line":80,"column":6},"end":{"line":80,"column":36}},"37":{"start":{"line":81,"column":11},"end":{"line":87,"column":5}},"38":{"start":{"line":82,"column":6},"end":{"line":82,"column":36}},"39":{"start":{"line":83,"column":11},"end":{"line":87,"column":5}},"40":{"start":{"line":84,"column":6},"end":{"line":84,"column":31}},"41":{"start":{"line":85,"column":11},"end":{"line":87,"column":5}},"42":{"start":{"line":86,"column":6},"end":{"line":86,"column":30}},"43":{"start":{"line":89,"column":4},"end":{"line":89,"column":102}},"44":{"start":{"line":92,"column":24},"end":{"line":94,"column":12}},"45":{"start":{"line":96,"column":21},"end":{"line":106,"column":5}},"46":{"start":{"line":108,"column":4},"end":{"line":112,"column":5}},"47":{"start":{"line":109,"column":24},"end":{"line":109,"column":45}},"48":{"start":{"line":110,"column":6},"end":{"line":110,"column":78}},"49":{"start":{"line":111,"column":6},"end":{"line":111,"column":77}},"50":{"start":{"line":114,"column":20},"end":{"line":114,"column":41}},"51":{"start":{"line":117,"column":15},"end":{"line":117,"column":32}},"52":{"start":{"line":122,"column":4},"end":{"line":182,"column":5}},"53":{"start":{"line":124,"column":25},"end":{"line":130,"column":7}},"54":{"start":{"line":132,"column":6},"end":{"line":171,"column":7}},"55":{"start":{"line":133,"column":31},"end":{"line":133,"column":49}},"56":{"start":{"line":136,"column":32},"end":{"line":139,"column":9}},"57":{"start":{"line":142,"column":8},"end":{"line":144,"column":9}},"58":{"start":{"line":143,"column":10},"end":{"line":143,"column":62}},"59":{"start":{"line":145,"column":8},"end":{"line":147,"column":9}},"60":{"start":{"line":146,"column":10},"end":{"line":146,"column":62}},"61":{"start":{"line":148,"column":8},"end":{"line":150,"column":9}},"62":{"start":{"line":149,"column":10},"end":{"line":149,"column":64}},"63":{"start":{"line":151,"column":8},"end":{"line":153,"column":9}},"64":{"start":{"line":152,"column":10},"end":{"line":152,"column":64}},"65":{"start":{"line":156,"column":8},"end":{"line":159,"column":10}},"66":{"start":{"line":162,"column":31},"end":{"line":162,"column":79}},"67":{"start":{"line":163,"column":8},"end":{"line":163,"column":90}},"68":{"start":{"line":166,"column":8},"end":{"line":168,"column":9}},"69":{"start":{"line":167,"column":10},"end":{"line":167,"column":90}},"70":{"start":{"line":170,"column":8},"end":{"line":170,"column":119}},"71":{"start":{"line":175,"column":6},"end":{"line":181,"column":8}},"72":{"start":{"line":184,"column":4},"end":{"line":184,"column":41}},"73":{"start":{"line":186,"column":4},"end":{"line":186,"column":59}},"74":{"start":{"line":187,"column":4},"end":{"line":187,"column":51}},"75":{"start":{"line":191,"column":0},"end":{"line":191,"column":24}}},"fnMap":{"0":{"name":"(anonymous_0)","decl":{"start":{"line":11,"column":41},"end":{"line":11,"column":42}},"loc":{"start":{"line":11,"column":61},"end":{"line":47,"column":1}},"line":11},"1":{"name":"(anonymous_1)","decl":{"start":{"line":53,"column":49},"end":{"line":53,"column":50}},"loc":{"start":{"line":53,"column":69},"end":{"line":189,"column":1}},"line":53}},"branchMap":{"0":{"loc":{"start":{"line":17,"column":4},"end":{"line":20,"column":5}},"type":"if","locations":[{"start":{"line":17,"column":4},"end":{"line":20,"column":5}},{"start":{},"end":{}}],"line":17},"1":{"loc":{"start":{"line":17,"column":8},"end":{"line":17,"column":74}},"type":"binary-expr","locations":[{"start":{"line":17,"column":8},"end":{"line":17,"column":23}},{"start":{"line":17,"column":27},"end":{"line":17,"column":74}}],"line":17},"2":{"loc":{"start":{"line":23,"column":4},"end":{"line":25,"column":5}},"type":"if","locations":[{"start":{"line":23,"column":4},"end":{"line":25,"column":5}},{"start":{},"end":{}}],"line":23},"3":{"loc":{"start":{"line":23,"column":8},"end":{"line":23,"column":54}},"type":"binary-expr","locations":[{"start":{"line":23,"column":8},"end":{"line":23,"column":18}},{"start":{"line":23,"column":22},"end":{"line":23,"column":29}},{"start":{"line":23,"column":33},"end":{"line":23,"column":41}},{"start":{"line":23,"column":45},"end":{"line":23,"column":54}}],"line":23},"4":{"loc":{"start":{"line":33,"column":17},"end":{"line":33,"column":47}},"type":"binary-expr","locations":[{"start":{"line":33,"column":17},"end":{"line":33,"column":26}},{"start":{"line":33,"column":30},"end":{"line":33,"column":47}}],"line":33},"5":{"loc":{"start":{"line":34,"column":17},"end":{"line":34,"column":34}},"type":"binary-expr","locations":[{"start":{"line":34,"column":17},"end":{"line":34,"column":26}},{"start":{"line":34,"column":30},"end":{"line":34,"column":34}}],"line":34},"6":{"loc":{"start":{"line":37,"column":15},"end":{"line":37,"column":81}},"type":"binary-expr","locations":[{"start":{"line":37,"column":15},"end":{"line":37,"column":22}},{"start":{"line":37,"column":26},"end":{"line":37,"column":81}}],"line":37},"7":{"loc":{"start":{"line":37,"column":49},"end":{"line":37,"column":79}},"type":"binary-expr","locations":[{"start":{"line":37,"column":49},"end":{"line":37,"column":58}},{"start":{"line":37,"column":62},"end":{"line":37,"column":79}}],"line":37},"8":{"loc":{"start":{"line":59,"column":4},"end":{"line":61,"column":5}},"type":"if","locations":[{"start":{"line":59,"column":4},"end":{"line":61,"column":5}},{"start":{},"end":{}}],"line":59},"9":{"loc":{"start":{"line":63,"column":4},"end":{"line":65,"column":5}},"type":"if","locations":[{"start":{"line":63,"column":4},"end":{"line":65,"column":5}},{"start":{},"end":{}}],"line":63},"10":{"loc":{"start":{"line":68,"column":4},"end":{"line":70,"column":5}},"type":"if","locations":[{"start":{"line":68,"column":4},"end":{"line":70,"column":5}},{"start":{},"end":{}}],"line":68},"11":{"loc":{"start":{"line":68,"column":8},"end":{"line":68,"column":102}},"type":"binary-expr","locations":[{"start":{"line":68,"column":9},"end":{"line":68,"column":33}},{"start":{"line":68,"column":37},"end":{"line":68,"column":60}},{"start":{"line":68,"column":66},"end":{"line":68,"column":73}},{"start":{"line":68,"column":77},"end":{"line":68,"column":87}},{"start":{"line":68,"column":91},"end":{"line":68,"column":101}}],"line":68},"12":{"loc":{"start":{"line":73,"column":24},"end":{"line":73,"column":83}},"type":"binary-expr","locations":[{"start":{"line":73,"column":24},"end":{"line":73,"column":49}},{"start":{"line":73,"column":53},"end":{"line":73,"column":83}}],"line":73},"13":{"loc":{"start":{"line":75,"column":4},"end":{"line":87,"column":5}},"type":"if","locations":[{"start":{"line":75,"column":4},"end":{"line":87,"column":5}},{"start":{"line":77,"column":11},"end":{"line":87,"column":5}}],"line":75},"14":{"loc":{"start":{"line":77,"column":11},"end":{"line":87,"column":5}},"type":"if","locations":[{"start":{"line":77,"column":11},"end":{"line":87,"column":5}},{"start":{"line":79,"column":11},"end":{"line":87,"column":5}}],"line":77},"15":{"loc":{"start":{"line":79,"column":11},"end":{"line":87,"column":5}},"type":"if","locations":[{"start":{"line":79,"column":11},"end":{"line":87,"column":5}},{"start":{"line":81,"column":11},"end":{"line":87,"column":5}}],"line":79},"16":{"loc":{"start":{"line":81,"column":11},"end":{"line":87,"column":5}},"type":"if","locations":[{"start":{"line":81,"column":11},"end":{"line":87,"column":5}},{"start":{"line":83,"column":11},"end":{"line":87,"column":5}}],"line":81},"17":{"loc":{"start":{"line":83,"column":11},"end":{"line":87,"column":5}},"type":"if","locations":[{"start":{"line":83,"column":11},"end":{"line":87,"column":5}},{"start":{"line":85,"column":11},"end":{"line":87,"column":5}}],"line":83},"18":{"loc":{"start":{"line":85,"column":11},"end":{"line":87,"column":5}},"type":"if","locations":[{"start":{"line":85,"column":11},"end":{"line":87,"column":5}},{"start":{},"end":{}}],"line":85},"19":{"loc":{"start":{"line":92,"column":24},"end":{"line":94,"column":12}},"type":"cond-expr","locations":[{"start":{"line":93,"column":8},"end":{"line":93,"column":56}},{"start":{"line":94,"column":8},"end":{"line":94,"column":12}}],"line":92},"20":{"loc":{"start":{"line":92,"column":25},"end":{"line":92,"column":76}},"type":"binary-expr","locations":[{"start":{"line":92,"column":25},"end":{"line":92,"column":49}},{"start":{"line":92,"column":53},"end":{"line":92,"column":76}}],"line":92},"21":{"loc":{"start":{"line":93,"column":41},"end":{"line":93,"column":53}},"type":"binary-expr","locations":[{"start":{"line":93,"column":41},"end":{"line":93,"column":47}},{"start":{"line":93,"column":51},"end":{"line":93,"column":53}}],"line":93},"22":{"loc":{"start":{"line":104,"column":12},"end":{"line":104,"column":48}},"type":"binary-expr","locations":[{"start":{"line":104,"column":12},"end":{"line":104,"column":23}},{"start":{"line":104,"column":27},"end":{"line":104,"column":48}}],"line":104},"23":{"loc":{"start":{"line":108,"column":4},"end":{"line":112,"column":5}},"type":"if","locations":[{"start":{"line":108,"column":4},"end":{"line":112,"column":5}},{"start":{},"end":{}}],"line":108},"24":{"loc":{"start":{"line":122,"column":4},"end":{"line":182,"column":5}},"type":"if","locations":[{"start":{"line":122,"column":4},"end":{"line":182,"column":5}},{"start":{"line":172,"column":11},"end":{"line":182,"column":5}}],"line":122},"25":{"loc":{"start":{"line":122,"column":8},"end":{"line":122,"column":59}},"type":"binary-expr","locations":[{"start":{"line":122,"column":8},"end":{"line":122,"column":32}},{"start":{"line":122,"column":36},"end":{"line":122,"column":59}}],"line":122},"26":{"loc":{"start":{"line":132,"column":6},"end":{"line":171,"column":7}},"type":"if","locations":[{"start":{"line":132,"column":6},"end":{"line":171,"column":7}},{"start":{},"end":{}}],"line":132},"27":{"loc":{"start":{"line":142,"column":8},"end":{"line":144,"column":9}},"type":"if","locations":[{"start":{"line":142,"column":8},"end":{"line":144,"column":9}},{"start":{},"end":{}}],"line":142},"28":{"loc":{"start":{"line":142,"column":12},"end":{"line":142,"column":79}},"type":"binary-expr","locations":[{"start":{"line":142,"column":12},"end":{"line":142,"column":46}},{"start":{"line":142,"column":50},"end":{"line":142,"column":79}}],"line":142},"29":{"loc":{"start":{"line":145,"column":8},"end":{"line":147,"column":9}},"type":"if","locations":[{"start":{"line":145,"column":8},"end":{"line":147,"column":9}},{"start":{},"end":{}}],"line":145},"30":{"loc":{"start":{"line":145,"column":12},"end":{"line":145,"column":79}},"type":"binary-expr","locations":[{"start":{"line":145,"column":12},"end":{"line":145,"column":46}},{"start":{"line":145,"column":50},"end":{"line":145,"column":79}}],"line":145},"31":{"loc":{"start":{"line":148,"column":8},"end":{"line":150,"column":9}},"type":"if","locations":[{"start":{"line":148,"column":8},"end":{"line":150,"column":9}},{"start":{},"end":{}}],"line":148},"32":{"loc":{"start":{"line":148,"column":12},"end":{"line":148,"column":81}},"type":"binary-expr","locations":[{"start":{"line":148,"column":12},"end":{"line":148,"column":47}},{"start":{"line":148,"column":51},"end":{"line":148,"column":81}}],"line":148},"33":{"loc":{"start":{"line":151,"column":8},"end":{"line":153,"column":9}},"type":"if","locations":[{"start":{"line":151,"column":8},"end":{"line":153,"column":9}},{"start":{},"end":{}}],"line":151},"34":{"loc":{"start":{"line":151,"column":12},"end":{"line":151,"column":81}},"type":"binary-expr","locations":[{"start":{"line":151,"column":12},"end":{"line":151,"column":47}},{"start":{"line":151,"column":51},"end":{"line":151,"column":81}}],"line":151},"35":{"loc":{"start":{"line":166,"column":8},"end":{"line":168,"column":9}},"type":"if","locations":[{"start":{"line":166,"column":8},"end":{"line":168,"column":9}},{"start":{},"end":{}}],"line":166},"36":{"loc":{"start":{"line":166,"column":12},"end":{"line":166,"column":50}},"type":"binary-expr","locations":[{"start":{"line":166,"column":12},"end":{"line":166,"column":24}},{"start":{"line":166,"column":28},"end":{"line":166,"column":50}}],"line":166}},"s":{"0":1,"1":1,"2":1,"3":1,"4":1,"5":1,"6":6,"7":6,"8":6,"9":6,"10":2,"11":2,"12":4,"13":1,"14":3,"15":3,"16":2,"17":2,"18":1,"19":1,"20":1,"21":13,"22":13,"23":13,"24":13,"25":1,"26":12,"27":1,"28":11,"29":3,"30":8,"31":8,"32":2,"33":6,"34":1,"35":5,"36":1,"37":4,"38":1,"39":3,"40":2,"41":1,"42":1,"43":8,"44":8,"45":8,"46":8,"47":1,"48":1,"49":1,"50":7,"51":7,"52":7,"53":3,"54":3,"55":2,"56":2,"57":2,"58":1,"59":2,"60":0,"61":2,"62":1,"63":2,"64":1,"65":2,"66":2,"67":2,"68":2,"69":1,"70":2,"71":4,"72":7,"73":1,"74":1,"75":1},"f":{"0":6,"1":13},"b":{"0":[2,4],"1":[6,5],"2":[1,3],"3":[4,4,3,3],"4":[3,2],"5":[3,3],"6":[3,3],"7":[3,2],"8":[1,12],"9":[1,11],"10":[3,8],"11":[11,7,6,4,4],"12":[8,8],"13":[2,6],"14":[1,5],"15":[1,4],"16":[1,3],"17":[2,1],"18":[1,0],"19":[3,5],"20":[8,6],"21":[3,2],"22":[8,3],"23":[1,7],"24":[3,4],"25":[7,5],"26":[2,1],"27":[1,1],"28":[2,1],"29":[0,2],"30":[2,0],"31":[1,1],"32":[2,1],"33":[1,1],"34":[2,1],"35":[1,1],"36":[2,1]},"_coverageSchema":"1a1c01bbd47fc00a2c39e90264f33305004495a9","hash":"5499a76d1caddb819536c01204caec11897c78ab"}
,"/Users/kennethatria/Projects/myGuy/chat-websocket-service/src/middleware/auth.js": {"path":"/Users/kennethatria/Projects/myGuy/chat-websocket-service/src/middleware/auth.js","statementMap":{"0":{"start":{"line":1,"column":12},"end":{"line":1,"column":35}},"1":{"start":{"line":2,"column":15},"end":{"line":2,"column":41}},"2":{"start":{"line":4,"column":19},"end":{"line":4,"column":62}},"3":{"start":{"line":11,"column":20},"end":{"line":19,"column":1}},"4":{"start":{"line":12,"column":2},"end":{"line":18,"column":3}},"5":{"start":{"line":13,"column":20},"end":{"line":13,"column":49}},"6":{"start":{"line":14,"column":4},"end":{"line":14,"column":19}},"7":{"start":{"line":16,"column":4},"end":{"line":16,"column":60}},"8":{"start":{"line":17,"column":4},"end":{"line":17,"column":16}},"9":{"start":{"line":26,"column":27},"end":{"line":51,"column":1}},"10":{"start":{"line":27,"column":2},"end":{"line":50,"column":3}},"11":{"start":{"line":28,"column":18},"end":{"line":28,"column":111}},"12":{"start":{"line":30,"column":4},"end":{"line":32,"column":5}},"13":{"start":{"line":31,"column":6},"end":{"line":31,"column":62}},"14":{"start":{"line":34,"column":20},"end":{"line":34,"column":38}},"15":{"start":{"line":35,"column":4},"end":{"line":37,"column":5}},"16":{"start":{"line":36,"column":6},"end":{"line":36,"column":61}},"17":{"start":{"line":40,"column":4},"end":{"line":40,"column":36}},"18":{"start":{"line":41,"column":4},"end":{"line":41,"column":37}},"19":{"start":{"line":42,"column":4},"end":{"line":42,"column":35}},"20":{"start":{"line":44,"column":4},"end":{"line":44,"column":88}},"21":{"start":{"line":46,"column":4},"end":{"line":46,"column":11}},"22":{"start":{"line":48,"column":4},"end":{"line":48,"column":56}},"23":{"start":{"line":49,"column":4},"end":{"line":49,"column":45}},"24":{"start":{"line":59,"column":25},"end":{"line":85,"column":1}},"25":{"start":{"line":60,"column":2},"end":{"line":84,"column":3}},"26":{"start":{"line":61,"column":23},"end":{"line":61,"column":48}},"27":{"start":{"line":63,"column":4},"end":{"line":65,"column":5}},"28":{"start":{"line":64,"column":6},"end":{"line":64,"column":78}},"29":{"start":{"line":67,"column":18},"end":{"line":67,"column":51}},"30":{"start":{"line":68,"column":20},"end":{"line":68,"column":38}},"31":{"start":{"line":70,"column":4},"end":{"line":72,"column":5}},"32":{"start":{"line":71,"column":6},"end":{"line":71,"column":62}},"33":{"start":{"line":74,"column":4},"end":{"line":78,"column":6}},"34":{"start":{"line":80,"column":4},"end":{"line":80,"column":11}},"35":{"start":{"line":82,"column":4},"end":{"line":82,"column":54}},"36":{"start":{"line":83,"column":4},"end":{"line":83,"column":61}},"37":{"start":{"line":87,"column":0},"end":{"line":91,"column":2}}},"fnMap":{"0":{"name":"(anonymous_0)","decl":{"start":{"line":11,"column":20},"end":{"line":11,"column":21}},"loc":{"start":{"line":11,"column":31},"end":{"line":19,"column":1}},"line":11},"1":{"name":"(anonymous_1)","decl":{"start":{"line":26,"column":27},"end":{"line":26,"column":28}},"loc":{"start":{"line":26,"column":51},"end":{"line":51,"column":1}},"line":26},"2":{"name":"(anonymous_2)","decl":{"start":{"line":59,"column":25},"end":{"line":59,"column":26}},"loc":{"start":{"line":59,"column":45},"end":{"line":85,"column":1}},"line":59}},"branchMap":{"0":{"loc":{"start":{"line":4,"column":19},"end":{"line":4,"column":62}},"type":"binary-expr","locations":[{"start":{"line":4,"column":19},"end":{"line":4,"column":41}},{"start":{"line":4,"column":45},"end":{"line":4,"column":62}}],"line":4},"1":{"loc":{"start":{"line":28,"column":18},"end":{"line":28,"column":111}},"type":"binary-expr","locations":[{"start":{"line":28,"column":18},"end":{"line":28,"column":45}},{"start":{"line":28,"column":49},"end":{"line":28,"column":111}}],"line":28},"2":{"loc":{"start":{"line":30,"column":4},"end":{"line":32,"column":5}},"type":"if","locations":[{"start":{"line":30,"column":4},"end":{"line":32,"column":5}},{"start":{},"end":{}}],"line":30},"3":{"loc":{"start":{"line":35,"column":4},"end":{"line":37,"column":5}},"type":"if","locations":[{"start":{"line":35,"column":4},"end":{"line":37,"column":5}},{"start":{},"end":{}}],"line":35},"4":{"loc":{"start":{"line":63,"column":4},"end":{"line":65,"column":5}},"type":"if","locations":[{"start":{"line":63,"column":4},"end":{"line":65,"column":5}},{"start":{},"end":{}}],"line":63},"5":{"loc":{"start":{"line":63,"column":8},"end":{"line":63,"column":56}},"type":"binary-expr","locations":[{"start":{"line":63,"column":8},"end":{"line":63,"column":19}},{"start":{"line":63,"column":23},"end":{"line":63,"column":56}}],"line":63},"6":{"loc":{"start":{"line":70,"column":4},"end":{"line":72,"column":5}},"type":"if","locations":[{"start":{"line":70,"column":4},"end":{"line":72,"column":5}},{"start":{},"end":{}}],"line":70}},"s":{"0":2,"1":2,"2":2,"3":2,"4":24,"5":24,"6":18,"7":6,"8":6,"9":2,"10":5,"11":5,"12":5,"13":1,"14":4,"15":4,"16":1,"17":3,"18":3,"19":3,"20":3,"21":3,"22":0,"23":0,"24":2,"25":19,"26":19,"27":19,"28":3,"29":16,"30":16,"31":16,"32":2,"33":14,"34":14,"35":0,"36":0,"37":2},"f":{"0":24,"1":5,"2":19},"b":{"0":[2,2],"1":[5,3],"2":[1,4],"3":[1,3],"4":[3,16],"5":[19,17],"6":[2,14]},"_coverageSchema":"1a1c01bbd47fc00a2c39e90264f33305004495a9","hash":"112df08d75442cd18ea30fe128d3ab1c23819df4"}
,"/Users/kennethatria/Projects/myGuy/chat-websocket-service/src/services/bookingMessageService.js": {"path":"/Users/kennethatria/Projects/myGuy/chat-websocket-service/src/services/bookingMessageService.js","statementMap":{"0":{"start":{"line":1,"column":11},"end":{"line":1,"column":40}},"1":{"start":{"line":16,"column":2},"end":{"line":57,"column":3}},"2":{"start":{"line":18,"column":19},"end":{"line":43,"column":5}},"3":{"start":{"line":45,"column":27},"end":{"line":45,"column":41}},"4":{"start":{"line":48,"column":4},"end":{"line":51,"column":5}},"5":{"start":{"line":49,"column":6},"end":{"line":49,"column":68}},"6":{"start":{"line":50,"column":6},"end":{"line":50,"column":94}},"7":{"start":{"line":53,"column":4},"end":{"line":53,"column":26}},"8":{"start":{"line":55,"column":4},"end":{"line":55,"column":68}},"9":{"start":{"line":56,"column":4},"end":{"line":56,"column":16}},"10":{"start":{"line":64,"column":2},"end":{"line":200,"column":3}},"11":{"start":{"line":66,"column":23},"end":{"line":72,"column":5}},"12":{"start":{"line":74,"column":4},"end":{"line":76,"column":5}},"13":{"start":{"line":75,"column":6},"end":{"line":75,"column":59}},"14":{"start":{"line":78,"column":27},"end":{"line":78,"column":45}},"15":{"start":{"line":81,"column":28},"end":{"line":84,"column":5}},"16":{"start":{"line":87,"column":4},"end":{"line":100,"column":5}},"17":{"start":{"line":88,"column":6},"end":{"line":90,"column":7}},"18":{"start":{"line":89,"column":8},"end":{"line":89,"column":64}},"19":{"start":{"line":91,"column":6},"end":{"line":93,"column":7}},"20":{"start":{"line":92,"column":8},"end":{"line":92,"column":64}},"21":{"start":{"line":94,"column":6},"end":{"line":96,"column":7}},"22":{"start":{"line":95,"column":8},"end":{"line":95,"column":66}},"23":{"start":{"line":97,"column":6},"end":{"line":99,"column":7}},"24":{"start":{"line":98,"column":8},"end":{"line":98,"column":66}},"25":{"start":{"line":102,"column":4},"end":{"line":107,"column":6}},"26":{"start":{"line":111,"column":34},"end":{"line":119,"column":5}},"27":{"start":{"line":124,"column":4},"end":{"line":176,"column":5}},"28":{"start":{"line":125,"column":6},"end":{"line":125,"column":52}},"29":{"start":{"line":126,"column":6},"end":{"line":126,"column":126}},"30":{"start":{"line":132,"column":6},"end":{"line":147,"column":7}},"31":{"start":{"line":133,"column":8},"end":{"line":133,"column":41}},"32":{"start":{"line":134,"column":8},"end":{"line":134,"column":76}},"33":{"start":{"line":135,"column":13},"end":{"line":147,"column":7}},"34":{"start":{"line":136,"column":8},"end":{"line":136,"column":41}},"35":{"start":{"line":137,"column":8},"end":{"line":137,"column":50}},"36":{"start":{"line":138,"column":13},"end":{"line":147,"column":7}},"37":{"start":{"line":139,"column":8},"end":{"line":139,"column":46}},"38":{"start":{"line":140,"column":8},"end":{"line":140,"column":63}},"39":{"start":{"line":141,"column":13},"end":{"line":147,"column":7}},"40":{"start":{"line":142,"column":8},"end":{"line":142,"column":42}},"41":{"start":{"line":143,"column":8},"end":{"line":143,"column":74}},"42":{"start":{"line":145,"column":8},"end":{"line":145,"column":46}},"43":{"start":{"line":146,"column":8},"end":{"line":146,"column":57}},"44":{"start":{"line":149,"column":27},"end":{"line":172,"column":7}},"45":{"start":{"line":174,"column":6},"end":{"line":174,"column":43}},"46":{"start":{"line":175,"column":6},"end":{"line":175,"column":92}},"47":{"start":{"line":179,"column":4},"end":{"line":194,"column":5}},"48":{"start":{"line":180,"column":6},"end":{"line":180,"column":83}},"49":{"start":{"line":181,"column":6},"end":{"line":181,"column":69}},"50":{"start":{"line":184,"column":6},"end":{"line":187,"column":9}},"51":{"start":{"line":188,"column":6},"end":{"line":191,"column":9}},"52":{"start":{"line":193,"column":6},"end":{"line":193,"column":91}},"53":{"start":{"line":196,"column":4},"end":{"line":196,"column":25}},"54":{"start":{"line":198,"column":4},"end":{"line":198,"column":67}},"55":{"start":{"line":199,"column":4},"end":{"line":199,"column":16}},"56":{"start":{"line":203,"column":0},"end":{"line":206,"column":2}}},"fnMap":{"0":{"name":"createBookingRequestMessage","decl":{"start":{"line":6,"column":15},"end":{"line":6,"column":42}},"loc":{"start":{"line":15,"column":3},"end":{"line":58,"column":1}},"line":15},"1":{"name":"updateBookingMessageStatus","decl":{"start":{"line":63,"column":15},"end":{"line":63,"column":41}},"loc":{"start":{"line":63,"column":97},"end":{"line":201,"column":1}},"line":63}},"branchMap":{"0":{"loc":{"start":{"line":34,"column":8},"end":{"line":34,"column":53}},"type":"binary-expr","locations":[{"start":{"line":34,"column":8},"end":{"line":34,"column":15}},{"start":{"line":34,"column":19},"end":{"line":34,"column":53}}],"line":34},"1":{"loc":{"start":{"line":48,"column":4},"end":{"line":51,"column":5}},"type":"if","locations":[{"start":{"line":48,"column":4},"end":{"line":51,"column":5}},{"start":{},"end":{}}],"line":48},"2":{"loc":{"start":{"line":63,"column":77},"end":{"line":63,"column":95}},"type":"default-arg","locations":[{"start":{"line":63,"column":91},"end":{"line":63,"column":95}}],"line":63},"3":{"loc":{"start":{"line":74,"column":4},"end":{"line":76,"column":5}},"type":"if","locations":[{"start":{"line":74,"column":4},"end":{"line":76,"column":5}},{"start":{},"end":{}}],"line":74},"4":{"loc":{"start":{"line":87,"column":4},"end":{"line":100,"column":5}},"type":"if","locations":[{"start":{"line":87,"column":4},"end":{"line":100,"column":5}},{"start":{},"end":{}}],"line":87},"5":{"loc":{"start":{"line":88,"column":6},"end":{"line":90,"column":7}},"type":"if","locations":[{"start":{"line":88,"column":6},"end":{"line":90,"column":7}},{"start":{},"end":{}}],"line":88},"6":{"loc":{"start":{"line":88,"column":10},"end":{"line":88,"column":85}},"type":"binary-expr","locations":[{"start":{"line":88,"column":10},"end":{"line":88,"column":48}},{"start":{"line":88,"column":52},"end":{"line":88,"column":85}}],"line":88},"7":{"loc":{"start":{"line":91,"column":6},"end":{"line":93,"column":7}},"type":"if","locations":[{"start":{"line":91,"column":6},"end":{"line":93,"column":7}},{"start":{},"end":{}}],"line":91},"8":{"loc":{"start":{"line":91,"column":10},"end":{"line":91,"column":85}},"type":"binary-expr","locations":[{"start":{"line":91,"column":10},"end":{"line":91,"column":48}},{"start":{"line":91,"column":52},"end":{"line":91,"column":85}}],"line":91},"9":{"loc":{"start":{"line":94,"column":6},"end":{"line":96,"column":7}},"type":"if","locations":[{"start":{"line":94,"column":6},"end":{"line":96,"column":7}},{"start":{},"end":{}}],"line":94},"10":{"loc":{"start":{"line":94,"column":10},"end":{"line":94,"column":87}},"type":"binary-expr","locations":[{"start":{"line":94,"column":10},"end":{"line":94,"column":49}},{"start":{"line":94,"column":53},"end":{"line":94,"column":87}}],"line":94},"11":{"loc":{"start":{"line":97,"column":6},"end":{"line":99,"column":7}},"type":"if","locations":[{"start":{"line":97,"column":6},"end":{"line":99,"column":7}},{"start":{},"end":{}}],"line":97},"12":{"loc":{"start":{"line":97,"column":10},"end":{"line":97,"column":87}},"type":"binary-expr","locations":[{"start":{"line":97,"column":10},"end":{"line":97,"column":49}},{"start":{"line":97,"column":53},"end":{"line":97,"column":87}}],"line":97},"13":{"loc":{"start":{"line":124,"column":4},"end":{"line":176,"column":5}},"type":"if","locations":[{"start":{"line":124,"column":4},"end":{"line":176,"column":5}},{"start":{"line":127,"column":11},"end":{"line":176,"column":5}}],"line":124},"14":{"loc":{"start":{"line":132,"column":6},"end":{"line":147,"column":7}},"type":"if","locations":[{"start":{"line":132,"column":6},"end":{"line":147,"column":7}},{"start":{"line":135,"column":13},"end":{"line":147,"column":7}}],"line":132},"15":{"loc":{"start":{"line":135,"column":13},"end":{"line":147,"column":7}},"type":"if","locations":[{"start":{"line":135,"column":13},"end":{"line":147,"column":7}},{"start":{"line":138,"column":13},"end":{"line":147,"column":7}}],"line":135},"16":{"loc":{"start":{"line":138,"column":13},"end":{"line":147,"column":7}},"type":"if","locations":[{"start":{"line":138,"column":13},"end":{"line":147,"column":7}},{"start":{"line":141,"column":13},"end":{"line":147,"column":7}}],"line":138},"17":{"loc":{"start":{"line":141,"column":13},"end":{"line":147,"column":7}},"type":"if","locations":[{"start":{"line":141,"column":13},"end":{"line":147,"column":7}},{"start":{"line":144,"column":13},"end":{"line":147,"column":7}}],"line":141},"18":{"loc":{"start":{"line":179,"column":4},"end":{"line":194,"column":5}},"type":"if","locations":[{"start":{"line":179,"column":4},"end":{"line":194,"column":5}},{"start":{},"end":{}}],"line":179}},"s":{"0":1,"1":5,"2":5,"3":4,"4":4,"5":1,"6":1,"7":4,"8":1,"9":1,"10":11,"11":11,"12":10,"13":1,"14":9,"15":9,"16":9,"17":2,"18":1,"19":2,"20":1,"21":2,"22":1,"23":2,"24":1,"25":9,"26":9,"27":9,"28":1,"29":1,"30":8,"31":4,"32":4,"33":4,"34":1,"35":1,"36":3,"37":1,"38":1,"39":2,"40":1,"41":1,"42":1,"43":1,"44":8,"45":8,"46":8,"47":9,"48":1,"49":1,"50":1,"51":1,"52":1,"53":9,"54":2,"55":2,"56":1},"f":{"0":5,"1":11},"b":{"0":[5,4],"1":[1,3],"2":[9],"3":[1,9],"4":[2,7],"5":[1,1],"6":[2,2],"7":[1,1],"8":[2,1],"9":[1,1],"10":[2,2],"11":[1,1],"12":[2,1],"13":[1,8],"14":[4,4],"15":[1,3],"16":[1,2],"17":[1,1],"18":[1,8]},"_coverageSchema":"1a1c01bbd47fc00a2c39e90264f33305004495a9","hash":"74e76cbc9da2d8e9662f3df161845eb3bbeed12c"}
,"/Users/kennethatria/Projects/myGuy/chat-websocket-service/src/services/messageService.js": {"path":"/Users/kennethatria/Projects/myGuy/chat-websocket-service/src/services/messageService.js","statementMap":{"0":{"start":{"line":1,"column":11},"end":{"line":1,"column":40}},"1":{"start":{"line":2,"column":26},"end":{"line":2,"column":59}},"2":{"start":{"line":3,"column":15},"end":{"line":3,"column":41}},"3":{"start":{"line":14,"column":19},"end":{"line":14,"column":39}},"4":{"start":{"line":16,"column":4},"end":{"line":57,"column":5}},"5":{"start":{"line":17,"column":6},"end":{"line":17,"column":34}},"6":{"start":{"line":20,"column":46},"end":{"line":20,"column":68}},"7":{"start":{"line":23,"column":26},"end":{"line":23,"column":85}},"8":{"start":{"line":26,"column":27},"end":{"line":30,"column":7}},"9":{"start":{"line":32,"column":28},"end":{"line":40,"column":8}},"10":{"start":{"line":43,"column":6},"end":{"line":43,"column":86}},"11":{"start":{"line":45,"column":6},"end":{"line":45,"column":35}},"12":{"start":{"line":47,"column":22},"end":{"line":47,"column":43}},"13":{"start":{"line":48,"column":6},"end":{"line":48,"column":52}},"14":{"start":{"line":50,"column":6},"end":{"line":50,"column":21}},"15":{"start":{"line":52,"column":6},"end":{"line":52,"column":37}},"16":{"start":{"line":53,"column":6},"end":{"line":53,"column":52}},"17":{"start":{"line":54,"column":6},"end":{"line":54,"column":18}},"18":{"start":{"line":56,"column":6},"end":{"line":56,"column":23}},"19":{"start":{"line":64,"column":19},"end":{"line":64,"column":39}},"20":{"start":{"line":66,"column":4},"end":{"line":104,"column":5}},"21":{"start":{"line":67,"column":6},"end":{"line":67,"column":34}},"22":{"start":{"line":70,"column":25},"end":{"line":70,"column":82}},"23":{"start":{"line":71,"column":26},"end":{"line":71,"column":77}},"24":{"start":{"line":73,"column":6},"end":{"line":75,"column":7}},"25":{"start":{"line":74,"column":8},"end":{"line":74,"column":61}},"26":{"start":{"line":78,"column":46},"end":{"line":78,"column":71}},"27":{"start":{"line":81,"column":26},"end":{"line":88,"column":7}},"28":{"start":{"line":90,"column":21},"end":{"line":90,"column":75}},"29":{"start":{"line":92,"column":6},"end":{"line":92,"column":35}},"30":{"start":{"line":94,"column":22},"end":{"line":94,"column":36}},"31":{"start":{"line":95,"column":6},"end":{"line":95,"column":52}},"32":{"start":{"line":97,"column":6},"end":{"line":97,"column":21}},"33":{"start":{"line":99,"column":6},"end":{"line":99,"column":37}},"34":{"start":{"line":100,"column":6},"end":{"line":100,"column":52}},"35":{"start":{"line":101,"column":6},"end":{"line":101,"column":18}},"36":{"start":{"line":103,"column":6},"end":{"line":103,"column":23}},"37":{"start":{"line":111,"column":18},"end":{"line":118,"column":5}},"38":{"start":{"line":120,"column":19},"end":{"line":120,"column":61}},"39":{"start":{"line":122,"column":4},"end":{"line":124,"column":5}},"40":{"start":{"line":123,"column":6},"end":{"line":123,"column":59}},"41":{"start":{"line":126,"column":4},"end":{"line":126,"column":26}},"42":{"start":{"line":133,"column":18},"end":{"line":139,"column":5}},"43":{"start":{"line":141,"column":19},"end":{"line":141,"column":61}},"44":{"start":{"line":142,"column":4},"end":{"line":142,"column":26}},"45":{"start":{"line":149,"column":18},"end":{"line":157,"column":5}},"46":{"start":{"line":159,"column":19},"end":{"line":159,"column":58}},"47":{"start":{"line":160,"column":4},"end":{"line":160,"column":23}},"48":{"start":{"line":169,"column":25},"end":{"line":169,"column":58}},"49":{"start":{"line":171,"column":4},"end":{"line":211,"column":5}},"50":{"start":{"line":175,"column":6},"end":{"line":182,"column":8}},"51":{"start":{"line":183,"column":6},"end":{"line":183,"column":52}},"52":{"start":{"line":188,"column":6},"end":{"line":210,"column":7}},"53":{"start":{"line":189,"column":8},"end":{"line":196,"column":10}},"54":{"start":{"line":197,"column":8},"end":{"line":197,"column":54}},"55":{"start":{"line":198,"column":13},"end":{"line":210,"column":7}},"56":{"start":{"line":199,"column":8},"end":{"line":206,"column":10}},"57":{"start":{"line":207,"column":8},"end":{"line":207,"column":61}},"58":{"start":{"line":209,"column":8},"end":{"line":209,"column":18}},"59":{"start":{"line":213,"column":19},"end":{"line":213,"column":60}},"60":{"start":{"line":214,"column":4},"end":{"line":214,"column":33}},"61":{"start":{"line":221,"column":4},"end":{"line":255,"column":5}},"62":{"start":{"line":225,"column":20},"end":{"line":230,"column":7}},"63":{"start":{"line":231,"column":21},"end":{"line":231,"column":60}},"64":{"start":{"line":232,"column":6},"end":{"line":232,"column":44}},"65":{"start":{"line":233,"column":11},"end":{"line":255,"column":5}},"66":{"start":{"line":237,"column":20},"end":{"line":242,"column":7}},"67":{"start":{"line":243,"column":21},"end":{"line":243,"column":60}},"68":{"start":{"line":244,"column":6},"end":{"line":244,"column":44}},"69":{"start":{"line":245,"column":11},"end":{"line":255,"column":5}},"70":{"start":{"line":247,"column":20},"end":{"line":252,"column":7}},"71":{"start":{"line":253,"column":21},"end":{"line":253,"column":67}},"72":{"start":{"line":254,"column":6},"end":{"line":254,"column":44}},"73":{"start":{"line":256,"column":4},"end":{"line":256,"column":13}},"74":{"start":{"line":265,"column":18},"end":{"line":303,"column":5}},"75":{"start":{"line":305,"column":19},"end":{"line":305,"column":50}},"76":{"start":{"line":306,"column":4},"end":{"line":306,"column":23}},"77":{"start":{"line":313,"column":18},"end":{"line":320,"column":5}},"78":{"start":{"line":322,"column":4},"end":{"line":322,"column":52}},"79":{"start":{"line":329,"column":18},"end":{"line":329,"column":74}},"80":{"start":{"line":330,"column":19},"end":{"line":330,"column":50}},"81":{"start":{"line":332,"column":4},"end":{"line":334,"column":5}},"82":{"start":{"line":333,"column":6},"end":{"line":333,"column":18}},"83":{"start":{"line":336,"column":4},"end":{"line":336,"column":36}},"84":{"start":{"line":346,"column":18},"end":{"line":360,"column":5}},"85":{"start":{"line":362,"column":19},"end":{"line":362,"column":40}},"86":{"start":{"line":363,"column":4},"end":{"line":363,"column":23}},"87":{"start":{"line":370,"column":18},"end":{"line":374,"column":5}},"88":{"start":{"line":376,"column":4},"end":{"line":376,"column":50}},"89":{"start":{"line":385,"column":18},"end":{"line":393,"column":5}},"90":{"start":{"line":395,"column":19},"end":{"line":395,"column":50}},"91":{"start":{"line":396,"column":4},"end":{"line":396,"column":23}},"92":{"start":{"line":403,"column":18},"end":{"line":407,"column":5}},"93":{"start":{"line":409,"column":4},"end":{"line":409,"column":39}},"94":{"start":{"line":416,"column":18},"end":{"line":420,"column":5}},"95":{"start":{"line":422,"column":19},"end":{"line":422,"column":50}},"96":{"start":{"line":423,"column":4},"end":{"line":423,"column":79}},"97":{"start":{"line":424,"column":4},"end":{"line":424,"column":32}},"98":{"start":{"line":436,"column":18},"end":{"line":442,"column":5}},"99":{"start":{"line":444,"column":19},"end":{"line":444,"column":58}},"100":{"start":{"line":445,"column":4},"end":{"line":445,"column":23}},"101":{"start":{"line":452,"column":19},"end":{"line":452,"column":39}},"102":{"start":{"line":454,"column":4},"end":{"line":486,"column":5}},"103":{"start":{"line":455,"column":6},"end":{"line":455,"column":34}},"104":{"start":{"line":458,"column":46},"end":{"line":458,"column":68}},"105":{"start":{"line":461,"column":27},"end":{"line":465,"column":7}},"106":{"start":{"line":467,"column":28},"end":{"line":472,"column":8}},"107":{"start":{"line":474,"column":6},"end":{"line":474,"column":35}},"108":{"start":{"line":476,"column":22},"end":{"line":476,"column":43}},"109":{"start":{"line":477,"column":6},"end":{"line":477,"column":52}},"110":{"start":{"line":479,"column":6},"end":{"line":479,"column":21}},"111":{"start":{"line":481,"column":6},"end":{"line":481,"column":37}},"112":{"start":{"line":482,"column":6},"end":{"line":482,"column":59}},"113":{"start":{"line":483,"column":6},"end":{"line":483,"column":18}},"114":{"start":{"line":485,"column":6},"end":{"line":485,"column":23}},"115":{"start":{"line":493,"column":18},"end":{"line":497,"column":5}},"116":{"start":{"line":499,"column":19},"end":{"line":499,"column":58}},"117":{"start":{"line":500,"column":4},"end":{"line":500,"column":42}},"118":{"start":{"line":508,"column":4},"end":{"line":517,"column":5}},"119":{"start":{"line":512,"column":6},"end":{"line":512,"column":97}},"120":{"start":{"line":513,"column":6},"end":{"line":513,"column":18}},"121":{"start":{"line":515,"column":6},"end":{"line":515,"column":60}},"122":{"start":{"line":516,"column":6},"end":{"line":516,"column":18}},"123":{"start":{"line":524,"column":26},"end":{"line":524,"column":69}},"124":{"start":{"line":527,"column":4},"end":{"line":527,"column":49}},"125":{"start":{"line":538,"column":18},"end":{"line":542,"column":5}},"126":{"start":{"line":544,"column":19},"end":{"line":544,"column":58}},"127":{"start":{"line":545,"column":4},"end":{"line":545,"column":42}},"128":{"start":{"line":553,"column":4},"end":{"line":562,"column":5}},"129":{"start":{"line":557,"column":6},"end":{"line":557,"column":101}},"130":{"start":{"line":558,"column":6},"end":{"line":558,"column":15}},"131":{"start":{"line":560,"column":6},"end":{"line":560,"column":63}},"132":{"start":{"line":561,"column":6},"end":{"line":561,"column":15}},"133":{"start":{"line":566,"column":0},"end":{"line":566,"column":38}}},"fnMap":{"0":{"name":"(anonymous_0)","decl":{"start":{"line":6,"column":2},"end":{"line":6,"column":3}},"loc":{"start":{"line":6,"column":16},"end":{"line":8,"column":3}},"line":6},"1":{"name":"(anonymous_1)","decl":{"start":{"line":13,"column":2},"end":{"line":13,"column":3}},"loc":{"start":{"line":13,"column":92},"end":{"line":58,"column":3}},"line":13},"2":{"name":"(anonymous_2)","decl":{"start":{"line":63,"column":2},"end":{"line":63,"column":3}},"loc":{"start":{"line":63,"column":51},"end":{"line":105,"column":3}},"line":63},"3":{"name":"(anonymous_3)","decl":{"start":{"line":110,"column":2},"end":{"line":110,"column":3}},"loc":{"start":{"line":110,"column":41},"end":{"line":127,"column":3}},"line":110},"4":{"name":"(anonymous_4)","decl":{"start":{"line":132,"column":2},"end":{"line":132,"column":3}},"loc":{"start":{"line":132,"column":38},"end":{"line":143,"column":3}},"line":132},"5":{"name":"(anonymous_5)","decl":{"start":{"line":148,"column":2},"end":{"line":148,"column":3}},"loc":{"start":{"line":148,"column":47},"end":{"line":161,"column":3}},"line":148},"6":{"name":"(anonymous_6)","decl":{"start":{"line":166,"column":2},"end":{"line":166,"column":3}},"loc":{"start":{"line":166,"column":86},"end":{"line":215,"column":3}},"line":166},"7":{"name":"(anonymous_7)","decl":{"start":{"line":220,"column":2},"end":{"line":220,"column":3}},"loc":{"start":{"line":220,"column":72},"end":{"line":257,"column":3}},"line":220},"8":{"name":"(anonymous_8)","decl":{"start":{"line":262,"column":2},"end":{"line":262,"column":3}},"loc":{"start":{"line":262,"column":37},"end":{"line":307,"column":3}},"line":262},"9":{"name":"(anonymous_9)","decl":{"start":{"line":312,"column":2},"end":{"line":312,"column":3}},"loc":{"start":{"line":312,"column":51},"end":{"line":323,"column":3}},"line":312},"10":{"name":"(anonymous_10)","decl":{"start":{"line":328,"column":2},"end":{"line":328,"column":3}},"loc":{"start":{"line":328,"column":32},"end":{"line":337,"column":3}},"line":328},"11":{"name":"(anonymous_11)","decl":{"start":{"line":342,"column":2},"end":{"line":342,"column":3}},"loc":{"start":{"line":342,"column":33},"end":{"line":364,"column":3}},"line":342},"12":{"name":"(anonymous_12)","decl":{"start":{"line":369,"column":2},"end":{"line":369,"column":3}},"loc":{"start":{"line":369,"column":52},"end":{"line":377,"column":3}},"line":369},"13":{"name":"(anonymous_13)","decl":{"start":{"line":382,"column":2},"end":{"line":382,"column":3}},"loc":{"start":{"line":382,"column":40},"end":{"line":397,"column":3}},"line":382},"14":{"name":"(anonymous_14)","decl":{"start":{"line":402,"column":2},"end":{"line":402,"column":3}},"loc":{"start":{"line":402,"column":38},"end":{"line":410,"column":3}},"line":402},"15":{"name":"(anonymous_15)","decl":{"start":{"line":415,"column":2},"end":{"line":415,"column":3}},"loc":{"start":{"line":415,"column":34},"end":{"line":425,"column":3}},"line":415},"16":{"name":"(anonymous_16)","decl":{"start":{"line":435,"column":2},"end":{"line":435,"column":3}},"loc":{"start":{"line":435,"column":41},"end":{"line":446,"column":3}},"line":435},"17":{"name":"(anonymous_17)","decl":{"start":{"line":451,"column":2},"end":{"line":451,"column":3}},"loc":{"start":{"line":451,"column":80},"end":{"line":487,"column":3}},"line":451},"18":{"name":"(anonymous_18)","decl":{"start":{"line":492,"column":2},"end":{"line":492,"column":3}},"loc":{"start":{"line":492,"column":49},"end":{"line":501,"column":3}},"line":492},"19":{"name":"(anonymous_19)","decl":{"start":{"line":507,"column":2},"end":{"line":507,"column":3}},"loc":{"start":{"line":507,"column":41},"end":{"line":518,"column":3}},"line":507},"20":{"name":"(anonymous_20)","decl":{"start":{"line":523,"column":2},"end":{"line":523,"column":3}},"loc":{"start":{"line":523,"column":40},"end":{"line":528,"column":3}},"line":523},"21":{"name":"(anonymous_21)","decl":{"start":{"line":537,"column":2},"end":{"line":537,"column":3}},"loc":{"start":{"line":537,"column":48},"end":{"line":546,"column":3}},"line":537},"22":{"name":"(anonymous_22)","decl":{"start":{"line":552,"column":2},"end":{"line":552,"column":3}},"loc":{"start":{"line":552,"column":44},"end":{"line":563,"column":3}},"line":552}},"branchMap":{"0":{"loc":{"start":{"line":23,"column":26},"end":{"line":23,"column":85}},"type":"cond-expr","locations":[{"start":{"line":23,"column":35},"end":{"line":23,"column":41}},{"start":{"line":23,"column":45},"end":{"line":23,"column":84}}],"line":23},"1":{"loc":{"start":{"line":23,"column":45},"end":{"line":23,"column":84}},"type":"cond-expr","locations":[{"start":{"line":23,"column":61},"end":{"line":23,"column":74}},{"start":{"line":23,"column":77},"end":{"line":23,"column":84}}],"line":23},"2":{"loc":{"start":{"line":33,"column":8},"end":{"line":33,"column":22}},"type":"binary-expr","locations":[{"start":{"line":33,"column":8},"end":{"line":33,"column":14}},{"start":{"line":33,"column":18},"end":{"line":33,"column":22}}],"line":33},"3":{"loc":{"start":{"line":34,"column":8},"end":{"line":34,"column":29}},"type":"binary-expr","locations":[{"start":{"line":34,"column":8},"end":{"line":34,"column":21}},{"start":{"line":34,"column":25},"end":{"line":34,"column":29}}],"line":34},"4":{"loc":{"start":{"line":35,"column":8},"end":{"line":35,"column":27}},"type":"binary-expr","locations":[{"start":{"line":35,"column":8},"end":{"line":35,"column":19}},{"start":{"line":35,"column":23},"end":{"line":35,"column":27}}],"line":35},"5":{"loc":{"start":{"line":43,"column":46},"end":{"line":43,"column":84}},"type":"binary-expr","locations":[{"start":{"line":43,"column":46},"end":{"line":43,"column":52}},{"start":{"line":43,"column":56},"end":{"line":43,"column":69}},{"start":{"line":43,"column":73},"end":{"line":43,"column":84}}],"line":43},"6":{"loc":{"start":{"line":73,"column":6},"end":{"line":75,"column":7}},"type":"if","locations":[{"start":{"line":73,"column":6},"end":{"line":75,"column":7}},{"start":{},"end":{}}],"line":73},"7":{"loc":{"start":{"line":122,"column":4},"end":{"line":124,"column":5}},"type":"if","locations":[{"start":{"line":122,"column":4},"end":{"line":124,"column":5}},{"start":{},"end":{}}],"line":122},"8":{"loc":{"start":{"line":166,"column":61},"end":{"line":166,"column":70}},"type":"default-arg","locations":[{"start":{"line":166,"column":69},"end":{"line":166,"column":70}}],"line":166},"9":{"loc":{"start":{"line":166,"column":72},"end":{"line":166,"column":82}},"type":"default-arg","locations":[{"start":{"line":166,"column":81},"end":{"line":166,"column":82}}],"line":166},"10":{"loc":{"start":{"line":169,"column":25},"end":{"line":169,"column":58}},"type":"binary-expr","locations":[{"start":{"line":169,"column":25},"end":{"line":169,"column":31}},{"start":{"line":169,"column":35},"end":{"line":169,"column":48}},{"start":{"line":169,"column":52},"end":{"line":169,"column":58}}],"line":169},"11":{"loc":{"start":{"line":171,"column":4},"end":{"line":211,"column":5}},"type":"if","locations":[{"start":{"line":171,"column":4},"end":{"line":211,"column":5}},{"start":{"line":184,"column":11},"end":{"line":211,"column":5}}],"line":171},"12":{"loc":{"start":{"line":188,"column":6},"end":{"line":210,"column":7}},"type":"if","locations":[{"start":{"line":188,"column":6},"end":{"line":210,"column":7}},{"start":{"line":198,"column":13},"end":{"line":210,"column":7}}],"line":188},"13":{"loc":{"start":{"line":198,"column":13},"end":{"line":210,"column":7}},"type":"if","locations":[{"start":{"line":198,"column":13},"end":{"line":210,"column":7}},{"start":{"line":208,"column":13},"end":{"line":210,"column":7}}],"line":198},"14":{"loc":{"start":{"line":221,"column":4},"end":{"line":255,"column":5}},"type":"if","locations":[{"start":{"line":221,"column":4},"end":{"line":255,"column":5}},{"start":{"line":233,"column":11},"end":{"line":255,"column":5}}],"line":221},"15":{"loc":{"start":{"line":233,"column":11},"end":{"line":255,"column":5}},"type":"if","locations":[{"start":{"line":233,"column":11},"end":{"line":255,"column":5}},{"start":{"line":245,"column":11},"end":{"line":255,"column":5}}],"line":233},"16":{"loc":{"start":{"line":245,"column":11},"end":{"line":255,"column":5}},"type":"if","locations":[{"start":{"line":245,"column":11},"end":{"line":255,"column":5}},{"start":{},"end":{}}],"line":245},"17":{"loc":{"start":{"line":332,"column":4},"end":{"line":334,"column":5}},"type":"if","locations":[{"start":{"line":332,"column":4},"end":{"line":334,"column":5}},{"start":{},"end":{}}],"line":332},"18":{"loc":{"start":{"line":527,"column":11},"end":{"line":527,"column":48}},"type":"cond-expr","locations":[{"start":{"line":527,"column":42},"end":{"line":527,"column":44}},{"start":{"line":527,"column":47},"end":{"line":527,"column":48}}],"line":527}},"s":{"0":2,"1":2,"2":2,"3":3,"4":3,"5":3,"6":3,"7":3,"8":3,"9":3,"10":2,"11":2,"12":2,"13":2,"14":2,"15":1,"16":1,"17":1,"18":3,"19":2,"20":2,"21":2,"22":2,"23":2,"24":2,"25":1,"26":1,"27":1,"28":1,"29":1,"30":1,"31":1,"32":1,"33":1,"34":1,"35":1,"36":2,"37":2,"38":2,"39":2,"40":1,"41":1,"42":2,"43":2,"44":2,"45":2,"46":2,"47":2,"48":5,"49":5,"50":1,"51":1,"52":4,"53":2,"54":2,"55":2,"56":1,"57":1,"58":1,"59":4,"60":4,"61":4,"62":1,"63":1,"64":1,"65":3,"66":1,"67":1,"68":1,"69":2,"70":1,"71":1,"72":1,"73":1,"74":3,"75":3,"76":3,"77":3,"78":3,"79":2,"80":2,"81":2,"82":1,"83":1,"84":1,"85":1,"86":1,"87":1,"88":1,"89":1,"90":1,"91":1,"92":1,"93":1,"94":1,"95":1,"96":1,"97":1,"98":2,"99":2,"100":2,"101":3,"102":3,"103":3,"104":3,"105":3,"106":3,"107":2,"108":2,"109":2,"110":2,"111":1,"112":1,"113":1,"114":3,"115":2,"116":2,"117":2,"118":2,"119":2,"120":2,"121":0,"122":0,"123":1,"124":1,"125":1,"126":1,"127":1,"128":1,"129":1,"130":1,"131":0,"132":0,"133":2},"f":{"0":2,"1":3,"2":2,"3":2,"4":2,"5":2,"6":5,"7":4,"8":3,"9":3,"10":2,"11":1,"12":1,"13":1,"14":1,"15":1,"16":2,"17":3,"18":2,"19":2,"20":1,"21":1,"22":1},"b":{"0":[2,1],"1":[0,1],"2":[3,1],"3":[3,3],"4":[3,2],"5":[2,1,1],"6":[1,1],"7":[1,1],"8":[2],"9":[2],"10":[5,3,2],"11":[1,4],"12":[2,2],"13":[1,1],"14":[1,3],"15":[1,2],"16":[1,1],"17":[1,1],"18":[0,1]},"_coverageSchema":"1a1c01bbd47fc00a2c39e90264f33305004495a9","hash":"58095babe77f090b1535a245d1fee976e159fbba"}
,"/Users/kennethatria/Projects/myGuy/chat-websocket-service/src/services/validationService.js": {"path":"/Users/kennethatria/Projects/myGuy/chat-websocket-service/src/services/validationService.js","statementMap":{"0":{"start":{"line":1,"column":14},"end":{"line":1,"column":30}},"1":{"start":{"line":2,"column":15},"end":{"line":2,"column":41}},"2":{"start":{"line":13,"column":8},"end":{"line":13,"column":79}},"3":{"start":{"line":14,"column":8},"end":{"line":14,"column":91}},"4":{"start":{"line":17,"column":8},"end":{"line":17,"column":31}},"5":{"start":{"line":18,"column":8},"end":{"line":18,"column":30}},"6":{"start":{"line":20,"column":8},"end":{"line":23,"column":11}},"7":{"start":{"line":30,"column":23},"end":{"line":30,"column":42}},"8":{"start":{"line":31,"column":8},"end":{"line":33,"column":9}},"9":{"start":{"line":32,"column":12},"end":{"line":32,"column":32}},"10":{"start":{"line":34,"column":8},"end":{"line":34,"column":31}},"11":{"start":{"line":35,"column":8},"end":{"line":35,"column":20}},"12":{"start":{"line":42,"column":8},"end":{"line":45,"column":11}},"13":{"start":{"line":55,"column":25},"end":{"line":55,"column":41}},"14":{"start":{"line":56,"column":23},"end":{"line":56,"column":48}},"15":{"start":{"line":57,"column":8},"end":{"line":59,"column":9}},"16":{"start":{"line":58,"column":12},"end":{"line":58,"column":26}},"17":{"start":{"line":61,"column":8},"end":{"line":91,"column":9}},"18":{"start":{"line":62,"column":29},"end":{"line":68,"column":13}},"19":{"start":{"line":70,"column":27},"end":{"line":70,"column":50}},"20":{"start":{"line":71,"column":12},"end":{"line":71,"column":45}},"21":{"start":{"line":73,"column":12},"end":{"line":73,"column":64}},"22":{"start":{"line":74,"column":12},"end":{"line":74,"column":26}},"23":{"start":{"line":76,"column":12},"end":{"line":80,"column":13}},"24":{"start":{"line":77,"column":16},"end":{"line":77,"column":48}},"25":{"start":{"line":78,"column":16},"end":{"line":78,"column":59}},"26":{"start":{"line":79,"column":16},"end":{"line":79,"column":29}},"27":{"start":{"line":82,"column":12},"end":{"line":86,"column":15}},"28":{"start":{"line":90,"column":12},"end":{"line":90,"column":24}},"29":{"start":{"line":101,"column":25},"end":{"line":101,"column":41}},"30":{"start":{"line":102,"column":23},"end":{"line":102,"column":48}},"31":{"start":{"line":103,"column":8},"end":{"line":105,"column":9}},"32":{"start":{"line":104,"column":12},"end":{"line":104,"column":26}},"33":{"start":{"line":107,"column":8},"end":{"line":136,"column":9}},"34":{"start":{"line":108,"column":29},"end":{"line":114,"column":13}},"35":{"start":{"line":116,"column":27},"end":{"line":116,"column":50}},"36":{"start":{"line":117,"column":12},"end":{"line":117,"column":45}},"37":{"start":{"line":119,"column":12},"end":{"line":119,"column":64}},"38":{"start":{"line":120,"column":12},"end":{"line":120,"column":26}},"39":{"start":{"line":122,"column":12},"end":{"line":126,"column":13}},"40":{"start":{"line":123,"column":16},"end":{"line":123,"column":48}},"41":{"start":{"line":124,"column":16},"end":{"line":124,"column":59}},"42":{"start":{"line":125,"column":16},"end":{"line":125,"column":29}},"43":{"start":{"line":128,"column":12},"end":{"line":132,"column":15}},"44":{"start":{"line":135,"column":12},"end":{"line":135,"column":24}},"45":{"start":{"line":146,"column":25},"end":{"line":146,"column":55}},"46":{"start":{"line":147,"column":23},"end":{"line":147,"column":48}},"47":{"start":{"line":148,"column":8},"end":{"line":150,"column":9}},"48":{"start":{"line":149,"column":12},"end":{"line":149,"column":26}},"49":{"start":{"line":152,"column":8},"end":{"line":164,"column":9}},"50":{"start":{"line":156,"column":12},"end":{"line":156,"column":80}},"51":{"start":{"line":157,"column":12},"end":{"line":157,"column":24}},"52":{"start":{"line":159,"column":12},"end":{"line":162,"column":15}},"53":{"start":{"line":163,"column":12},"end":{"line":163,"column":24}},"54":{"start":{"line":174,"column":25},"end":{"line":174,"column":41}},"55":{"start":{"line":175,"column":23},"end":{"line":175,"column":48}},"56":{"start":{"line":176,"column":8},"end":{"line":178,"column":9}},"57":{"start":{"line":177,"column":12},"end":{"line":177,"column":26}},"58":{"start":{"line":180,"column":8},"end":{"line":209,"column":9}},"59":{"start":{"line":181,"column":29},"end":{"line":187,"column":13}},"60":{"start":{"line":189,"column":27},"end":{"line":189,"column":50}},"61":{"start":{"line":190,"column":12},"end":{"line":190,"column":45}},"62":{"start":{"line":192,"column":12},"end":{"line":192,"column":70}},"63":{"start":{"line":193,"column":12},"end":{"line":193,"column":26}},"64":{"start":{"line":195,"column":12},"end":{"line":199,"column":13}},"65":{"start":{"line":196,"column":16},"end":{"line":196,"column":48}},"66":{"start":{"line":197,"column":16},"end":{"line":197,"column":65}},"67":{"start":{"line":198,"column":16},"end":{"line":198,"column":29}},"68":{"start":{"line":201,"column":12},"end":{"line":205,"column":15}},"69":{"start":{"line":208,"column":12},"end":{"line":208,"column":24}},"70":{"start":{"line":222,"column":24},"end":{"line":225,"column":9}},"71":{"start":{"line":228,"column":8},"end":{"line":234,"column":9}},"72":{"start":{"line":229,"column":31},"end":{"line":229,"column":77}},"73":{"start":{"line":230,"column":12},"end":{"line":233,"column":13}},"74":{"start":{"line":231,"column":16},"end":{"line":231,"column":38}},"75":{"start":{"line":232,"column":16},"end":{"line":232,"column":72}},"76":{"start":{"line":237,"column":8},"end":{"line":243,"column":9}},"77":{"start":{"line":238,"column":30},"end":{"line":238,"column":90}},"78":{"start":{"line":239,"column":12},"end":{"line":242,"column":13}},"79":{"start":{"line":240,"column":16},"end":{"line":240,"column":38}},"80":{"start":{"line":241,"column":16},"end":{"line":241,"column":86}},"81":{"start":{"line":246,"column":8},"end":{"line":252,"column":9}},"82":{"start":{"line":247,"column":31},"end":{"line":247,"column":87}},"83":{"start":{"line":248,"column":12},"end":{"line":251,"column":13}},"84":{"start":{"line":249,"column":16},"end":{"line":249,"column":38}},"85":{"start":{"line":250,"column":16},"end":{"line":250,"column":83}},"86":{"start":{"line":254,"column":8},"end":{"line":254,"column":23}},"87":{"start":{"line":261,"column":8},"end":{"line":261,"column":27}},"88":{"start":{"line":262,"column":8},"end":{"line":262,"column":48}},"89":{"start":{"line":269,"column":8},"end":{"line":272,"column":10}},"90":{"start":{"line":277,"column":0},"end":{"line":277,"column":41}}},"fnMap":{"0":{"name":"(anonymous_0)","decl":{"start":{"line":12,"column":4},"end":{"line":12,"column":5}},"loc":{"start":{"line":12,"column":18},"end":{"line":24,"column":5}},"line":12},"1":{"name":"(anonymous_1)","decl":{"start":{"line":29,"column":4},"end":{"line":29,"column":5}},"loc":{"start":{"line":29,"column":20},"end":{"line":36,"column":5}},"line":29},"2":{"name":"(anonymous_2)","decl":{"start":{"line":41,"column":4},"end":{"line":41,"column":5}},"loc":{"start":{"line":41,"column":26},"end":{"line":46,"column":5}},"line":41},"3":{"name":"(anonymous_3)","decl":{"start":{"line":54,"column":4},"end":{"line":54,"column":5}},"loc":{"start":{"line":54,"column":38},"end":{"line":92,"column":5}},"line":54},"4":{"name":"(anonymous_4)","decl":{"start":{"line":100,"column":4},"end":{"line":100,"column":5}},"loc":{"start":{"line":100,"column":38},"end":{"line":137,"column":5}},"line":100},"5":{"name":"(anonymous_5)","decl":{"start":{"line":145,"column":4},"end":{"line":145,"column":5}},"loc":{"start":{"line":145,"column":52},"end":{"line":165,"column":5}},"line":145},"6":{"name":"(anonymous_6)","decl":{"start":{"line":173,"column":4},"end":{"line":173,"column":5}},"loc":{"start":{"line":173,"column":43},"end":{"line":210,"column":5}},"line":173},"7":{"name":"(anonymous_7)","decl":{"start":{"line":221,"column":4},"end":{"line":221,"column":5}},"loc":{"start":{"line":221,"column":49},"end":{"line":255,"column":5}},"line":221},"8":{"name":"(anonymous_8)","decl":{"start":{"line":260,"column":4},"end":{"line":260,"column":5}},"loc":{"start":{"line":260,"column":17},"end":{"line":263,"column":5}},"line":260},"9":{"name":"(anonymous_9)","decl":{"start":{"line":268,"column":4},"end":{"line":268,"column":5}},"loc":{"start":{"line":268,"column":20},"end":{"line":273,"column":5}},"line":268}},"branchMap":{"0":{"loc":{"start":{"line":13,"column":26},"end":{"line":13,"column":78}},"type":"binary-expr","locations":[{"start":{"line":13,"column":26},"end":{"line":13,"column":50}},{"start":{"line":13,"column":54},"end":{"line":13,"column":78}}],"line":13},"1":{"loc":{"start":{"line":14,"column":27},"end":{"line":14,"column":90}},"type":"binary-expr","locations":[{"start":{"line":14,"column":27},"end":{"line":14,"column":52}},{"start":{"line":14,"column":56},"end":{"line":14,"column":90}}],"line":14},"2":{"loc":{"start":{"line":31,"column":8},"end":{"line":33,"column":9}},"type":"if","locations":[{"start":{"line":31,"column":8},"end":{"line":33,"column":9}},{"start":{},"end":{}}],"line":31},"3":{"loc":{"start":{"line":31,"column":12},"end":{"line":31,"column":67}},"type":"binary-expr","locations":[{"start":{"line":31,"column":12},"end":{"line":31,"column":18}},{"start":{"line":31,"column":22},"end":{"line":31,"column":67}}],"line":31},"4":{"loc":{"start":{"line":57,"column":8},"end":{"line":59,"column":9}},"type":"if","locations":[{"start":{"line":57,"column":8},"end":{"line":59,"column":9}},{"start":{},"end":{}}],"line":57},"5":{"loc":{"start":{"line":76,"column":12},"end":{"line":80,"column":13}},"type":"if","locations":[{"start":{"line":76,"column":12},"end":{"line":80,"column":13}},{"start":{},"end":{}}],"line":76},"6":{"loc":{"start":{"line":76,"column":16},"end":{"line":76,"column":63}},"type":"binary-expr","locations":[{"start":{"line":76,"column":16},"end":{"line":76,"column":30}},{"start":{"line":76,"column":34},"end":{"line":76,"column":63}}],"line":76},"7":{"loc":{"start":{"line":103,"column":8},"end":{"line":105,"column":9}},"type":"if","locations":[{"start":{"line":103,"column":8},"end":{"line":105,"column":9}},{"start":{},"end":{}}],"line":103},"8":{"loc":{"start":{"line":122,"column":12},"end":{"line":126,"column":13}},"type":"if","locations":[{"start":{"line":122,"column":12},"end":{"line":126,"column":13}},{"start":{},"end":{}}],"line":122},"9":{"loc":{"start":{"line":122,"column":16},"end":{"line":122,"column":63}},"type":"binary-expr","locations":[{"start":{"line":122,"column":16},"end":{"line":122,"column":30}},{"start":{"line":122,"column":34},"end":{"line":122,"column":63}}],"line":122},"10":{"loc":{"start":{"line":148,"column":8},"end":{"line":150,"column":9}},"type":"if","locations":[{"start":{"line":148,"column":8},"end":{"line":150,"column":9}},{"start":{},"end":{}}],"line":148},"11":{"loc":{"start":{"line":176,"column":8},"end":{"line":178,"column":9}},"type":"if","locations":[{"start":{"line":176,"column":8},"end":{"line":178,"column":9}},{"start":{},"end":{}}],"line":176},"12":{"loc":{"start":{"line":195,"column":12},"end":{"line":199,"column":13}},"type":"if","locations":[{"start":{"line":195,"column":12},"end":{"line":199,"column":13}},{"start":{},"end":{}}],"line":195},"13":{"loc":{"start":{"line":195,"column":16},"end":{"line":195,"column":63}},"type":"binary-expr","locations":[{"start":{"line":195,"column":16},"end":{"line":195,"column":30}},{"start":{"line":195,"column":34},"end":{"line":195,"column":63}}],"line":195},"14":{"loc":{"start":{"line":228,"column":8},"end":{"line":234,"column":9}},"type":"if","locations":[{"start":{"line":228,"column":8},"end":{"line":234,"column":9}},{"start":{},"end":{}}],"line":228},"15":{"loc":{"start":{"line":230,"column":12},"end":{"line":233,"column":13}},"type":"if","locations":[{"start":{"line":230,"column":12},"end":{"line":233,"column":13}},{"start":{},"end":{}}],"line":230},"16":{"loc":{"start":{"line":237,"column":8},"end":{"line":243,"column":9}},"type":"if","locations":[{"start":{"line":237,"column":8},"end":{"line":243,"column":9}},{"start":{},"end":{}}],"line":237},"17":{"loc":{"start":{"line":239,"column":12},"end":{"line":242,"column":13}},"type":"if","locations":[{"start":{"line":239,"column":12},"end":{"line":242,"column":13}},{"start":{},"end":{}}],"line":239},"18":{"loc":{"start":{"line":246,"column":8},"end":{"line":252,"column":9}},"type":"if","locations":[{"start":{"line":246,"column":8},"end":{"line":252,"column":9}},{"start":{},"end":{}}],"line":246},"19":{"loc":{"start":{"line":248,"column":12},"end":{"line":251,"column":13}},"type":"if","locations":[{"start":{"line":248,"column":12},"end":{"line":251,"column":13}},{"start":{},"end":{}}],"line":248}},"s":{"0":1,"1":1,"2":1,"3":1,"4":1,"5":1,"6":1,"7":31,"8":31,"9":4,"10":27,"11":27,"12":18,"13":11,"14":11,"15":11,"16":2,"17":9,"18":9,"19":5,"20":5,"21":5,"22":5,"23":4,"24":2,"25":2,"26":2,"27":2,"28":2,"29":9,"30":9,"31":9,"32":1,"33":8,"34":8,"35":3,"36":3,"37":3,"38":3,"39":5,"40":3,"41":3,"42":3,"43":2,"44":2,"45":3,"46":3,"47":3,"48":0,"49":3,"50":3,"51":3,"52":0,"53":0,"54":8,"55":8,"56":8,"57":1,"58":7,"59":7,"60":2,"61":2,"62":2,"63":2,"64":5,"65":3,"66":3,"67":3,"68":2,"69":2,"70":6,"71":6,"72":3,"73":3,"74":2,"75":2,"76":6,"77":1,"78":1,"79":0,"80":0,"81":6,"82":2,"83":2,"84":2,"85":2,"86":6,"87":28,"88":28,"89":2,"90":1},"f":{"0":1,"1":31,"2":18,"3":11,"4":9,"5":3,"6":8,"7":6,"8":28,"9":2},"b":{"0":[1,1],"1":[1,1],"2":[4,27],"3":[31,4],"4":[2,9],"5":[2,2],"6":[4,3],"7":[1,8],"8":[3,2],"9":[5,4],"10":[0,3],"11":[1,7],"12":[3,2],"13":[5,4],"14":[3,3],"15":[2,1],"16":[1,5],"17":[0,1],"18":[2,4],"19":[2,0]},"_coverageSchema":"1a1c01bbd47fc00a2c39e90264f33305004495a9","hash":"1ea0fd8a8961c5aa596fe4d89bb6eff80be71646"}
,"/Users/kennethatria/Projects/myGuy/chat-websocket-service/src/utils/contentFilter.js": {"path":"/Users/kennethatria/Projects/myGuy/chat-websocket-service/src/utils/contentFilter.js","statementMap":{"0":{"start":{"line":1,"column":15},"end":{"line":1,"column":34}},"1":{"start":{"line":4,"column":17},"end":{"line":16,"column":1}},"2":{"start":{"line":23,"column":22},"end":{"line":77,"column":1}},"3":{"start":{"line":24,"column":2},"end":{"line":30,"column":3}},"4":{"start":{"line":25,"column":4},"end":{"line":29,"column":6}},"5":{"start":{"line":32,"column":18},"end":{"line":32,"column":20}},"6":{"start":{"line":33,"column":17},"end":{"line":33,"column":24}},"7":{"start":{"line":36,"column":21},"end":{"line":36,"column":50}},"8":{"start":{"line":37,"column":2},"end":{"line":40,"column":3}},"9":{"start":{"line":38,"column":4},"end":{"line":38,"column":78}},"10":{"start":{"line":38,"column":45},"end":{"line":38,"column":74}},"11":{"start":{"line":39,"column":4},"end":{"line":39,"column":65}},"12":{"start":{"line":43,"column":23},"end":{"line":43,"column":54}},"13":{"start":{"line":44,"column":2},"end":{"line":47,"column":3}},"14":{"start":{"line":45,"column":4},"end":{"line":45,"column":82}},"15":{"start":{"line":45,"column":47},"end":{"line":45,"column":78}},"16":{"start":{"line":46,"column":4},"end":{"line":46,"column":68}},"17":{"start":{"line":50,"column":23},"end":{"line":50,"column":54}},"18":{"start":{"line":51,"column":2},"end":{"line":64,"column":3}},"19":{"start":{"line":53,"column":25},"end":{"line":56,"column":6}},"20":{"start":{"line":54,"column":21},"end":{"line":54,"column":45}},"21":{"start":{"line":55,"column":6},"end":{"line":55,"column":56}},"22":{"start":{"line":58,"column":4},"end":{"line":63,"column":5}},"23":{"start":{"line":59,"column":6},"end":{"line":59,"column":84}},"24":{"start":{"line":59,"column":49},"end":{"line":59,"column":80}},"25":{"start":{"line":60,"column":6},"end":{"line":62,"column":9}},"26":{"start":{"line":61,"column":8},"end":{"line":61,"column":62}},"27":{"start":{"line":66,"column":2},"end":{"line":70,"column":5}},"28":{"start":{"line":72,"column":2},"end":{"line":76,"column":4}},"29":{"start":{"line":84,"column":32},"end":{"line":90,"column":1}},"30":{"start":{"line":85,"column":2},"end":{"line":85,"column":60}},"31":{"start":{"line":85,"column":47},"end":{"line":85,"column":60}},"32":{"start":{"line":87,"column":2},"end":{"line":89,"column":39}},"33":{"start":{"line":92,"column":0},"end":{"line":96,"column":2}}},"fnMap":{"0":{"name":"(anonymous_0)","decl":{"start":{"line":23,"column":22},"end":{"line":23,"column":23}},"loc":{"start":{"line":23,"column":35},"end":{"line":77,"column":1}},"line":23},"1":{"name":"(anonymous_1)","decl":{"start":{"line":38,"column":35},"end":{"line":38,"column":36}},"loc":{"start":{"line":38,"column":45},"end":{"line":38,"column":74}},"line":38},"2":{"name":"(anonymous_2)","decl":{"start":{"line":45,"column":37},"end":{"line":45,"column":38}},"loc":{"start":{"line":45,"column":47},"end":{"line":45,"column":78}},"line":45},"3":{"name":"(anonymous_3)","decl":{"start":{"line":53,"column":45},"end":{"line":53,"column":46}},"loc":{"start":{"line":53,"column":54},"end":{"line":56,"column":5}},"line":53},"4":{"name":"(anonymous_4)","decl":{"start":{"line":59,"column":39},"end":{"line":59,"column":40}},"loc":{"start":{"line":59,"column":49},"end":{"line":59,"column":80}},"line":59},"5":{"name":"(anonymous_5)","decl":{"start":{"line":60,"column":27},"end":{"line":60,"column":28}},"loc":{"start":{"line":60,"column":36},"end":{"line":62,"column":7}},"line":60},"6":{"name":"(anonymous_6)","decl":{"start":{"line":84,"column":32},"end":{"line":84,"column":33}},"loc":{"start":{"line":84,"column":45},"end":{"line":90,"column":1}},"line":84}},"branchMap":{"0":{"loc":{"start":{"line":24,"column":2},"end":{"line":30,"column":3}},"type":"if","locations":[{"start":{"line":24,"column":2},"end":{"line":30,"column":3}},{"start":{},"end":{}}],"line":24},"1":{"loc":{"start":{"line":24,"column":6},"end":{"line":24,"column":45}},"type":"binary-expr","locations":[{"start":{"line":24,"column":6},"end":{"line":24,"column":14}},{"start":{"line":24,"column":18},"end":{"line":24,"column":45}}],"line":24},"2":{"loc":{"start":{"line":37,"column":2},"end":{"line":40,"column":3}},"type":"if","locations":[{"start":{"line":37,"column":2},"end":{"line":40,"column":3}},{"start":{},"end":{}}],"line":37},"3":{"loc":{"start":{"line":44,"column":2},"end":{"line":47,"column":3}},"type":"if","locations":[{"start":{"line":44,"column":2},"end":{"line":47,"column":3}},{"start":{},"end":{}}],"line":44},"4":{"loc":{"start":{"line":51,"column":2},"end":{"line":64,"column":3}},"type":"if","locations":[{"start":{"line":51,"column":2},"end":{"line":64,"column":3}},{"start":{},"end":{}}],"line":51},"5":{"loc":{"start":{"line":55,"column":13},"end":{"line":55,"column":55}},"type":"binary-expr","locations":[{"start":{"line":55,"column":13},"end":{"line":55,"column":32}},{"start":{"line":55,"column":36},"end":{"line":55,"column":55}}],"line":55},"6":{"loc":{"start":{"line":58,"column":4},"end":{"line":63,"column":5}},"type":"if","locations":[{"start":{"line":58,"column":4},"end":{"line":63,"column":5}},{"start":{},"end":{}}],"line":58},"7":{"loc":{"start":{"line":85,"column":2},"end":{"line":85,"column":60}},"type":"if","locations":[{"start":{"line":85,"column":2},"end":{"line":85,"column":60}},{"start":{},"end":{}}],"line":85},"8":{"loc":{"start":{"line":85,"column":6},"end":{"line":85,"column":45}},"type":"binary-expr","locations":[{"start":{"line":85,"column":6},"end":{"line":85,"column":14}},{"start":{"line":85,"column":18},"end":{"line":85,"column":45}}],"line":85},"9":{"loc":{"start":{"line":87,"column":9},"end":{"line":89,"column":38}},"type":"binary-expr","locations":[{"start":{"line":87,"column":9},"end":{"line":87,"column":36}},{"start":{"line":88,"column":9},"end":{"line":88,"column":38}},{"start":{"line":89,"column":9},"end":{"line":89,"column":38}}],"line":87}},"s":{"0":3,"1":3,"2":3,"3":23,"4":4,"5":19,"6":19,"7":19,"8":19,"9":5,"10":5,"11":5,"12":19,"13":19,"14":4,"15":4,"16":4,"17":19,"18":19,"19":3,"20":3,"21":3,"22":3,"23":3,"24":3,"25":3,"26":3,"27":19,"28":19,"29":3,"30":7,"31":3,"32":4,"33":3},"f":{"0":23,"1":5,"2":4,"3":3,"4":3,"5":3,"6":7},"b":{"0":[4,19],"1":[23,20],"2":[5,14],"3":[4,15],"4":[3,16],"5":[3,3],"6":[3,0],"7":[3,4],"8":[7,5],"9":[4,2,1]},"_coverageSchema":"1a1c01bbd47fc00a2c39e90264f33305004495a9","hash":"7f29abdae0291d4ef456a0446c18e6ef4bd9fae9"}
}
