TN:
SF:src/api/bookingNotifications.js
FN:11,(anonymous_0)
FN:53,(anonymous_1)
FNF:2
FNH:2
FNDA:6,(anonymous_0)
FNDA:13,(anonymous_1)
DA:1,1
DA:2,1
DA:3,1
DA:4,1
DA:5,1
DA:11,1
DA:12,6
DA:13,6
DA:16,6
DA:17,6
DA:18,2
DA:19,2
DA:23,4
DA:24,1
DA:28,3
DA:30,3
DA:41,2
DA:42,2
DA:44,1
DA:45,1
DA:53,1
DA:54,13
DA:55,13
DA:56,13
DA:59,13
DA:60,1
DA:63,12
DA:64,1
DA:68,11
DA:69,3
DA:73,8
DA:75,8
DA:76,2
DA:77,6
DA:78,1
DA:79,5
DA:80,1
DA:81,4
DA:82,1
DA:83,3
DA:84,2
DA:85,1
DA:86,1
DA:89,8
DA:92,8
DA:96,8
DA:108,8
DA:109,1
DA:110,1
DA:111,1
DA:114,7
DA:117,7
DA:122,7
DA:124,3
DA:132,3
DA:133,2
DA:136,2
DA:142,2
DA:143,1
DA:145,2
DA:146,0
DA:148,2
DA:149,1
DA:151,2
DA:152,1
DA:156,2
DA:162,2
DA:163,2
DA:166,2
DA:167,1
DA:170,2
DA:175,4
DA:184,7
DA:186,1
DA:187,1
DA:191,1
LF:76
LH:75
BRDA:17,0,0,2
BRDA:17,0,1,4
BRDA:17,1,0,6
BRDA:17,1,1,5
BRDA:23,2,0,1
BRDA:23,2,1,3
BRDA:23,3,0,4
BRDA:23,3,1,4
BRDA:23,3,2,3
BRDA:23,3,3,3
BRDA:33,4,0,3
BRDA:33,4,1,2
BRDA:34,5,0,3
BRDA:34,5,1,3
BRDA:37,6,0,3
BRDA:37,6,1,3
BRDA:37,7,0,3
BRDA:37,7,1,2
BRDA:59,8,0,1
BRDA:59,8,1,12
BRDA:63,9,0,1
BRDA:63,9,1,11
BRDA:68,10,0,3
BRDA:68,10,1,8
BRDA:68,11,0,11
BRDA:68,11,1,7
BRDA:68,11,2,6
BRDA:68,11,3,4
BRDA:68,11,4,4
BRDA:73,12,0,8
BRDA:73,12,1,8
BRDA:75,13,0,2
BRDA:75,13,1,6
BRDA:77,14,0,1
BRDA:77,14,1,5
BRDA:79,15,0,1
BRDA:79,15,1,4
BRDA:81,16,0,1
BRDA:81,16,1,3
BRDA:83,17,0,2
BRDA:83,17,1,1
BRDA:85,18,0,1
BRDA:85,18,1,0
BRDA:92,19,0,3
BRDA:92,19,1,5
BRDA:92,20,0,8
BRDA:92,20,1,6
BRDA:93,21,0,3
BRDA:93,21,1,2
BRDA:104,22,0,8
BRDA:104,22,1,3
BRDA:108,23,0,1
BRDA:108,23,1,7
BRDA:122,24,0,3
BRDA:122,24,1,4
BRDA:122,25,0,7
BRDA:122,25,1,5
BRDA:132,26,0,2
BRDA:132,26,1,1
BRDA:142,27,0,1
BRDA:142,27,1,1
BRDA:142,28,0,2
BRDA:142,28,1,1
BRDA:145,29,0,0
BRDA:145,29,1,2
BRDA:145,30,0,2
BRDA:145,30,1,0
BRDA:148,31,0,1
BRDA:148,31,1,1
BRDA:148,32,0,2
BRDA:148,32,1,1
BRDA:151,33,0,1
BRDA:151,33,1,1
BRDA:151,34,0,2
BRDA:151,34,1,1
BRDA:166,35,0,1
BRDA:166,35,1,1
BRDA:166,36,0,2
BRDA:166,36,1,1
BRF:79
BRH:76
end_of_record
TN:
SF:src/middleware/auth.js
FN:11,(anonymous_0)
FN:26,(anonymous_1)
FN:59,(anonymous_2)
FNF:3
FNH:3
FNDA:24,(anonymous_0)
FNDA:5,(anonymous_1)
FNDA:19,(anonymous_2)
DA:1,2
DA:2,2
DA:4,2
DA:11,2
DA:12,24
DA:13,24
DA:14,18
DA:16,6
DA:17,6
DA:26,2
DA:27,5
DA:28,5
DA:30,5
DA:31,1
DA:34,4
DA:35,4
DA:36,1
DA:40,3
DA:41,3
DA:42,3
DA:44,3
DA:46,3
DA:48,0
DA:49,0
DA:59,2
DA:60,19
DA:61,19
DA:63,19
DA:64,3
DA:67,16
DA:68,16
DA:70,16
DA:71,2
DA:74,14
DA:80,14
DA:82,0
DA:83,0
DA:87,2
LF:38
LH:34
BRDA:4,0,0,2
BRDA:4,0,1,2
BRDA:28,1,0,5
BRDA:28,1,1,3
BRDA:30,2,0,1
BRDA:30,2,1,4
BRDA:35,3,0,1
BRDA:35,3,1,3
BRDA:63,4,0,3
BRDA:63,4,1,16
BRDA:63,5,0,19
BRDA:63,5,1,17
BRDA:70,6,0,2
BRDA:70,6,1,14
BRF:14
BRH:14
end_of_record
TN:
SF:src/services/bookingMessageService.js
FN:6,createBookingRequestMessage
FN:63,updateBookingMessageStatus
FNF:2
FNH:2
FNDA:5,createBookingRequestMessage
FNDA:11,updateBookingMessageStatus
DA:1,1
DA:16,5
DA:18,5
DA:45,4
DA:48,4
DA:49,1
DA:50,1
DA:53,4
DA:55,1
DA:56,1
DA:64,11
DA:66,11
DA:74,10
DA:75,1
DA:78,9
DA:81,9
DA:87,9
DA:88,2
DA:89,1
DA:91,2
DA:92,1
DA:94,2
DA:95,1
DA:97,2
DA:98,1
DA:102,9
DA:111,9
DA:124,9
DA:125,1
DA:126,1
DA:132,8
DA:133,4
DA:134,4
DA:135,4
DA:136,1
DA:137,1
DA:138,3
DA:139,1
DA:140,1
DA:141,2
DA:142,1
DA:143,1
DA:145,1
DA:146,1
DA:149,8
DA:174,8
DA:175,8
DA:179,9
DA:180,1
DA:181,1
DA:184,1
DA:188,1
DA:193,1
DA:196,9
DA:198,2
DA:199,2
DA:203,1
LF:57
LH:57
BRDA:34,0,0,5
BRDA:34,0,1,4
BRDA:48,1,0,1
BRDA:48,1,1,3
BRDA:63,2,0,9
BRDA:74,3,0,1
BRDA:74,3,1,9
BRDA:87,4,0,2
BRDA:87,4,1,7
BRDA:88,5,0,1
BRDA:88,5,1,1
BRDA:88,6,0,2
BRDA:88,6,1,2
BRDA:91,7,0,1
BRDA:91,7,1,1
BRDA:91,8,0,2
BRDA:91,8,1,1
BRDA:94,9,0,1
BRDA:94,9,1,1
BRDA:94,10,0,2
BRDA:94,10,1,2
BRDA:97,11,0,1
BRDA:97,11,1,1
BRDA:97,12,0,2
BRDA:97,12,1,1
BRDA:124,13,0,1
BRDA:124,13,1,8
BRDA:132,14,0,4
BRDA:132,14,1,4
BRDA:135,15,0,1
BRDA:135,15,1,3
BRDA:138,16,0,1
BRDA:138,16,1,2
BRDA:141,17,0,1
BRDA:141,17,1,1
BRDA:179,18,0,1
BRDA:179,18,1,8
BRF:37
BRH:37
end_of_record
TN:
SF:src/services/messageService.js
FN:6,(anonymous_0)
FN:13,(anonymous_1)
FN:63,(anonymous_2)
FN:110,(anonymous_3)
FN:132,(anonymous_4)
FN:148,(anonymous_5)
FN:166,(anonymous_6)
FN:220,(anonymous_7)
FN:262,(anonymous_8)
FN:312,(anonymous_9)
FN:328,(anonymous_10)
FN:342,(anonymous_11)
FN:369,(anonymous_12)
FN:382,(anonymous_13)
FN:402,(anonymous_14)
FN:415,(anonymous_15)
FN:435,(anonymous_16)
FN:451,(anonymous_17)
FN:492,(anonymous_18)
FN:507,(anonymous_19)
FN:523,(anonymous_20)
FN:537,(anonymous_21)
FN:552,(anonymous_22)
FNF:23
FNH:23
FNDA:2,(anonymous_0)
FNDA:3,(anonymous_1)
FNDA:2,(anonymous_2)
FNDA:2,(anonymous_3)
FNDA:2,(anonymous_4)
FNDA:2,(anonymous_5)
FNDA:5,(anonymous_6)
FNDA:4,(anonymous_7)
FNDA:3,(anonymous_8)
FNDA:3,(anonymous_9)
FNDA:2,(anonymous_10)
FNDA:1,(anonymous_11)
FNDA:1,(anonymous_12)
FNDA:1,(anonymous_13)
FNDA:1,(anonymous_14)
FNDA:1,(anonymous_15)
FNDA:2,(anonymous_16)
FNDA:3,(anonymous_17)
FNDA:2,(anonymous_18)
FNDA:2,(anonymous_19)
FNDA:1,(anonymous_20)
FNDA:1,(anonymous_21)
FNDA:1,(anonymous_22)
DA:1,2
DA:2,2
DA:3,2
DA:14,3
DA:16,3
DA:17,3
DA:20,3
DA:23,3
DA:26,3
DA:32,3
DA:43,2
DA:45,2
DA:47,2
DA:48,2
DA:50,2
DA:52,1
DA:53,1
DA:54,1
DA:56,3
DA:64,2
DA:66,2
DA:67,2
DA:70,2
DA:71,2
DA:73,2
DA:74,1
DA:78,1
DA:81,1
DA:90,1
DA:92,1
DA:94,1
DA:95,1
DA:97,1
DA:99,1
DA:100,1
DA:101,1
DA:103,2
DA:111,2
DA:120,2
DA:122,2
DA:123,1
DA:126,1
DA:133,2
DA:141,2
DA:142,2
DA:149,2
DA:159,2
DA:160,2
DA:169,5
DA:171,5
DA:175,1
DA:183,1
DA:188,4
DA:189,2
DA:197,2
DA:198,2
DA:199,1
DA:207,1
DA:209,1
DA:213,4
DA:214,4
DA:221,4
DA:225,1
DA:231,1
DA:232,1
DA:233,3
DA:237,1
DA:243,1
DA:244,1
DA:245,2
DA:247,1
DA:253,1
DA:254,1
DA:256,1
DA:265,3
DA:305,3
DA:306,3
DA:313,3
DA:322,3
DA:329,2
DA:330,2
DA:332,2
DA:333,1
DA:336,1
DA:346,1
DA:362,1
DA:363,1
DA:370,1
DA:376,1
DA:385,1
DA:395,1
DA:396,1
DA:403,1
DA:409,1
DA:416,1
DA:422,1
DA:423,1
DA:424,1
DA:436,2
DA:444,2
DA:445,2
DA:452,3
DA:454,3
DA:455,3
DA:458,3
DA:461,3
DA:467,3
DA:474,2
DA:476,2
DA:477,2
DA:479,2
DA:481,1
DA:482,1
DA:483,1
DA:485,3
DA:493,2
DA:499,2
DA:500,2
DA:508,2
DA:512,2
DA:513,2
DA:515,0
DA:516,0
DA:524,1
DA:527,1
DA:538,1
DA:544,1
DA:545,1
DA:553,1
DA:557,1
DA:558,1
DA:560,0
DA:561,0
DA:566,2
LF:134
LH:130
BRDA:23,0,0,2
BRDA:23,0,1,1
BRDA:23,1,0,0
BRDA:23,1,1,1
BRDA:33,2,0,3
BRDA:33,2,1,1
BRDA:34,3,0,3
BRDA:34,3,1,3
BRDA:35,4,0,3
BRDA:35,4,1,2
BRDA:43,5,0,2
BRDA:43,5,1,1
BRDA:43,5,2,1
BRDA:73,6,0,1
BRDA:73,6,1,1
BRDA:122,7,0,1
BRDA:122,7,1,1
BRDA:166,8,0,2
BRDA:166,9,0,2
BRDA:169,10,0,5
BRDA:169,10,1,3
BRDA:169,10,2,2
BRDA:171,11,0,1
BRDA:171,11,1,4
BRDA:188,12,0,2
BRDA:188,12,1,2
BRDA:198,13,0,1
BRDA:198,13,1,1
BRDA:221,14,0,1
BRDA:221,14,1,3
BRDA:233,15,0,1
BRDA:233,15,1,2
BRDA:245,16,0,1
BRDA:245,16,1,1
BRDA:332,17,0,1
BRDA:332,17,1,1
BRDA:527,18,0,0
BRDA:527,18,1,1
BRF:38
BRH:36
end_of_record
TN:
SF:src/services/validationService.js
FN:12,(anonymous_0)
FN:29,(anonymous_1)
FN:41,(anonymous_2)
FN:54,(anonymous_3)
FN:100,(anonymous_4)
FN:145,(anonymous_5)
FN:173,(anonymous_6)
FN:221,(anonymous_7)
FN:260,(anonymous_8)
FN:268,(anonymous_9)
FNF:10
FNH:10
FNDA:1,(anonymous_0)
FNDA:31,(anonymous_1)
FNDA:18,(anonymous_2)
FNDA:11,(anonymous_3)
FNDA:9,(anonymous_4)
FNDA:3,(anonymous_5)
FNDA:8,(anonymous_6)
FNDA:6,(anonymous_7)
FNDA:28,(anonymous_8)
FNDA:2,(anonymous_9)
DA:1,1
DA:2,1
DA:13,1
DA:14,1
DA:17,1
DA:18,1
DA:20,1
DA:30,31
DA:31,31
DA:32,4
DA:34,27
DA:35,27
DA:42,18
DA:55,11
DA:56,11
DA:57,11
DA:58,2
DA:61,9
DA:62,9
DA:70,5
DA:71,5
DA:73,5
DA:74,5
DA:76,4
DA:77,2
DA:78,2
DA:79,2
DA:82,2
DA:90,2
DA:101,9
DA:102,9
DA:103,9
DA:104,1
DA:107,8
DA:108,8
DA:116,3
DA:117,3
DA:119,3
DA:120,3
DA:122,5
DA:123,3
DA:124,3
DA:125,3
DA:128,2
DA:135,2
DA:146,3
DA:147,3
DA:148,3
DA:149,0
DA:152,3
DA:156,3
DA:157,3
DA:159,0
DA:163,0
DA:174,8
DA:175,8
DA:176,8
DA:177,1
DA:180,7
DA:181,7
DA:189,2
DA:190,2
DA:192,2
DA:193,2
DA:195,5
DA:196,3
DA:197,3
DA:198,3
DA:201,2
DA:208,2
DA:222,6
DA:228,6
DA:229,3
DA:230,3
DA:231,2
DA:232,2
DA:237,6
DA:238,1
DA:239,1
DA:240,0
DA:241,0
DA:246,6
DA:247,2
DA:248,2
DA:249,2
DA:250,2
DA:254,6
DA:261,28
DA:262,28
DA:269,2
DA:277,1
LF:91
LH:86
BRDA:13,0,0,1
BRDA:13,0,1,1
BRDA:14,1,0,1
BRDA:14,1,1,1
BRDA:31,2,0,4
BRDA:31,2,1,27
BRDA:31,3,0,31
BRDA:31,3,1,4
BRDA:57,4,0,2
BRDA:57,4,1,9
BRDA:76,5,0,2
BRDA:76,5,1,2
BRDA:76,6,0,4
BRDA:76,6,1,3
BRDA:103,7,0,1
BRDA:103,7,1,8
BRDA:122,8,0,3
BRDA:122,8,1,2
BRDA:122,9,0,5
BRDA:122,9,1,4
BRDA:148,10,0,0
BRDA:148,10,1,3
BRDA:176,11,0,1
BRDA:176,11,1,7
BRDA:195,12,0,3
BRDA:195,12,1,2
BRDA:195,13,0,5
BRDA:195,13,1,4
BRDA:228,14,0,3
BRDA:228,14,1,3
BRDA:230,15,0,2
BRDA:230,15,1,1
BRDA:237,16,0,1
BRDA:237,16,1,5
BRDA:239,17,0,0
BRDA:239,17,1,1
BRDA:246,18,0,2
BRDA:246,18,1,4
BRDA:248,19,0,2
BRDA:248,19,1,0
BRF:40
BRH:37
end_of_record
TN:
SF:src/utils/contentFilter.js
FN:23,(anonymous_0)
FN:38,(anonymous_1)
FN:45,(anonymous_2)
FN:53,(anonymous_3)
FN:59,(anonymous_4)
FN:60,(anonymous_5)
FN:84,(anonymous_6)
FNF:7
FNH:7
FNDA:23,(anonymous_0)
FNDA:5,(anonymous_1)
FNDA:4,(anonymous_2)
FNDA:3,(anonymous_3)
FNDA:3,(anonymous_4)
FNDA:3,(anonymous_5)
FNDA:7,(anonymous_6)
DA:1,3
DA:4,3
DA:23,3
DA:24,23
DA:25,4
DA:32,19
DA:33,19
DA:36,19
DA:37,19
DA:38,5
DA:39,5
DA:43,19
DA:44,19
DA:45,4
DA:46,4
DA:50,19
DA:51,19
DA:53,3
DA:54,3
DA:55,3
DA:58,3
DA:59,3
DA:60,3
DA:61,3
DA:66,19
DA:72,19
DA:84,3
DA:85,7
DA:87,4
DA:92,3
LF:30
LH:30
BRDA:24,0,0,4
BRDA:24,0,1,19
BRDA:24,1,0,23
BRDA:24,1,1,20
BRDA:37,2,0,5
BRDA:37,2,1,14
BRDA:44,3,0,4
BRDA:44,3,1,15
BRDA:51,4,0,3
BRDA:51,4,1,16
BRDA:55,5,0,3
BRDA:55,5,1,3
BRDA:58,6,0,3
BRDA:58,6,1,0
BRDA:85,7,0,3
BRDA:85,7,1,4
BRDA:85,8,0,7
BRDA:85,8,1,5
BRDA:87,9,0,4
BRDA:87,9,1,2
BRDA:87,9,2,1
BRF:21
BRH:20
end_of_record
