mode: atomic
store-service/internal/api/handlers/store_handlers.go:24.76,26.2 1 86
store-service/internal/api/handlers/store_handlers.go:29.51,37.55 4 4
store-service/internal/api/handlers/store_handlers.go:37.55,39.48 1 3
store-service/internal/api/handlers/store_handlers.go:39.48,42.4 2 1
store-service/internal/api/handlers/store_handlers.go:43.8,51.18 6 1
store-service/internal/api/handlers/store_handlers.go:51.18,54.4 2 0
store-service/internal/api/handlers/store_handlers.go:56.3,63.16 2 1
store-service/internal/api/handlers/store_handlers.go:63.16,65.90 2 0
store-service/internal/api/handlers/store_handlers.go:65.90,67.5 1 0
store-service/internal/api/handlers/store_handlers.go:69.4,69.96 1 0
store-service/internal/api/handlers/store_handlers.go:69.96,71.5 1 0
store-service/internal/api/handlers/store_handlers.go:71.10,71.99 1 0
store-service/internal/api/handlers/store_handlers.go:71.99,73.5 1 0
store-service/internal/api/handlers/store_handlers.go:74.9,77.83 2 1
store-service/internal/api/handlers/store_handlers.go:77.83,79.5 1 0
store-service/internal/api/handlers/store_handlers.go:79.10,79.84 1 1
store-service/internal/api/handlers/store_handlers.go:79.84,81.5 1 1
store-service/internal/api/handlers/store_handlers.go:86.2,90.16 4 3
store-service/internal/api/handlers/store_handlers.go:90.16,92.3 1 2
store-service/internal/api/handlers/store_handlers.go:92.8,92.24 1 1
store-service/internal/api/handlers/store_handlers.go:92.24,94.3 1 0
store-service/internal/api/handlers/store_handlers.go:94.8,94.39 1 1
store-service/internal/api/handlers/store_handlers.go:94.39,96.3 1 1
store-service/internal/api/handlers/store_handlers.go:96.8,98.3 1 0
store-service/internal/api/handlers/store_handlers.go:100.2,100.61 1 3
store-service/internal/api/handlers/store_handlers.go:100.61,106.52 4 0
store-service/internal/api/handlers/store_handlers.go:106.52,109.4 2 0
store-service/internal/api/handlers/store_handlers.go:111.3,111.50 1 0
store-service/internal/api/handlers/store_handlers.go:111.50,112.14 1 0
store-service/internal/api/handlers/store_handlers.go:112.14,113.10 1 0
store-service/internal/api/handlers/store_handlers.go:117.4,117.37 1 0
store-service/internal/api/handlers/store_handlers.go:117.37,118.13 1 0
store-service/internal/api/handlers/store_handlers.go:122.4,123.73 2 0
store-service/internal/api/handlers/store_handlers.go:123.73,124.13 1 0
store-service/internal/api/handlers/store_handlers.go:128.4,129.18 2 0
store-service/internal/api/handlers/store_handlers.go:129.18,130.13 1 0
store-service/internal/api/handlers/store_handlers.go:132.4,141.18 6 0
store-service/internal/api/handlers/store_handlers.go:141.18,142.13 1 0
store-service/internal/api/handlers/store_handlers.go:144.4,147.48 2 0
store-service/internal/api/handlers/store_handlers.go:147.48,148.13 1 0
store-service/internal/api/handlers/store_handlers.go:152.4,154.92 3 0
store-service/internal/api/handlers/store_handlers.go:157.3,158.84 2 0
store-service/internal/api/handlers/store_handlers.go:159.8,161.3 1 3
store-service/internal/api/handlers/store_handlers.go:163.2,165.16 3 3
store-service/internal/api/handlers/store_handlers.go:165.16,168.3 2 1
store-service/internal/api/handlers/store_handlers.go:170.2,170.34 1 2
store-service/internal/api/handlers/store_handlers.go:174.48,176.16 2 3
store-service/internal/api/handlers/store_handlers.go:176.16,179.3 2 1
store-service/internal/api/handlers/store_handlers.go:181.2,182.16 2 2
store-service/internal/api/handlers/store_handlers.go:182.16,185.3 2 1
store-service/internal/api/handlers/store_handlers.go:187.2,187.29 1 1
store-service/internal/api/handlers/store_handlers.go:191.49,204.54 2 3
store-service/internal/api/handlers/store_handlers.go:204.54,205.65 1 1
store-service/internal/api/handlers/store_handlers.go:205.65,207.4 1 1
store-service/internal/api/handlers/store_handlers.go:210.2,210.54 1 3
store-service/internal/api/handlers/store_handlers.go:210.54,211.65 1 1
store-service/internal/api/handlers/store_handlers.go:211.65,213.4 1 1
store-service/internal/api/handlers/store_handlers.go:216.2,216.54 1 3
store-service/internal/api/handlers/store_handlers.go:216.54,217.65 1 0
store-service/internal/api/handlers/store_handlers.go:217.65,219.4 1 0
store-service/internal/api/handlers/store_handlers.go:222.2,222.41 1 3
store-service/internal/api/handlers/store_handlers.go:222.41,223.56 1 0
store-service/internal/api/handlers/store_handlers.go:223.56,225.4 1 0
store-service/internal/api/handlers/store_handlers.go:228.2,228.51 1 3
store-service/internal/api/handlers/store_handlers.go:228.51,229.61 1 0
store-service/internal/api/handlers/store_handlers.go:229.61,231.4 1 0
store-service/internal/api/handlers/store_handlers.go:234.2,235.16 2 3
store-service/internal/api/handlers/store_handlers.go:235.16,238.3 2 1
store-service/internal/api/handlers/store_handlers.go:240.2,245.4 1 2
store-service/internal/api/handlers/store_handlers.go:249.51,253.16 3 3
store-service/internal/api/handlers/store_handlers.go:253.16,256.3 2 1
store-service/internal/api/handlers/store_handlers.go:258.2,259.47 2 2
store-service/internal/api/handlers/store_handlers.go:259.47,262.3 2 0
store-service/internal/api/handlers/store_handlers.go:264.2,265.16 2 2
store-service/internal/api/handlers/store_handlers.go:265.16,268.3 2 1
store-service/internal/api/handlers/store_handlers.go:270.2,270.29 1 1
store-service/internal/api/handlers/store_handlers.go:274.51,278.16 3 3
store-service/internal/api/handlers/store_handlers.go:278.16,281.3 2 1
store-service/internal/api/handlers/store_handlers.go:283.2,284.16 2 2
store-service/internal/api/handlers/store_handlers.go:284.16,287.3 2 1
store-service/internal/api/handlers/store_handlers.go:289.2,289.70 1 1
store-service/internal/api/handlers/store_handlers.go:293.49,297.16 3 2
store-service/internal/api/handlers/store_handlers.go:297.16,300.3 2 0
store-service/internal/api/handlers/store_handlers.go:302.2,303.47 2 2
store-service/internal/api/handlers/store_handlers.go:303.47,306.3 2 0
store-service/internal/api/handlers/store_handlers.go:308.2,309.16 2 2
store-service/internal/api/handlers/store_handlers.go:309.16,312.3 2 1
store-service/internal/api/handlers/store_handlers.go:314.2,314.33 1 1
store-service/internal/api/handlers/store_handlers.go:318.52,320.16 2 2
store-service/internal/api/handlers/store_handlers.go:320.16,323.3 2 0
store-service/internal/api/handlers/store_handlers.go:325.2,326.16 2 2
store-service/internal/api/handlers/store_handlers.go:326.16,329.3 2 1
store-service/internal/api/handlers/store_handlers.go:331.2,331.29 1 1
store-service/internal/api/handlers/store_handlers.go:335.50,339.16 3 4
store-service/internal/api/handlers/store_handlers.go:339.16,342.3 2 1
store-service/internal/api/handlers/store_handlers.go:344.2,345.16 2 3
store-service/internal/api/handlers/store_handlers.go:345.16,348.3 2 1
store-service/internal/api/handlers/store_handlers.go:350.2,351.16 2 2
store-service/internal/api/handlers/store_handlers.go:351.16,354.3 2 1
store-service/internal/api/handlers/store_handlers.go:356.2,356.70 1 1
store-service/internal/api/handlers/store_handlers.go:360.53,364.16 3 2
store-service/internal/api/handlers/store_handlers.go:364.16,367.3 2 0
store-service/internal/api/handlers/store_handlers.go:369.2,370.16 2 2
store-service/internal/api/handlers/store_handlers.go:370.16,373.3 2 1
store-service/internal/api/handlers/store_handlers.go:375.2,375.72 1 1
store-service/internal/api/handlers/store_handlers.go:379.56,383.16 3 2
store-service/internal/api/handlers/store_handlers.go:383.16,386.3 2 1
store-service/internal/api/handlers/store_handlers.go:388.2,388.30 1 1
store-service/internal/api/handlers/store_handlers.go:392.57,396.16 3 2
store-service/internal/api/handlers/store_handlers.go:396.16,399.3 2 1
store-service/internal/api/handlers/store_handlers.go:401.2,401.30 1 1
store-service/internal/api/handlers/store_handlers.go:405.52,409.16 3 2
store-service/internal/api/handlers/store_handlers.go:409.16,412.3 2 1
store-service/internal/api/handlers/store_handlers.go:414.2,414.29 1 1
store-service/internal/api/handlers/store_handlers.go:420.61,425.16 4 8
store-service/internal/api/handlers/store_handlers.go:425.16,428.3 2 1
store-service/internal/api/handlers/store_handlers.go:430.2,431.47 2 7
store-service/internal/api/handlers/store_handlers.go:431.47,434.3 2 1
store-service/internal/api/handlers/store_handlers.go:436.2,437.16 2 6
store-service/internal/api/handlers/store_handlers.go:437.16,438.72 1 4
store-service/internal/api/handlers/store_handlers.go:438.72,441.4 2 1
store-service/internal/api/handlers/store_handlers.go:442.3,442.49 1 3
store-service/internal/api/handlers/store_handlers.go:442.49,445.4 2 1
store-service/internal/api/handlers/store_handlers.go:446.3,446.57 1 2
store-service/internal/api/handlers/store_handlers.go:446.57,449.4 2 1
store-service/internal/api/handlers/store_handlers.go:450.3,451.9 2 1
store-service/internal/api/handlers/store_handlers.go:454.2,454.44 1 2
store-service/internal/api/handlers/store_handlers.go:458.58,463.16 4 5
store-service/internal/api/handlers/store_handlers.go:463.16,466.3 2 1
store-service/internal/api/handlers/store_handlers.go:468.2,469.16 2 4
store-service/internal/api/handlers/store_handlers.go:469.16,471.45 1 3
store-service/internal/api/handlers/store_handlers.go:471.45,475.4 2 1
store-service/internal/api/handlers/store_handlers.go:477.3,478.9 2 2
store-service/internal/api/handlers/store_handlers.go:481.2,481.65 1 1
store-service/internal/api/handlers/store_handlers.go:485.62,490.16 4 5
store-service/internal/api/handlers/store_handlers.go:490.16,493.3 2 1
store-service/internal/api/handlers/store_handlers.go:495.2,496.16 2 4
store-service/internal/api/handlers/store_handlers.go:496.16,497.72 1 2
store-service/internal/api/handlers/store_handlers.go:497.72,500.4 2 1
store-service/internal/api/handlers/store_handlers.go:501.3,502.9 2 1
store-service/internal/api/handlers/store_handlers.go:505.2,505.67 1 2
store-service/internal/api/handlers/store_handlers.go:509.62,514.16 4 5
store-service/internal/api/handlers/store_handlers.go:514.16,517.3 2 1
store-service/internal/api/handlers/store_handlers.go:519.2,520.16 2 4
store-service/internal/api/handlers/store_handlers.go:520.16,521.72 1 3
store-service/internal/api/handlers/store_handlers.go:521.72,524.4 2 1
store-service/internal/api/handlers/store_handlers.go:525.3,525.54 1 2
store-service/internal/api/handlers/store_handlers.go:525.54,528.4 2 1
store-service/internal/api/handlers/store_handlers.go:529.3,530.9 2 1
store-service/internal/api/handlers/store_handlers.go:533.2,533.32 1 1
store-service/internal/api/handlers/store_handlers.go:537.61,542.16 4 5
store-service/internal/api/handlers/store_handlers.go:542.16,545.3 2 1
store-service/internal/api/handlers/store_handlers.go:547.2,548.16 2 4
store-service/internal/api/handlers/store_handlers.go:548.16,549.72 1 3
store-service/internal/api/handlers/store_handlers.go:549.72,552.4 2 1
store-service/internal/api/handlers/store_handlers.go:553.3,553.54 1 2
store-service/internal/api/handlers/store_handlers.go:553.54,556.4 2 1
store-service/internal/api/handlers/store_handlers.go:557.3,558.9 2 1
store-service/internal/api/handlers/store_handlers.go:561.2,561.32 1 1
store-service/internal/api/handlers/store_handlers.go:565.63,569.16 3 3
store-service/internal/api/handlers/store_handlers.go:569.16,572.3 2 1
store-service/internal/api/handlers/store_handlers.go:574.2,574.33 1 2
store-service/internal/api/handlers/store_handlers.go:578.60,583.16 4 6
store-service/internal/api/handlers/store_handlers.go:583.16,586.3 2 1
store-service/internal/api/handlers/store_handlers.go:588.2,589.16 2 5
store-service/internal/api/handlers/store_handlers.go:589.16,590.49 1 4
store-service/internal/api/handlers/store_handlers.go:590.49,593.4 2 1
store-service/internal/api/handlers/store_handlers.go:594.3,594.58 1 3
store-service/internal/api/handlers/store_handlers.go:594.58,597.4 2 1
store-service/internal/api/handlers/store_handlers.go:598.3,598.74 1 2
store-service/internal/api/handlers/store_handlers.go:598.74,601.4 2 1
store-service/internal/api/handlers/store_handlers.go:602.3,603.9 2 1
store-service/internal/api/handlers/store_handlers.go:606.2,606.32 1 1
store-service/internal/api/handlers/store_handlers.go:610.56,615.16 4 6
store-service/internal/api/handlers/store_handlers.go:615.16,618.3 2 1
store-service/internal/api/handlers/store_handlers.go:620.2,621.16 2 5
store-service/internal/api/handlers/store_handlers.go:621.16,622.49 1 4
store-service/internal/api/handlers/store_handlers.go:622.49,625.4 2 1
store-service/internal/api/handlers/store_handlers.go:626.3,626.60 1 3
store-service/internal/api/handlers/store_handlers.go:626.60,629.4 2 1
store-service/internal/api/handlers/store_handlers.go:630.3,630.85 1 2
store-service/internal/api/handlers/store_handlers.go:630.85,633.4 2 1
store-service/internal/api/handlers/store_handlers.go:634.3,635.9 2 1
store-service/internal/api/handlers/store_handlers.go:638.2,638.32 1 1
store-service/internal/api/handlers/store_handlers.go:642.58,647.16 4 8
store-service/internal/api/handlers/store_handlers.go:647.16,650.3 2 1
store-service/internal/api/handlers/store_handlers.go:652.2,653.47 2 7
store-service/internal/api/handlers/store_handlers.go:653.47,656.3 2 1
store-service/internal/api/handlers/store_handlers.go:658.2,659.16 2 6
store-service/internal/api/handlers/store_handlers.go:659.16,660.49 1 5
store-service/internal/api/handlers/store_handlers.go:660.49,663.4 2 1
store-service/internal/api/handlers/store_handlers.go:664.3,664.58 1 4
store-service/internal/api/handlers/store_handlers.go:664.58,667.4 2 1
store-service/internal/api/handlers/store_handlers.go:668.3,668.124 1 3
store-service/internal/api/handlers/store_handlers.go:668.124,671.4 2 2
store-service/internal/api/handlers/store_handlers.go:672.3,673.9 2 1
store-service/internal/api/handlers/store_handlers.go:676.2,676.32 1 1
store-service/internal/api/handlers/store_handlers.go:680.59,685.16 4 5
store-service/internal/api/handlers/store_handlers.go:685.16,688.3 2 1
store-service/internal/api/handlers/store_handlers.go:690.2,691.47 2 4
store-service/internal/api/handlers/store_handlers.go:691.47,694.3 2 0
store-service/internal/api/handlers/store_handlers.go:696.2,697.16 2 4
store-service/internal/api/handlers/store_handlers.go:697.16,698.49 1 3
store-service/internal/api/handlers/store_handlers.go:698.49,701.4 2 0
store-service/internal/api/handlers/store_handlers.go:702.3,702.58 1 3
store-service/internal/api/handlers/store_handlers.go:702.58,705.4 2 1
store-service/internal/api/handlers/store_handlers.go:706.3,706.125 1 2
store-service/internal/api/handlers/store_handlers.go:706.125,709.4 2 1
store-service/internal/api/handlers/store_handlers.go:710.3,711.9 2 1
store-service/internal/api/handlers/store_handlers.go:714.2,714.32 1 1
store-service/internal/services/chat_notification.go:28.143,30.22 2 1
store-service/internal/services/chat_notification.go:30.22,32.3 1 1
store-service/internal/services/chat_notification.go:34.2,35.26 2 1
store-service/internal/services/chat_notification.go:35.26,39.3 3 1
store-service/internal/services/chat_notification.go:42.2,43.26 2 0
store-service/internal/services/chat_notification.go:43.26,44.43 1 0
store-service/internal/services/chat_notification.go:46.2,57.16 3 0
store-service/internal/services/chat_notification.go:57.16,61.3 3 0
store-service/internal/services/chat_notification.go:63.2,68.16 2 0
store-service/internal/services/chat_notification.go:68.16,72.3 3 0
store-service/internal/services/chat_notification.go:74.2,79.16 5 0
store-service/internal/services/chat_notification.go:79.16,83.3 3 0
store-service/internal/services/chat_notification.go:84.2,86.38 2 0
store-service/internal/services/chat_notification.go:86.38,90.3 3 0
store-service/internal/services/chat_notification.go:93.2,94.50 2 0
store-service/internal/services/chat_notification.go:97.97,99.2 1 0
store-service/internal/services/chat_notification.go:101.96,103.2 1 1
store-service/internal/services/store_service.go:21.217,29.2 1 81
store-service/internal/services/store_service.go:31.110,33.53 1 7
store-service/internal/services/store_service.go:33.53,35.3 1 1
store-service/internal/services/store_service.go:36.2,36.32 1 6
store-service/internal/services/store_service.go:36.32,37.27 1 4
store-service/internal/services/store_service.go:37.27,39.4 1 1
store-service/internal/services/store_service.go:40.3,40.31 1 3
store-service/internal/services/store_service.go:40.31,42.4 1 2
store-service/internal/services/store_service.go:43.3,43.67 1 3
store-service/internal/services/store_service.go:43.67,45.4 1 1
store-service/internal/services/store_service.go:48.2,65.38 2 4
store-service/internal/services/store_service.go:65.38,70.3 1 2
store-service/internal/services/store_service.go:72.2,73.16 2 4
store-service/internal/services/store_service.go:73.16,75.3 1 1
store-service/internal/services/store_service.go:77.2,77.18 1 3
store-service/internal/services/store_service.go:80.68,82.2 1 2
store-service/internal/services/store_service.go:84.99,89.2 2 2
store-service/internal/services/store_service.go:91.119,93.16 2 5
store-service/internal/services/store_service.go:93.16,95.3 1 1
store-service/internal/services/store_service.go:97.2,97.29 1 4
store-service/internal/services/store_service.go:97.29,99.3 1 1
store-service/internal/services/store_service.go:101.2,101.29 1 3
store-service/internal/services/store_service.go:101.29,103.3 1 1
store-service/internal/services/store_service.go:106.2,106.21 1 2
store-service/internal/services/store_service.go:106.21,108.3 1 2
store-service/internal/services/store_service.go:109.2,109.27 1 2
store-service/internal/services/store_service.go:109.27,111.3 1 1
store-service/internal/services/store_service.go:112.2,112.24 1 2
store-service/internal/services/store_service.go:112.24,114.3 1 0
store-service/internal/services/store_service.go:115.2,115.25 1 2
store-service/internal/services/store_service.go:115.25,117.34 2 1
store-service/internal/services/store_service.go:117.34,122.4 1 2
store-service/internal/services/store_service.go:123.3,123.23 1 1
store-service/internal/services/store_service.go:125.2,125.25 1 2
store-service/internal/services/store_service.go:125.25,127.3 1 0
store-service/internal/services/store_service.go:128.2,128.24 1 2
store-service/internal/services/store_service.go:128.24,130.3 1 0
store-service/internal/services/store_service.go:131.2,131.28 1 2
store-service/internal/services/store_service.go:131.28,133.3 1 0
store-service/internal/services/store_service.go:135.2,136.16 2 2
store-service/internal/services/store_service.go:136.16,138.3 1 0
store-service/internal/services/store_service.go:140.2,140.18 1 2
store-service/internal/services/store_service.go:143.63,145.16 2 4
store-service/internal/services/store_service.go:145.16,147.3 1 1
store-service/internal/services/store_service.go:149.2,149.29 1 3
store-service/internal/services/store_service.go:149.29,151.3 1 1
store-service/internal/services/store_service.go:153.2,153.29 1 2
store-service/internal/services/store_service.go:153.29,155.3 1 1
store-service/internal/services/store_service.go:157.2,157.30 1 1
store-service/internal/services/store_service.go:160.109,162.124 1 8
store-service/internal/services/store_service.go:162.124,170.17 4 8
store-service/internal/services/store_service.go:170.17,172.4 1 1
store-service/internal/services/store_service.go:174.3,174.34 1 7
store-service/internal/services/store_service.go:174.34,176.4 1 1
store-service/internal/services/store_service.go:178.3,178.30 1 6
store-service/internal/services/store_service.go:178.30,180.4 1 1
store-service/internal/services/store_service.go:182.3,182.30 1 5
store-service/internal/services/store_service.go:182.30,184.4 1 1
store-service/internal/services/store_service.go:186.3,186.69 1 4
store-service/internal/services/store_service.go:186.69,190.4 2 1
store-service/internal/services/store_service.go:193.3,194.26 2 3
store-service/internal/services/store_service.go:194.26,196.4 1 2
store-service/internal/services/store_service.go:198.3,198.26 1 3
store-service/internal/services/store_service.go:198.26,200.4 1 1
store-service/internal/services/store_service.go:203.3,212.17 3 2
store-service/internal/services/store_service.go:212.17,214.4 1 0
store-service/internal/services/store_service.go:217.3,219.17 3 2
store-service/internal/services/store_service.go:219.17,221.4 1 0
store-service/internal/services/store_service.go:224.3,226.18 2 2
store-service/internal/services/store_service.go:230.2,230.17 1 8
store-service/internal/services/store_service.go:230.17,232.3 1 8
store-service/internal/services/store_service.go:235.2,236.50 2 0
store-service/internal/services/store_service.go:236.50,243.3 5 0
store-service/internal/services/store_service.go:245.2,245.16 1 0
store-service/internal/services/store_service.go:245.16,247.3 1 0
store-service/internal/services/store_service.go:249.2,249.17 1 0
store-service/internal/services/store_service.go:252.71,254.2 1 2
store-service/internal/services/store_service.go:256.80,258.16 2 5
store-service/internal/services/store_service.go:258.16,260.3 1 1
store-service/internal/services/store_service.go:262.2,262.31 1 4
store-service/internal/services/store_service.go:262.31,264.3 1 1
store-service/internal/services/store_service.go:266.2,266.29 1 3
store-service/internal/services/store_service.go:266.29,268.3 1 0
store-service/internal/services/store_service.go:270.2,271.16 2 3
store-service/internal/services/store_service.go:271.16,273.3 1 1
store-service/internal/services/store_service.go:275.2,275.26 1 2
store-service/internal/services/store_service.go:275.26,277.3 1 1
store-service/internal/services/store_service.go:280.2,281.16 2 1
store-service/internal/services/store_service.go:281.16,283.3 1 0
store-service/internal/services/store_service.go:286.2,287.16 2 1
store-service/internal/services/store_service.go:287.16,289.3 1 0
store-service/internal/services/store_service.go:292.2,294.12 2 1
store-service/internal/services/store_service.go:297.70,299.16 2 5
store-service/internal/services/store_service.go:299.16,301.3 1 1
store-service/internal/services/store_service.go:303.2,303.31 1 4
store-service/internal/services/store_service.go:303.31,305.3 1 1
store-service/internal/services/store_service.go:307.2,307.29 1 3
store-service/internal/services/store_service.go:307.29,309.3 1 1
store-service/internal/services/store_service.go:311.2,311.30 1 2
store-service/internal/services/store_service.go:311.30,313.3 1 1
store-service/internal/services/store_service.go:316.2,316.47 1 1
store-service/internal/services/store_service.go:319.81,321.2 1 2
store-service/internal/services/store_service.go:323.82,325.2 1 2
store-service/internal/services/store_service.go:327.71,329.2 1 2
store-service/internal/services/store_service.go:332.124,335.16 2 5
store-service/internal/services/store_service.go:335.16,337.3 1 1
store-service/internal/services/store_service.go:338.2,338.29 1 4
store-service/internal/services/store_service.go:338.29,340.3 1 1
store-service/internal/services/store_service.go:341.2,341.34 1 3
store-service/internal/services/store_service.go:341.34,343.3 1 1
store-service/internal/services/store_service.go:346.2,347.35 2 2
store-service/internal/services/store_service.go:347.35,349.3 1 1
store-service/internal/services/store_service.go:351.2,359.16 3 1
store-service/internal/services/store_service.go:359.16,361.3 1 0
store-service/internal/services/store_service.go:364.2,365.16 2 1
store-service/internal/services/store_service.go:365.16,367.3 1 0
store-service/internal/services/store_service.go:370.2,372.29 2 1
store-service/internal/services/store_service.go:375.106,378.16 2 3
store-service/internal/services/store_service.go:378.16,380.3 1 1
store-service/internal/services/store_service.go:382.2,384.29 2 2
store-service/internal/services/store_service.go:384.29,387.3 1 1
store-service/internal/services/store_service.go:387.8,390.3 1 1
store-service/internal/services/store_service.go:392.2,392.16 1 2
store-service/internal/services/store_service.go:392.16,394.3 1 0
store-service/internal/services/store_service.go:396.2,396.28 1 2
store-service/internal/services/store_service.go:399.111,402.16 2 5
store-service/internal/services/store_service.go:402.16,404.3 1 1
store-service/internal/services/store_service.go:406.2,406.29 1 4
store-service/internal/services/store_service.go:406.29,408.3 1 1
store-service/internal/services/store_service.go:411.2,412.16 2 3
store-service/internal/services/store_service.go:412.16,414.3 1 1
store-service/internal/services/store_service.go:416.2,416.29 1 2
store-service/internal/services/store_service.go:419.108,422.16 2 5
store-service/internal/services/store_service.go:422.16,424.3 1 1
store-service/internal/services/store_service.go:427.2,427.38 1 4
store-service/internal/services/store_service.go:427.38,429.3 1 1
store-service/internal/services/store_service.go:431.2,431.33 1 3
store-service/internal/services/store_service.go:431.33,433.3 1 1
store-service/internal/services/store_service.go:436.2,437.16 2 2
store-service/internal/services/store_service.go:437.16,439.3 1 0
store-service/internal/services/store_service.go:441.2,441.34 1 2
store-service/internal/services/store_service.go:441.34,442.31 1 3
store-service/internal/services/store_service.go:442.31,444.4 1 1
store-service/internal/services/store_service.go:448.2,449.16 2 1
store-service/internal/services/store_service.go:449.16,451.3 1 0
store-service/internal/services/store_service.go:454.2,454.41 1 1
store-service/internal/services/store_service.go:457.107,460.16 2 2
store-service/internal/services/store_service.go:460.16,462.3 1 0
store-service/internal/services/store_service.go:465.2,465.38 1 2
store-service/internal/services/store_service.go:465.38,467.3 1 1
store-service/internal/services/store_service.go:469.2,469.33 1 1
store-service/internal/services/store_service.go:469.33,471.3 1 0
store-service/internal/services/store_service.go:474.2,475.16 2 1
store-service/internal/services/store_service.go:475.16,477.3 1 0
store-service/internal/services/store_service.go:480.2,480.41 1 1
store-service/internal/services/store_service.go:483.93,485.2 1 2
store-service/internal/services/store_service.go:487.106,489.16 2 4
store-service/internal/services/store_service.go:489.16,491.3 1 1
store-service/internal/services/store_service.go:492.2,492.20 1 3
store-service/internal/services/store_service.go:492.20,494.3 1 0
store-service/internal/services/store_service.go:497.2,497.36 1 3
store-service/internal/services/store_service.go:497.36,499.3 1 1
store-service/internal/services/store_service.go:502.2,502.34 1 2
store-service/internal/services/store_service.go:502.34,504.3 1 1
store-service/internal/services/store_service.go:506.2,507.16 2 1
store-service/internal/services/store_service.go:507.16,509.3 1 0
store-service/internal/services/store_service.go:512.2,512.41 1 1
store-service/internal/services/store_service.go:515.103,517.16 2 1
store-service/internal/services/store_service.go:517.16,519.3 1 0
store-service/internal/services/store_service.go:520.2,520.20 1 1
store-service/internal/services/store_service.go:520.20,522.3 1 0
store-service/internal/services/store_service.go:525.2,526.16 2 1
store-service/internal/services/store_service.go:526.16,528.3 1 0
store-service/internal/services/store_service.go:531.2,531.31 1 1
store-service/internal/services/store_service.go:531.31,533.3 1 0
store-service/internal/services/store_service.go:536.2,536.39 1 1
store-service/internal/services/store_service.go:536.39,538.3 1 0
store-service/internal/services/store_service.go:541.2,542.16 2 1
store-service/internal/services/store_service.go:542.16,544.3 1 0
store-service/internal/services/store_service.go:547.2,548.16 2 1
store-service/internal/services/store_service.go:548.16,551.3 1 0
store-service/internal/services/store_service.go:554.2,554.41 1 1
store-service/internal/services/store_service.go:557.131,559.16 2 4
store-service/internal/services/store_service.go:559.16,561.3 1 0
store-service/internal/services/store_service.go:562.2,562.20 1 4
store-service/internal/services/store_service.go:562.20,564.3 1 0
store-service/internal/services/store_service.go:567.2,567.36 1 4
store-service/internal/services/store_service.go:567.36,569.3 1 1
store-service/internal/services/store_service.go:572.2,572.35 1 3
store-service/internal/services/store_service.go:572.35,574.3 1 1
store-service/internal/services/store_service.go:577.2,577.32 1 2
store-service/internal/services/store_service.go:577.32,579.3 1 1
store-service/internal/services/store_service.go:582.2,583.16 2 1
store-service/internal/services/store_service.go:583.16,585.3 1 0
store-service/internal/services/store_service.go:588.2,588.25 1 1
store-service/internal/services/store_service.go:588.25,590.17 2 1
store-service/internal/services/store_service.go:590.17,592.4 1 0
store-service/internal/services/store_service.go:596.2,596.41 1 1
store-service/internal/services/store_service.go:599.133,601.16 2 4
store-service/internal/services/store_service.go:601.16,603.3 1 0
store-service/internal/services/store_service.go:604.2,604.20 1 4
store-service/internal/services/store_service.go:604.20,606.3 1 0
store-service/internal/services/store_service.go:609.2,610.16 2 4
store-service/internal/services/store_service.go:610.16,612.3 1 0
store-service/internal/services/store_service.go:615.2,615.31 1 4
store-service/internal/services/store_service.go:615.31,617.3 1 1
store-service/internal/services/store_service.go:620.2,620.35 1 3
store-service/internal/services/store_service.go:620.35,622.3 1 1
store-service/internal/services/store_service.go:625.2,625.33 1 2
store-service/internal/services/store_service.go:625.33,627.3 1 1
store-service/internal/services/store_service.go:630.2,631.16 2 1
store-service/internal/services/store_service.go:631.16,633.3 1 0
store-service/internal/services/store_service.go:636.2,637.16 2 1
store-service/internal/services/store_service.go:637.16,639.3 1 0
store-service/internal/services/store_service.go:642.2,642.41 1 1
store-service/internal/services/store_service.go:646.40,648.2 1 5
store-service/internal/middleware/jwt.go:23.102,28.2 1 8
store-service/internal/middleware/jwt.go:38.80,39.104 1 7
store-service/internal/middleware/jwt.go:39.104,41.3 1 5
store-service/internal/middleware/jwt.go:43.2,43.16 1 7
store-service/internal/middleware/jwt.go:43.16,44.42 1 4
store-service/internal/middleware/jwt.go:44.42,46.4 1 1
store-service/internal/middleware/jwt.go:47.3,47.30 1 3
store-service/internal/middleware/jwt.go:50.2,50.61 1 3
store-service/internal/middleware/jwt.go:50.61,52.3 1 3
store-service/internal/middleware/jwt.go:54.2,54.29 1 0
store-service/internal/middleware/jwt.go:57.60,58.30 1 5
store-service/internal/middleware/jwt.go:58.30,60.23 2 5
store-service/internal/middleware/jwt.go:60.23,63.4 2 1
store-service/internal/middleware/jwt.go:65.3,66.46 2 4
store-service/internal/middleware/jwt.go:66.46,69.4 2 1
store-service/internal/middleware/jwt.go:71.3,72.17 2 3
store-service/internal/middleware/jwt.go:72.17,75.4 2 1
store-service/internal/middleware/jwt.go:78.3,78.24 1 2
store-service/internal/middleware/jwt.go:78.24,80.18 2 2
store-service/internal/middleware/jwt.go:80.19,83.5 0 1
store-service/internal/middleware/jwt.go:87.3,91.11 5 2
store-service/internal/repositories/bid_repository.go:13.50,15.2 1 10
store-service/internal/repositories/bid_repository.go:17.55,19.2 1 4
store-service/internal/repositories/bid_repository.go:21.63,24.16 3 2
store-service/internal/repositories/bid_repository.go:24.16,26.3 1 1
store-service/internal/repositories/bid_repository.go:27.2,27.18 1 1
store-service/internal/repositories/bid_repository.go:30.72,34.2 3 3
store-service/internal/repositories/bid_repository.go:36.76,40.2 3 3
store-service/internal/repositories/bid_repository.go:42.80,45.16 3 3
store-service/internal/repositories/bid_repository.go:45.16,47.3 1 2
store-service/internal/repositories/bid_repository.go:48.2,48.18 1 1
store-service/internal/repositories/bid_repository.go:51.71,53.2 1 3
store-service/internal/repositories/bid_repository.go:55.78,59.2 1 3
store-service/internal/repositories/bid_repository.go:61.81,65.2 3 4
store-service/internal/repositories/booking_request_repository.go:13.72,15.2 1 12
store-service/internal/repositories/booking_request_repository.go:17.81,19.2 1 9
store-service/internal/repositories/booking_request_repository.go:21.85,24.16 3 7
store-service/internal/repositories/booking_request_repository.go:24.16,26.3 1 2
store-service/internal/repositories/booking_request_repository.go:27.2,27.22 1 5
store-service/internal/repositories/booking_request_repository.go:30.93,33.16 3 4
store-service/internal/repositories/booking_request_repository.go:33.16,35.3 1 1
store-service/internal/repositories/booking_request_repository.go:36.2,36.22 1 3
store-service/internal/repositories/booking_request_repository.go:39.97,43.2 3 2
store-service/internal/repositories/booking_request_repository.go:45.121,48.16 3 8
store-service/internal/repositories/booking_request_repository.go:48.16,50.3 1 2
store-service/internal/repositories/booking_request_repository.go:51.2,51.22 1 6
store-service/internal/repositories/booking_request_repository.go:54.104,58.2 3 7
store-service/internal/repositories/booking_request_repository.go:60.79,62.2 1 7
store-service/internal/repositories/booking_request_repository.go:64.58,66.2 1 5
store-service/internal/repositories/booking_request_repository.go:68.116,76.2 1 0
store-service/internal/repositories/booking_request_repository.go:78.88,85.2 1 0
store-service/internal/repositories/booking_request_repository.go:87.96,94.2 1 0
store-service/internal/repositories/booking_request_repository.go:96.97,103.2 1 0
store-service/internal/repositories/store_item_repository.go:16.62,18.2 1 10
store-service/internal/repositories/store_item_repository.go:20.68,22.2 1 3
store-service/internal/repositories/store_item_repository.go:24.75,26.77 2 2
store-service/internal/repositories/store_item_repository.go:26.77,28.3 1 1
store-service/internal/repositories/store_item_repository.go:29.2,29.16 1 2
store-service/internal/repositories/store_item_repository.go:29.16,31.3 1 1
store-service/internal/repositories/store_item_repository.go:32.2,32.19 1 1
store-service/internal/repositories/store_item_repository.go:35.84,37.121 2 0
store-service/internal/repositories/store_item_repository.go:37.121,39.3 1 0
store-service/internal/repositories/store_item_repository.go:40.2,40.16 1 0
store-service/internal/repositories/store_item_repository.go:40.16,42.3 1 0
store-service/internal/repositories/store_item_repository.go:43.2,43.19 1 0
store-service/internal/repositories/store_item_repository.go:46.104,53.25 4 14
store-service/internal/repositories/store_item_repository.go:53.25,57.3 2 1
store-service/internal/repositories/store_item_repository.go:59.2,59.27 1 14
store-service/internal/repositories/store_item_repository.go:59.27,61.3 1 1
store-service/internal/repositories/store_item_repository.go:63.2,63.28 1 14
store-service/internal/repositories/store_item_repository.go:63.28,65.3 1 3
store-service/internal/repositories/store_item_repository.go:67.2,67.28 1 14
store-service/internal/repositories/store_item_repository.go:67.28,69.3 1 1
store-service/internal/repositories/store_item_repository.go:71.2,71.25 1 14
store-service/internal/repositories/store_item_repository.go:71.25,73.3 1 1
store-service/internal/repositories/store_item_repository.go:73.8,76.3 1 13
store-service/internal/repositories/store_item_repository.go:78.2,78.25 1 14
store-service/internal/repositories/store_item_repository.go:78.25,80.3 1 1
store-service/internal/repositories/store_item_repository.go:83.2,83.48 1 14
store-service/internal/repositories/store_item_repository.go:83.48,84.34 1 2
store-service/internal/repositories/store_item_repository.go:84.34,85.27 1 1
store-service/internal/repositories/store_item_repository.go:85.27,87.5 1 1
store-service/internal/repositories/store_item_repository.go:88.4,88.27 1 1
store-service/internal/repositories/store_item_repository.go:88.27,90.5 1 1
store-service/internal/repositories/store_item_repository.go:91.9,91.43 1 1
store-service/internal/repositories/store_item_repository.go:91.43,92.27 1 1
store-service/internal/repositories/store_item_repository.go:92.27,94.5 1 1
store-service/internal/repositories/store_item_repository.go:95.4,95.27 1 1
store-service/internal/repositories/store_item_repository.go:95.27,97.5 1 1
store-service/internal/repositories/store_item_repository.go:102.2,106.31 3 14
store-service/internal/repositories/store_item_repository.go:106.31,108.3 1 2
store-service/internal/repositories/store_item_repository.go:110.2,110.23 1 14
store-service/internal/repositories/store_item_repository.go:111.15,112.101 1 1
store-service/internal/repositories/store_item_repository.go:113.20,114.63 1 0
store-service/internal/repositories/store_item_repository.go:115.15,116.58 1 1
store-service/internal/repositories/store_item_repository.go:117.10,118.41 1 12
store-service/internal/repositories/store_item_repository.go:122.2,122.22 1 14
store-service/internal/repositories/store_item_repository.go:122.22,124.3 1 1
store-service/internal/repositories/store_item_repository.go:125.2,125.25 1 14
store-service/internal/repositories/store_item_repository.go:125.25,127.3 1 1
store-service/internal/repositories/store_item_repository.go:129.2,133.60 3 14
store-service/internal/repositories/store_item_repository.go:133.60,135.3 1 14
store-service/internal/repositories/store_item_repository.go:136.2,136.16 1 14
store-service/internal/repositories/store_item_repository.go:136.16,138.3 1 0
store-service/internal/repositories/store_item_repository.go:140.2,140.31 1 14
store-service/internal/repositories/store_item_repository.go:143.68,145.2 1 2
store-service/internal/repositories/store_item_repository.go:147.53,149.2 1 2
store-service/internal/repositories/store_item_repository.go:151.88,155.2 3 2
store-service/internal/repositories/store_item_repository.go:157.86,161.2 3 2
store-service/internal/repositories/store_item_repository.go:163.74,165.2 1 2
store-service/internal/repositories/store_item_repository.go:167.71,174.2 2 2
store-service/internal/repositories/store_item_repository.go:176.57,181.2 2 1
store-service/internal/repositories/user_repository.go:14.52,16.2 1 9
store-service/internal/repositories/user_repository.go:18.58,20.2 1 9
store-service/internal/repositories/user_repository.go:22.65,25.16 3 3
store-service/internal/repositories/user_repository.go:25.16,27.3 1 1
store-service/internal/repositories/user_repository.go:28.2,28.19 1 2
store-service/internal/repositories/user_repository.go:31.73,34.16 3 2
store-service/internal/repositories/user_repository.go:34.16,36.3 1 1
store-service/internal/repositories/user_repository.go:37.2,37.19 1 1
store-service/internal/repositories/user_repository.go:40.79,43.16 3 2
store-service/internal/repositories/user_repository.go:43.16,45.3 1 1
store-service/internal/repositories/user_repository.go:46.2,46.19 1 1
store-service/internal/repositories/user_repository.go:49.58,51.2 1 1
store-service/internal/repositories/user_repository.go:53.105,63.64 3 3
store-service/internal/repositories/user_repository.go:63.64,64.36 1 2
store-service/internal/repositories/user_repository.go:64.36,66.50 1 2
store-service/internal/repositories/user_repository.go:66.50,68.5 1 0
store-service/internal/repositories/user_repository.go:69.4,69.20 1 2
store-service/internal/repositories/user_repository.go:71.3,71.18 1 0
store-service/internal/repositories/user_repository.go:75.2,78.55 4 1
store-service/internal/repositories/user_repository.go:78.55,80.3 1 0
store-service/internal/repositories/user_repository.go:82.2,82.27 1 1
store-service/internal/repositories/user_repository.go:85.77,88.16 2 0
store-service/internal/repositories/user_repository.go:88.16,90.3 1 0
store-service/internal/repositories/user_repository.go:93.2,103.11 4 0
store-service/internal/api/handlers/store_handlers.go:24.76,26.2 1 86
store-service/internal/api/handlers/store_handlers.go:29.51,37.55 4 4
store-service/internal/api/handlers/store_handlers.go:37.55,39.48 1 3
store-service/internal/api/handlers/store_handlers.go:39.48,42.4 2 1
store-service/internal/api/handlers/store_handlers.go:43.8,51.18 6 1
store-service/internal/api/handlers/store_handlers.go:51.18,54.4 2 0
store-service/internal/api/handlers/store_handlers.go:56.3,63.16 2 1
store-service/internal/api/handlers/store_handlers.go:63.16,65.90 2 0
store-service/internal/api/handlers/store_handlers.go:65.90,67.5 1 0
store-service/internal/api/handlers/store_handlers.go:69.4,69.96 1 0
store-service/internal/api/handlers/store_handlers.go:69.96,71.5 1 0
store-service/internal/api/handlers/store_handlers.go:71.10,71.99 1 0
store-service/internal/api/handlers/store_handlers.go:71.99,73.5 1 0
store-service/internal/api/handlers/store_handlers.go:74.9,77.83 2 1
store-service/internal/api/handlers/store_handlers.go:77.83,79.5 1 0
store-service/internal/api/handlers/store_handlers.go:79.10,79.84 1 1
store-service/internal/api/handlers/store_handlers.go:79.84,81.5 1 1
store-service/internal/api/handlers/store_handlers.go:86.2,90.16 4 3
store-service/internal/api/handlers/store_handlers.go:90.16,92.3 1 2
store-service/internal/api/handlers/store_handlers.go:92.8,92.24 1 1
store-service/internal/api/handlers/store_handlers.go:92.24,94.3 1 0
store-service/internal/api/handlers/store_handlers.go:94.8,94.39 1 1
store-service/internal/api/handlers/store_handlers.go:94.39,96.3 1 1
store-service/internal/api/handlers/store_handlers.go:96.8,98.3 1 0
store-service/internal/api/handlers/store_handlers.go:100.2,100.61 1 3
store-service/internal/api/handlers/store_handlers.go:100.61,106.52 4 0
store-service/internal/api/handlers/store_handlers.go:106.52,109.4 2 0
store-service/internal/api/handlers/store_handlers.go:111.3,111.50 1 0
store-service/internal/api/handlers/store_handlers.go:111.50,112.14 1 0
store-service/internal/api/handlers/store_handlers.go:112.14,113.10 1 0
store-service/internal/api/handlers/store_handlers.go:117.4,117.37 1 0
store-service/internal/api/handlers/store_handlers.go:117.37,118.13 1 0
store-service/internal/api/handlers/store_handlers.go:122.4,123.73 2 0
store-service/internal/api/handlers/store_handlers.go:123.73,124.13 1 0
store-service/internal/api/handlers/store_handlers.go:128.4,129.18 2 0
store-service/internal/api/handlers/store_handlers.go:129.18,130.13 1 0
store-service/internal/api/handlers/store_handlers.go:132.4,141.18 6 0
store-service/internal/api/handlers/store_handlers.go:141.18,142.13 1 0
store-service/internal/api/handlers/store_handlers.go:144.4,147.48 2 0
store-service/internal/api/handlers/store_handlers.go:147.48,148.13 1 0
store-service/internal/api/handlers/store_handlers.go:152.4,154.92 3 0
store-service/internal/api/handlers/store_handlers.go:157.3,158.84 2 0
store-service/internal/api/handlers/store_handlers.go:159.8,161.3 1 3
store-service/internal/api/handlers/store_handlers.go:163.2,165.16 3 3
store-service/internal/api/handlers/store_handlers.go:165.16,168.3 2 1
store-service/internal/api/handlers/store_handlers.go:170.2,170.34 1 2
store-service/internal/api/handlers/store_handlers.go:174.48,176.16 2 3
store-service/internal/api/handlers/store_handlers.go:176.16,179.3 2 1
store-service/internal/api/handlers/store_handlers.go:181.2,182.16 2 2
store-service/internal/api/handlers/store_handlers.go:182.16,185.3 2 1
store-service/internal/api/handlers/store_handlers.go:187.2,187.29 1 1
store-service/internal/api/handlers/store_handlers.go:191.49,204.54 2 3
store-service/internal/api/handlers/store_handlers.go:204.54,205.65 1 1
store-service/internal/api/handlers/store_handlers.go:205.65,207.4 1 1
store-service/internal/api/handlers/store_handlers.go:210.2,210.54 1 3
store-service/internal/api/handlers/store_handlers.go:210.54,211.65 1 1
store-service/internal/api/handlers/store_handlers.go:211.65,213.4 1 1
store-service/internal/api/handlers/store_handlers.go:216.2,216.54 1 3
store-service/internal/api/handlers/store_handlers.go:216.54,217.65 1 0
store-service/internal/api/handlers/store_handlers.go:217.65,219.4 1 0
store-service/internal/api/handlers/store_handlers.go:222.2,222.41 1 3
store-service/internal/api/handlers/store_handlers.go:222.41,223.56 1 0
store-service/internal/api/handlers/store_handlers.go:223.56,225.4 1 0
store-service/internal/api/handlers/store_handlers.go:228.2,228.51 1 3
store-service/internal/api/handlers/store_handlers.go:228.51,229.61 1 0
store-service/internal/api/handlers/store_handlers.go:229.61,231.4 1 0
store-service/internal/api/handlers/store_handlers.go:234.2,235.16 2 3
store-service/internal/api/handlers/store_handlers.go:235.16,238.3 2 1
store-service/internal/api/handlers/store_handlers.go:240.2,245.4 1 2
store-service/internal/api/handlers/store_handlers.go:249.51,253.16 3 3
store-service/internal/api/handlers/store_handlers.go:253.16,256.3 2 1
store-service/internal/api/handlers/store_handlers.go:258.2,259.47 2 2
store-service/internal/api/handlers/store_handlers.go:259.47,262.3 2 0
store-service/internal/api/handlers/store_handlers.go:264.2,265.16 2 2
store-service/internal/api/handlers/store_handlers.go:265.16,268.3 2 1
store-service/internal/api/handlers/store_handlers.go:270.2,270.29 1 1
store-service/internal/api/handlers/store_handlers.go:274.51,278.16 3 3
store-service/internal/api/handlers/store_handlers.go:278.16,281.3 2 1
store-service/internal/api/handlers/store_handlers.go:283.2,284.16 2 2
store-service/internal/api/handlers/store_handlers.go:284.16,287.3 2 1
store-service/internal/api/handlers/store_handlers.go:289.2,289.70 1 1
store-service/internal/api/handlers/store_handlers.go:293.49,297.16 3 2
store-service/internal/api/handlers/store_handlers.go:297.16,300.3 2 0
store-service/internal/api/handlers/store_handlers.go:302.2,303.47 2 2
store-service/internal/api/handlers/store_handlers.go:303.47,306.3 2 0
store-service/internal/api/handlers/store_handlers.go:308.2,309.16 2 2
store-service/internal/api/handlers/store_handlers.go:309.16,312.3 2 1
store-service/internal/api/handlers/store_handlers.go:314.2,314.33 1 1
store-service/internal/api/handlers/store_handlers.go:318.52,320.16 2 2
store-service/internal/api/handlers/store_handlers.go:320.16,323.3 2 0
store-service/internal/api/handlers/store_handlers.go:325.2,326.16 2 2
store-service/internal/api/handlers/store_handlers.go:326.16,329.3 2 1
store-service/internal/api/handlers/store_handlers.go:331.2,331.29 1 1
store-service/internal/api/handlers/store_handlers.go:335.50,339.16 3 4
store-service/internal/api/handlers/store_handlers.go:339.16,342.3 2 1
store-service/internal/api/handlers/store_handlers.go:344.2,345.16 2 3
store-service/internal/api/handlers/store_handlers.go:345.16,348.3 2 1
store-service/internal/api/handlers/store_handlers.go:350.2,351.16 2 2
store-service/internal/api/handlers/store_handlers.go:351.16,354.3 2 1
store-service/internal/api/handlers/store_handlers.go:356.2,356.70 1 1
store-service/internal/api/handlers/store_handlers.go:360.53,364.16 3 2
store-service/internal/api/handlers/store_handlers.go:364.16,367.3 2 0
store-service/internal/api/handlers/store_handlers.go:369.2,370.16 2 2
store-service/internal/api/handlers/store_handlers.go:370.16,373.3 2 1
store-service/internal/api/handlers/store_handlers.go:375.2,375.72 1 1
store-service/internal/api/handlers/store_handlers.go:379.56,383.16 3 2
store-service/internal/api/handlers/store_handlers.go:383.16,386.3 2 1
store-service/internal/api/handlers/store_handlers.go:388.2,388.30 1 1
store-service/internal/api/handlers/store_handlers.go:392.57,396.16 3 2
store-service/internal/api/handlers/store_handlers.go:396.16,399.3 2 1
store-service/internal/api/handlers/store_handlers.go:401.2,401.30 1 1
store-service/internal/api/handlers/store_handlers.go:405.52,409.16 3 2
store-service/internal/api/handlers/store_handlers.go:409.16,412.3 2 1
store-service/internal/api/handlers/store_handlers.go:414.2,414.29 1 1
store-service/internal/api/handlers/store_handlers.go:420.61,425.16 4 8
store-service/internal/api/handlers/store_handlers.go:425.16,428.3 2 1
store-service/internal/api/handlers/store_handlers.go:430.2,431.47 2 7
store-service/internal/api/handlers/store_handlers.go:431.47,434.3 2 1
store-service/internal/api/handlers/store_handlers.go:436.2,437.16 2 6
store-service/internal/api/handlers/store_handlers.go:437.16,438.72 1 4
store-service/internal/api/handlers/store_handlers.go:438.72,441.4 2 1
store-service/internal/api/handlers/store_handlers.go:442.3,442.49 1 3
store-service/internal/api/handlers/store_handlers.go:442.49,445.4 2 1
store-service/internal/api/handlers/store_handlers.go:446.3,446.57 1 2
store-service/internal/api/handlers/store_handlers.go:446.57,449.4 2 1
store-service/internal/api/handlers/store_handlers.go:450.3,451.9 2 1
store-service/internal/api/handlers/store_handlers.go:454.2,454.44 1 2
store-service/internal/api/handlers/store_handlers.go:458.58,463.16 4 5
store-service/internal/api/handlers/store_handlers.go:463.16,466.3 2 1
store-service/internal/api/handlers/store_handlers.go:468.2,469.16 2 4
store-service/internal/api/handlers/store_handlers.go:469.16,471.45 1 3
store-service/internal/api/handlers/store_handlers.go:471.45,475.4 2 1
store-service/internal/api/handlers/store_handlers.go:477.3,478.9 2 2
store-service/internal/api/handlers/store_handlers.go:481.2,481.65 1 1
store-service/internal/api/handlers/store_handlers.go:485.62,490.16 4 5
store-service/internal/api/handlers/store_handlers.go:490.16,493.3 2 1
store-service/internal/api/handlers/store_handlers.go:495.2,496.16 2 4
store-service/internal/api/handlers/store_handlers.go:496.16,497.72 1 2
store-service/internal/api/handlers/store_handlers.go:497.72,500.4 2 1
store-service/internal/api/handlers/store_handlers.go:501.3,502.9 2 1
store-service/internal/api/handlers/store_handlers.go:505.2,505.67 1 2
store-service/internal/api/handlers/store_handlers.go:509.62,514.16 4 5
store-service/internal/api/handlers/store_handlers.go:514.16,517.3 2 1
store-service/internal/api/handlers/store_handlers.go:519.2,520.16 2 4
store-service/internal/api/handlers/store_handlers.go:520.16,521.72 1 3
store-service/internal/api/handlers/store_handlers.go:521.72,524.4 2 1
store-service/internal/api/handlers/store_handlers.go:525.3,525.54 1 2
store-service/internal/api/handlers/store_handlers.go:525.54,528.4 2 1
store-service/internal/api/handlers/store_handlers.go:529.3,530.9 2 1
store-service/internal/api/handlers/store_handlers.go:533.2,533.32 1 1
store-service/internal/api/handlers/store_handlers.go:537.61,542.16 4 5
store-service/internal/api/handlers/store_handlers.go:542.16,545.3 2 1
store-service/internal/api/handlers/store_handlers.go:547.2,548.16 2 4
store-service/internal/api/handlers/store_handlers.go:548.16,549.72 1 3
store-service/internal/api/handlers/store_handlers.go:549.72,552.4 2 1
store-service/internal/api/handlers/store_handlers.go:553.3,553.54 1 2
store-service/internal/api/handlers/store_handlers.go:553.54,556.4 2 1
store-service/internal/api/handlers/store_handlers.go:557.3,558.9 2 1
store-service/internal/api/handlers/store_handlers.go:561.2,561.32 1 1
store-service/internal/api/handlers/store_handlers.go:565.63,569.16 3 3
store-service/internal/api/handlers/store_handlers.go:569.16,572.3 2 1
store-service/internal/api/handlers/store_handlers.go:574.2,574.33 1 2
store-service/internal/api/handlers/store_handlers.go:578.60,583.16 4 6
store-service/internal/api/handlers/store_handlers.go:583.16,586.3 2 1
store-service/internal/api/handlers/store_handlers.go:588.2,589.16 2 5
store-service/internal/api/handlers/store_handlers.go:589.16,590.49 1 4
store-service/internal/api/handlers/store_handlers.go:590.49,593.4 2 1
store-service/internal/api/handlers/store_handlers.go:594.3,594.58 1 3
store-service/internal/api/handlers/store_handlers.go:594.58,597.4 2 1
store-service/internal/api/handlers/store_handlers.go:598.3,598.74 1 2
store-service/internal/api/handlers/store_handlers.go:598.74,601.4 2 1
store-service/internal/api/handlers/store_handlers.go:602.3,603.9 2 1
store-service/internal/api/handlers/store_handlers.go:606.2,606.32 1 1
store-service/internal/api/handlers/store_handlers.go:610.56,615.16 4 6
store-service/internal/api/handlers/store_handlers.go:615.16,618.3 2 1
store-service/internal/api/handlers/store_handlers.go:620.2,621.16 2 5
store-service/internal/api/handlers/store_handlers.go:621.16,622.49 1 4
store-service/internal/api/handlers/store_handlers.go:622.49,625.4 2 1
store-service/internal/api/handlers/store_handlers.go:626.3,626.60 1 3
store-service/internal/api/handlers/store_handlers.go:626.60,629.4 2 1
store-service/internal/api/handlers/store_handlers.go:630.3,630.85 1 2
store-service/internal/api/handlers/store_handlers.go:630.85,633.4 2 1
store-service/internal/api/handlers/store_handlers.go:634.3,635.9 2 1
store-service/internal/api/handlers/store_handlers.go:638.2,638.32 1 1
store-service/internal/api/handlers/store_handlers.go:642.58,647.16 4 8
store-service/internal/api/handlers/store_handlers.go:647.16,650.3 2 1
store-service/internal/api/handlers/store_handlers.go:652.2,653.47 2 7
store-service/internal/api/handlers/store_handlers.go:653.47,656.3 2 1
store-service/internal/api/handlers/store_handlers.go:658.2,659.16 2 6
store-service/internal/api/handlers/store_handlers.go:659.16,660.49 1 5
store-service/internal/api/handlers/store_handlers.go:660.49,663.4 2 1
store-service/internal/api/handlers/store_handlers.go:664.3,664.58 1 4
store-service/internal/api/handlers/store_handlers.go:664.58,667.4 2 1
store-service/internal/api/handlers/store_handlers.go:668.3,668.124 1 3
store-service/internal/api/handlers/store_handlers.go:668.124,671.4 2 2
store-service/internal/api/handlers/store_handlers.go:672.3,673.9 2 1
store-service/internal/api/handlers/store_handlers.go:676.2,676.32 1 1
store-service/internal/api/handlers/store_handlers.go:680.59,685.16 4 5
store-service/internal/api/handlers/store_handlers.go:685.16,688.3 2 1
store-service/internal/api/handlers/store_handlers.go:690.2,691.47 2 4
store-service/internal/api/handlers/store_handlers.go:691.47,694.3 2 0
store-service/internal/api/handlers/store_handlers.go:696.2,697.16 2 4
store-service/internal/api/handlers/store_handlers.go:697.16,698.49 1 3
store-service/internal/api/handlers/store_handlers.go:698.49,701.4 2 0
store-service/internal/api/handlers/store_handlers.go:702.3,702.58 1 3
store-service/internal/api/handlers/store_handlers.go:702.58,705.4 2 1
store-service/internal/api/handlers/store_handlers.go:706.3,706.125 1 2
store-service/internal/api/handlers/store_handlers.go:706.125,709.4 2 1
store-service/internal/api/handlers/store_handlers.go:710.3,711.9 2 1
store-service/internal/api/handlers/store_handlers.go:714.2,714.32 1 1
store-service/internal/middleware/jwt.go:23.102,28.2 1 8
store-service/internal/middleware/jwt.go:38.80,39.104 1 7
store-service/internal/middleware/jwt.go:39.104,41.3 1 5
store-service/internal/middleware/jwt.go:43.2,43.16 1 7
store-service/internal/middleware/jwt.go:43.16,44.42 1 4
store-service/internal/middleware/jwt.go:44.42,46.4 1 1
store-service/internal/middleware/jwt.go:47.3,47.30 1 3
store-service/internal/middleware/jwt.go:50.2,50.61 1 3
store-service/internal/middleware/jwt.go:50.61,52.3 1 3
store-service/internal/middleware/jwt.go:54.2,54.29 1 0
store-service/internal/middleware/jwt.go:57.60,58.30 1 5
store-service/internal/middleware/jwt.go:58.30,60.23 2 5
store-service/internal/middleware/jwt.go:60.23,63.4 2 1
store-service/internal/middleware/jwt.go:65.3,66.46 2 4
store-service/internal/middleware/jwt.go:66.46,69.4 2 1
store-service/internal/middleware/jwt.go:71.3,72.17 2 3
store-service/internal/middleware/jwt.go:72.17,75.4 2 1
store-service/internal/middleware/jwt.go:78.3,78.24 1 2
store-service/internal/middleware/jwt.go:78.24,80.18 2 2
store-service/internal/middleware/jwt.go:80.19,83.5 0 1
store-service/internal/middleware/jwt.go:87.3,91.11 5 2
store-service/internal/services/chat_notification.go:28.143,30.22 2 1
store-service/internal/services/chat_notification.go:30.22,32.3 1 1
store-service/internal/services/chat_notification.go:34.2,35.26 2 1
store-service/internal/services/chat_notification.go:35.26,39.3 3 1
store-service/internal/services/chat_notification.go:42.2,43.26 2 0
store-service/internal/services/chat_notification.go:43.26,44.43 1 0
store-service/internal/services/chat_notification.go:46.2,57.16 3 0
store-service/internal/services/chat_notification.go:57.16,61.3 3 0
store-service/internal/services/chat_notification.go:63.2,68.16 2 0
store-service/internal/services/chat_notification.go:68.16,72.3 3 0
store-service/internal/services/chat_notification.go:74.2,79.16 5 0
store-service/internal/services/chat_notification.go:79.16,83.3 3 0
store-service/internal/services/chat_notification.go:84.2,86.38 2 0
store-service/internal/services/chat_notification.go:86.38,90.3 3 0
store-service/internal/services/chat_notification.go:93.2,94.50 2 0
store-service/internal/services/chat_notification.go:97.97,99.2 1 0
store-service/internal/services/chat_notification.go:101.96,103.2 1 1
store-service/internal/services/store_service.go:21.217,29.2 1 81
store-service/internal/services/store_service.go:31.110,33.53 1 7
store-service/internal/services/store_service.go:33.53,35.3 1 1
store-service/internal/services/store_service.go:36.2,36.32 1 6
store-service/internal/services/store_service.go:36.32,37.27 1 4
store-service/internal/services/store_service.go:37.27,39.4 1 1
store-service/internal/services/store_service.go:40.3,40.31 1 3
store-service/internal/services/store_service.go:40.31,42.4 1 2
store-service/internal/services/store_service.go:43.3,43.67 1 3
store-service/internal/services/store_service.go:43.67,45.4 1 1
store-service/internal/services/store_service.go:48.2,65.38 2 4
store-service/internal/services/store_service.go:65.38,70.3 1 2
store-service/internal/services/store_service.go:72.2,73.16 2 4
store-service/internal/services/store_service.go:73.16,75.3 1 1
store-service/internal/services/store_service.go:77.2,77.18 1 3
store-service/internal/services/store_service.go:80.68,82.2 1 2
store-service/internal/services/store_service.go:84.99,89.2 2 2
store-service/internal/services/store_service.go:91.119,93.16 2 5
store-service/internal/services/store_service.go:93.16,95.3 1 1
store-service/internal/services/store_service.go:97.2,97.29 1 4
store-service/internal/services/store_service.go:97.29,99.3 1 1
store-service/internal/services/store_service.go:101.2,101.29 1 3
store-service/internal/services/store_service.go:101.29,103.3 1 1
store-service/internal/services/store_service.go:106.2,106.21 1 2
store-service/internal/services/store_service.go:106.21,108.3 1 2
store-service/internal/services/store_service.go:109.2,109.27 1 2
store-service/internal/services/store_service.go:109.27,111.3 1 1
store-service/internal/services/store_service.go:112.2,112.24 1 2
store-service/internal/services/store_service.go:112.24,114.3 1 0
store-service/internal/services/store_service.go:115.2,115.25 1 2
store-service/internal/services/store_service.go:115.25,117.34 2 1
store-service/internal/services/store_service.go:117.34,122.4 1 2
store-service/internal/services/store_service.go:123.3,123.23 1 1
store-service/internal/services/store_service.go:125.2,125.25 1 2
store-service/internal/services/store_service.go:125.25,127.3 1 0
store-service/internal/services/store_service.go:128.2,128.24 1 2
store-service/internal/services/store_service.go:128.24,130.3 1 0
store-service/internal/services/store_service.go:131.2,131.28 1 2
store-service/internal/services/store_service.go:131.28,133.3 1 0
store-service/internal/services/store_service.go:135.2,136.16 2 2
store-service/internal/services/store_service.go:136.16,138.3 1 0
store-service/internal/services/store_service.go:140.2,140.18 1 2
store-service/internal/services/store_service.go:143.63,145.16 2 4
store-service/internal/services/store_service.go:145.16,147.3 1 1
store-service/internal/services/store_service.go:149.2,149.29 1 3
store-service/internal/services/store_service.go:149.29,151.3 1 1
store-service/internal/services/store_service.go:153.2,153.29 1 2
store-service/internal/services/store_service.go:153.29,155.3 1 1
store-service/internal/services/store_service.go:157.2,157.30 1 1
store-service/internal/services/store_service.go:160.109,162.124 1 8
store-service/internal/services/store_service.go:162.124,170.17 4 8
store-service/internal/services/store_service.go:170.17,172.4 1 1
store-service/internal/services/store_service.go:174.3,174.34 1 7
store-service/internal/services/store_service.go:174.34,176.4 1 1
store-service/internal/services/store_service.go:178.3,178.30 1 6
store-service/internal/services/store_service.go:178.30,180.4 1 1
store-service/internal/services/store_service.go:182.3,182.30 1 5
store-service/internal/services/store_service.go:182.30,184.4 1 1
store-service/internal/services/store_service.go:186.3,186.69 1 4
store-service/internal/services/store_service.go:186.69,190.4 2 1
store-service/internal/services/store_service.go:193.3,194.26 2 3
store-service/internal/services/store_service.go:194.26,196.4 1 2
store-service/internal/services/store_service.go:198.3,198.26 1 3
store-service/internal/services/store_service.go:198.26,200.4 1 1
store-service/internal/services/store_service.go:203.3,212.17 3 2
store-service/internal/services/store_service.go:212.17,214.4 1 0
store-service/internal/services/store_service.go:217.3,219.17 3 2
store-service/internal/services/store_service.go:219.17,221.4 1 0
store-service/internal/services/store_service.go:224.3,226.18 2 2
store-service/internal/services/store_service.go:230.2,230.17 1 8
store-service/internal/services/store_service.go:230.17,232.3 1 8
store-service/internal/services/store_service.go:235.2,236.50 2 0
store-service/internal/services/store_service.go:236.50,243.3 5 0
store-service/internal/services/store_service.go:245.2,245.16 1 0
store-service/internal/services/store_service.go:245.16,247.3 1 0
store-service/internal/services/store_service.go:249.2,249.17 1 0
store-service/internal/services/store_service.go:252.71,254.2 1 2
store-service/internal/services/store_service.go:256.80,258.16 2 5
store-service/internal/services/store_service.go:258.16,260.3 1 1
store-service/internal/services/store_service.go:262.2,262.31 1 4
store-service/internal/services/store_service.go:262.31,264.3 1 1
store-service/internal/services/store_service.go:266.2,266.29 1 3
store-service/internal/services/store_service.go:266.29,268.3 1 0
store-service/internal/services/store_service.go:270.2,271.16 2 3
store-service/internal/services/store_service.go:271.16,273.3 1 1
store-service/internal/services/store_service.go:275.2,275.26 1 2
store-service/internal/services/store_service.go:275.26,277.3 1 1
store-service/internal/services/store_service.go:280.2,281.16 2 1
store-service/internal/services/store_service.go:281.16,283.3 1 0
store-service/internal/services/store_service.go:286.2,287.16 2 1
store-service/internal/services/store_service.go:287.16,289.3 1 0
store-service/internal/services/store_service.go:292.2,294.12 2 1
store-service/internal/services/store_service.go:297.70,299.16 2 5
store-service/internal/services/store_service.go:299.16,301.3 1 1
store-service/internal/services/store_service.go:303.2,303.31 1 4
store-service/internal/services/store_service.go:303.31,305.3 1 1
store-service/internal/services/store_service.go:307.2,307.29 1 3
store-service/internal/services/store_service.go:307.29,309.3 1 1
store-service/internal/services/store_service.go:311.2,311.30 1 2
store-service/internal/services/store_service.go:311.30,313.3 1 1
store-service/internal/services/store_service.go:316.2,316.47 1 1
store-service/internal/services/store_service.go:319.81,321.2 1 2
store-service/internal/services/store_service.go:323.82,325.2 1 2
store-service/internal/services/store_service.go:327.71,329.2 1 2
store-service/internal/services/store_service.go:332.124,335.16 2 5
store-service/internal/services/store_service.go:335.16,337.3 1 1
store-service/internal/services/store_service.go:338.2,338.29 1 4
store-service/internal/services/store_service.go:338.29,340.3 1 1
store-service/internal/services/store_service.go:341.2,341.34 1 3
store-service/internal/services/store_service.go:341.34,343.3 1 1
store-service/internal/services/store_service.go:346.2,347.35 2 2
store-service/internal/services/store_service.go:347.35,349.3 1 1
store-service/internal/services/store_service.go:351.2,359.16 3 1
store-service/internal/services/store_service.go:359.16,361.3 1 0
store-service/internal/services/store_service.go:364.2,365.16 2 1
store-service/internal/services/store_service.go:365.16,367.3 1 0
store-service/internal/services/store_service.go:370.2,372.29 2 1
store-service/internal/services/store_service.go:375.106,378.16 2 3
store-service/internal/services/store_service.go:378.16,380.3 1 1
store-service/internal/services/store_service.go:382.2,384.29 2 2
store-service/internal/services/store_service.go:384.29,387.3 1 1
store-service/internal/services/store_service.go:387.8,390.3 1 1
store-service/internal/services/store_service.go:392.2,392.16 1 2
store-service/internal/services/store_service.go:392.16,394.3 1 0
store-service/internal/services/store_service.go:396.2,396.28 1 2
store-service/internal/services/store_service.go:399.111,402.16 2 5
store-service/internal/services/store_service.go:402.16,404.3 1 1
store-service/internal/services/store_service.go:406.2,406.29 1 4
store-service/internal/services/store_service.go:406.29,408.3 1 1
store-service/internal/services/store_service.go:411.2,412.16 2 3
store-service/internal/services/store_service.go:412.16,414.3 1 1
store-service/internal/services/store_service.go:416.2,416.29 1 2
store-service/internal/services/store_service.go:419.108,422.16 2 5
store-service/internal/services/store_service.go:422.16,424.3 1 1
store-service/internal/services/store_service.go:427.2,427.38 1 4
store-service/internal/services/store_service.go:427.38,429.3 1 1
store-service/internal/services/store_service.go:431.2,431.33 1 3
store-service/internal/services/store_service.go:431.33,433.3 1 1
store-service/internal/services/store_service.go:436.2,437.16 2 2
store-service/internal/services/store_service.go:437.16,439.3 1 0
store-service/internal/services/store_service.go:441.2,441.34 1 2
store-service/internal/services/store_service.go:441.34,442.31 1 3
store-service/internal/services/store_service.go:442.31,444.4 1 1
store-service/internal/services/store_service.go:448.2,449.16 2 1
store-service/internal/services/store_service.go:449.16,451.3 1 0
store-service/internal/services/store_service.go:454.2,454.41 1 1
store-service/internal/services/store_service.go:457.107,460.16 2 2
store-service/internal/services/store_service.go:460.16,462.3 1 0
store-service/internal/services/store_service.go:465.2,465.38 1 2
store-service/internal/services/store_service.go:465.38,467.3 1 1
store-service/internal/services/store_service.go:469.2,469.33 1 1
store-service/internal/services/store_service.go:469.33,471.3 1 0
store-service/internal/services/store_service.go:474.2,475.16 2 1
store-service/internal/services/store_service.go:475.16,477.3 1 0
store-service/internal/services/store_service.go:480.2,480.41 1 1
store-service/internal/services/store_service.go:483.93,485.2 1 2
store-service/internal/services/store_service.go:487.106,489.16 2 4
store-service/internal/services/store_service.go:489.16,491.3 1 1
store-service/internal/services/store_service.go:492.2,492.20 1 3
store-service/internal/services/store_service.go:492.20,494.3 1 0
store-service/internal/services/store_service.go:497.2,497.36 1 3
store-service/internal/services/store_service.go:497.36,499.3 1 1
store-service/internal/services/store_service.go:502.2,502.34 1 2
store-service/internal/services/store_service.go:502.34,504.3 1 1
store-service/internal/services/store_service.go:506.2,507.16 2 1
store-service/internal/services/store_service.go:507.16,509.3 1 0
store-service/internal/services/store_service.go:512.2,512.41 1 1
store-service/internal/services/store_service.go:515.103,517.16 2 1
store-service/internal/services/store_service.go:517.16,519.3 1 0
store-service/internal/services/store_service.go:520.2,520.20 1 1
store-service/internal/services/store_service.go:520.20,522.3 1 0
store-service/internal/services/store_service.go:525.2,526.16 2 1
store-service/internal/services/store_service.go:526.16,528.3 1 0
store-service/internal/services/store_service.go:531.2,531.31 1 1
store-service/internal/services/store_service.go:531.31,533.3 1 0
store-service/internal/services/store_service.go:536.2,536.39 1 1
store-service/internal/services/store_service.go:536.39,538.3 1 0
store-service/internal/services/store_service.go:541.2,542.16 2 1
store-service/internal/services/store_service.go:542.16,544.3 1 0
store-service/internal/services/store_service.go:547.2,548.16 2 1
store-service/internal/services/store_service.go:548.16,551.3 1 0
store-service/internal/services/store_service.go:554.2,554.41 1 1
store-service/internal/services/store_service.go:557.131,559.16 2 4
store-service/internal/services/store_service.go:559.16,561.3 1 0
store-service/internal/services/store_service.go:562.2,562.20 1 4
store-service/internal/services/store_service.go:562.20,564.3 1 0
store-service/internal/services/store_service.go:567.2,567.36 1 4
store-service/internal/services/store_service.go:567.36,569.3 1 1
store-service/internal/services/store_service.go:572.2,572.35 1 3
store-service/internal/services/store_service.go:572.35,574.3 1 1
store-service/internal/services/store_service.go:577.2,577.32 1 2
store-service/internal/services/store_service.go:577.32,579.3 1 1
store-service/internal/services/store_service.go:582.2,583.16 2 1
store-service/internal/services/store_service.go:583.16,585.3 1 0
store-service/internal/services/store_service.go:588.2,588.25 1 1
store-service/internal/services/store_service.go:588.25,590.17 2 1
store-service/internal/services/store_service.go:590.17,592.4 1 0
store-service/internal/services/store_service.go:596.2,596.41 1 1
store-service/internal/services/store_service.go:599.133,601.16 2 4
store-service/internal/services/store_service.go:601.16,603.3 1 0
store-service/internal/services/store_service.go:604.2,604.20 1 4
store-service/internal/services/store_service.go:604.20,606.3 1 0
store-service/internal/services/store_service.go:609.2,610.16 2 4
store-service/internal/services/store_service.go:610.16,612.3 1 0
store-service/internal/services/store_service.go:615.2,615.31 1 4
store-service/internal/services/store_service.go:615.31,617.3 1 1
store-service/internal/services/store_service.go:620.2,620.35 1 3
store-service/internal/services/store_service.go:620.35,622.3 1 1
store-service/internal/services/store_service.go:625.2,625.33 1 2
store-service/internal/services/store_service.go:625.33,627.3 1 1
store-service/internal/services/store_service.go:630.2,631.16 2 1
store-service/internal/services/store_service.go:631.16,633.3 1 0
store-service/internal/services/store_service.go:636.2,637.16 2 1
store-service/internal/services/store_service.go:637.16,639.3 1 0
store-service/internal/services/store_service.go:642.2,642.41 1 1
store-service/internal/services/store_service.go:646.40,648.2 1 5
store-service/internal/repositories/bid_repository.go:13.50,15.2 1 10
store-service/internal/repositories/bid_repository.go:17.55,19.2 1 4
store-service/internal/repositories/bid_repository.go:21.63,24.16 3 2
store-service/internal/repositories/bid_repository.go:24.16,26.3 1 1
store-service/internal/repositories/bid_repository.go:27.2,27.18 1 1
store-service/internal/repositories/bid_repository.go:30.72,34.2 3 3
store-service/internal/repositories/bid_repository.go:36.76,40.2 3 3
store-service/internal/repositories/bid_repository.go:42.80,45.16 3 3
store-service/internal/repositories/bid_repository.go:45.16,47.3 1 2
store-service/internal/repositories/bid_repository.go:48.2,48.18 1 1
store-service/internal/repositories/bid_repository.go:51.71,53.2 1 3
store-service/internal/repositories/bid_repository.go:55.78,59.2 1 3
store-service/internal/repositories/bid_repository.go:61.81,65.2 3 4
store-service/internal/repositories/booking_request_repository.go:13.72,15.2 1 12
store-service/internal/repositories/booking_request_repository.go:17.81,19.2 1 9
store-service/internal/repositories/booking_request_repository.go:21.85,24.16 3 7
store-service/internal/repositories/booking_request_repository.go:24.16,26.3 1 2
store-service/internal/repositories/booking_request_repository.go:27.2,27.22 1 5
store-service/internal/repositories/booking_request_repository.go:30.93,33.16 3 4
store-service/internal/repositories/booking_request_repository.go:33.16,35.3 1 1
store-service/internal/repositories/booking_request_repository.go:36.2,36.22 1 3
store-service/internal/repositories/booking_request_repository.go:39.97,43.2 3 2
store-service/internal/repositories/booking_request_repository.go:45.121,48.16 3 8
store-service/internal/repositories/booking_request_repository.go:48.16,50.3 1 2
store-service/internal/repositories/booking_request_repository.go:51.2,51.22 1 6
store-service/internal/repositories/booking_request_repository.go:54.104,58.2 3 7
store-service/internal/repositories/booking_request_repository.go:60.79,62.2 1 7
store-service/internal/repositories/booking_request_repository.go:64.58,66.2 1 5
store-service/internal/repositories/booking_request_repository.go:68.116,76.2 1 0
store-service/internal/repositories/booking_request_repository.go:78.88,85.2 1 0
store-service/internal/repositories/booking_request_repository.go:87.96,94.2 1 0
store-service/internal/repositories/booking_request_repository.go:96.97,103.2 1 0
store-service/internal/repositories/store_item_repository.go:16.62,18.2 1 10
store-service/internal/repositories/store_item_repository.go:20.68,22.2 1 3
store-service/internal/repositories/store_item_repository.go:24.75,26.77 2 2
store-service/internal/repositories/store_item_repository.go:26.77,28.3 1 1
store-service/internal/repositories/store_item_repository.go:29.2,29.16 1 2
store-service/internal/repositories/store_item_repository.go:29.16,31.3 1 1
store-service/internal/repositories/store_item_repository.go:32.2,32.19 1 1
store-service/internal/repositories/store_item_repository.go:35.84,37.121 2 0
store-service/internal/repositories/store_item_repository.go:37.121,39.3 1 0
store-service/internal/repositories/store_item_repository.go:40.2,40.16 1 0
store-service/internal/repositories/store_item_repository.go:40.16,42.3 1 0
store-service/internal/repositories/store_item_repository.go:43.2,43.19 1 0
store-service/internal/repositories/store_item_repository.go:46.104,53.25 4 14
store-service/internal/repositories/store_item_repository.go:53.25,57.3 2 1
store-service/internal/repositories/store_item_repository.go:59.2,59.27 1 14
store-service/internal/repositories/store_item_repository.go:59.27,61.3 1 1
store-service/internal/repositories/store_item_repository.go:63.2,63.28 1 14
store-service/internal/repositories/store_item_repository.go:63.28,65.3 1 3
store-service/internal/repositories/store_item_repository.go:67.2,67.28 1 14
store-service/internal/repositories/store_item_repository.go:67.28,69.3 1 1
store-service/internal/repositories/store_item_repository.go:71.2,71.25 1 14
store-service/internal/repositories/store_item_repository.go:71.25,73.3 1 1
store-service/internal/repositories/store_item_repository.go:73.8,76.3 1 13
store-service/internal/repositories/store_item_repository.go:78.2,78.25 1 14
store-service/internal/repositories/store_item_repository.go:78.25,80.3 1 1
store-service/internal/repositories/store_item_repository.go:83.2,83.48 1 14
store-service/internal/repositories/store_item_repository.go:83.48,84.34 1 2
store-service/internal/repositories/store_item_repository.go:84.34,85.27 1 1
store-service/internal/repositories/store_item_repository.go:85.27,87.5 1 1
store-service/internal/repositories/store_item_repository.go:88.4,88.27 1 1
store-service/internal/repositories/store_item_repository.go:88.27,90.5 1 1
store-service/internal/repositories/store_item_repository.go:91.9,91.43 1 1
store-service/internal/repositories/store_item_repository.go:91.43,92.27 1 1
store-service/internal/repositories/store_item_repository.go:92.27,94.5 1 1
store-service/internal/repositories/store_item_repository.go:95.4,95.27 1 1
store-service/internal/repositories/store_item_repository.go:95.27,97.5 1 1
store-service/internal/repositories/store_item_repository.go:102.2,106.31 3 14
store-service/internal/repositories/store_item_repository.go:106.31,108.3 1 2
store-service/internal/repositories/store_item_repository.go:110.2,110.23 1 14
store-service/internal/repositories/store_item_repository.go:111.15,112.101 1 1
store-service/internal/repositories/store_item_repository.go:113.20,114.63 1 0
store-service/internal/repositories/store_item_repository.go:115.15,116.58 1 1
store-service/internal/repositories/store_item_repository.go:117.10,118.41 1 12
store-service/internal/repositories/store_item_repository.go:122.2,122.22 1 14
store-service/internal/repositories/store_item_repository.go:122.22,124.3 1 1
store-service/internal/repositories/store_item_repository.go:125.2,125.25 1 14
store-service/internal/repositories/store_item_repository.go:125.25,127.3 1 1
store-service/internal/repositories/store_item_repository.go:129.2,133.60 3 14
store-service/internal/repositories/store_item_repository.go:133.60,135.3 1 14
store-service/internal/repositories/store_item_repository.go:136.2,136.16 1 14
store-service/internal/repositories/store_item_repository.go:136.16,138.3 1 0
store-service/internal/repositories/store_item_repository.go:140.2,140.31 1 14
store-service/internal/repositories/store_item_repository.go:143.68,145.2 1 2
store-service/internal/repositories/store_item_repository.go:147.53,149.2 1 2
store-service/internal/repositories/store_item_repository.go:151.88,155.2 3 2
store-service/internal/repositories/store_item_repository.go:157.86,161.2 3 2
store-service/internal/repositories/store_item_repository.go:163.74,165.2 1 2
store-service/internal/repositories/store_item_repository.go:167.71,174.2 2 2
store-service/internal/repositories/store_item_repository.go:176.57,181.2 2 1
store-service/internal/repositories/user_repository.go:14.52,16.2 1 9
store-service/internal/repositories/user_repository.go:18.58,20.2 1 9
store-service/internal/repositories/user_repository.go:22.65,25.16 3 3
store-service/internal/repositories/user_repository.go:25.16,27.3 1 1
store-service/internal/repositories/user_repository.go:28.2,28.19 1 2
store-service/internal/repositories/user_repository.go:31.73,34.16 3 2
store-service/internal/repositories/user_repository.go:34.16,36.3 1 1
store-service/internal/repositories/user_repository.go:37.2,37.19 1 1
store-service/internal/repositories/user_repository.go:40.79,43.16 3 2
store-service/internal/repositories/user_repository.go:43.16,45.3 1 1
store-service/internal/repositories/user_repository.go:46.2,46.19 1 1
store-service/internal/repositories/user_repository.go:49.58,51.2 1 1
store-service/internal/repositories/user_repository.go:53.105,63.64 3 3
store-service/internal/repositories/user_repository.go:63.64,64.36 1 2
store-service/internal/repositories/user_repository.go:64.36,66.50 1 2
store-service/internal/repositories/user_repository.go:66.50,68.5 1 0
store-service/internal/repositories/user_repository.go:69.4,69.20 1 2
store-service/internal/repositories/user_repository.go:71.3,71.18 1 0
[...]
store-service/internal/repositories/store_item_repository.go:91.9,91.43 1 1
store-service/internal/repositories/store_item_repository.go:91.43,92.27 1 1
store-service/internal/repositories/store_item_repository.go:92.27,94.5 1 1
store-service/internal/repositories/store_item_repository.go:95.4,95.27 1 1
store-service/internal/repositories/store_item_repository.go:95.27,97.5 1 1
store-service/internal/repositories/store_item_repository.go:102.2,106.31 3 14
store-service/internal/repositories/store_item_repository.go:106.31,108.3 1 2
store-service/internal/repositories/store_item_repository.go:110.2,110.23 1 14
store-service/internal/repositories/store_item_repository.go:111.15,112.101 1 1
store-service/internal/repositories/store_item_repository.go:113.20,114.63 1 0
store-service/internal/repositories/store_item_repository.go:115.15,116.58 1 1
store-service/internal/repositories/store_item_repository.go:117.10,118.41 1 12
store-service/internal/repositories/store_item_repository.go:122.2,122.22 1 14
store-service/internal/repositories/store_item_repository.go:122.22,124.3 1 1
store-service/internal/repositories/store_item_repository.go:125.2,125.25 1 14
store-service/internal/repositories/store_item_repository.go:125.25,127.3 1 1
store-service/internal/repositories/store_item_repository.go:129.2,133.60 3 14
store-service/internal/repositories/store_item_repository.go:133.60,135.3 1 14
store-service/internal/repositories/store_item_repository.go:136.2,136.16 1 14
store-service/internal/repositories/store_item_repository.go:136.16,138.3 1 0
store-service/internal/repositories/store_item_repository.go:140.2,140.31 1 14
store-service/internal/repositories/store_item_repository.go:143.68,145.2 1 2
store-service/internal/repositories/store_item_repository.go:147.53,149.2 1 2
store-service/internal/repositories/store_item_repository.go:151.88,155.2 3 2
store-service/internal/repositories/store_item_repository.go:157.86,161.2 3 2
store-service/internal/repositories/store_item_repository.go:163.74,165.2 1 2
store-service/internal/repositories/store_item_repository.go:167.71,174.2 2 2
store-service/internal/repositories/store_item_repository.go:176.57,181.2 2 1
store-service/internal/repositories/user_repository.go:14.52,16.2 1 9
store-service/internal/repositories/user_repository.go:18.58,20.2 1 9
store-service/internal/repositories/user_repository.go:22.65,25.16 3 3
store-service/internal/repositories/user_repository.go:25.16,27.3 1 1
store-service/internal/repositories/user_repository.go:28.2,28.19 1 2
store-service/internal/repositories/user_repository.go:31.73,34.16 3 2
store-service/internal/repositories/user_repository.go:34.16,36.3 1 1
store-service/internal/repositories/user_repository.go:37.2,37.19 1 1
store-service/internal/repositories/user_repository.go:40.79,43.16 3 2
store-service/internal/repositories/user_repository.go:43.16,45.3 1 1
store-service/internal/repositories/user_repository.go:46.2,46.19 1 1
store-service/internal/repositories/user_repository.go:49.58,51.2 1 1
store-service/internal/repositories/user_repository.go:53.105,63.64 3 3
store-service/internal/repositories/user_repository.go:63.64,64.36 1 2
store-service/internal/repositories/user_repository.go:64.36,66.50 1 2
store-service/internal/repositories/user_repository.go:66.50,68.5 1 0
store-service/internal/repositories/user_repository.go:69.4,69.20 1 2
store-service/internal/repositories/user_repository.go:71.3,71.18 1 0
store-service/internal/repositories/user_repository.go:75.2,78.55 4 1
store-service/internal/repositories/user_repository.go:78.55,80.3 1 0
store-service/internal/repositories/user_repository.go:82.2,82.27 1 1
store-service/internal/repositories/user_repository.go:85.77,88.16 2 0
store-service/internal/repositories/user_repository.go:88.16,90.3 1 0
store-service/internal/repositories/user_repository.go:93.2,103.11 4 0
store-service/internal/middleware/jwt.go:23.102,28.2 1 8
store-service/internal/middleware/jwt.go:38.80,39.104 1 7
store-service/internal/middleware/jwt.go:39.104,41.3 1 5
store-service/internal/middleware/jwt.go:43.2,43.16 1 7
store-service/internal/middleware/jwt.go:43.16,44.42 1 4
store-service/internal/middleware/jwt.go:44.42,46.4 1 1
store-service/internal/middleware/jwt.go:47.3,47.30 1 3
store-service/internal/middleware/jwt.go:50.2,50.61 1 3
store-service/internal/middleware/jwt.go:50.61,52.3 1 3
store-service/internal/middleware/jwt.go:54.2,54.29 1 0
store-service/internal/middleware/jwt.go:57.60,58.30 1 5
store-service/internal/middleware/jwt.go:58.30,60.23 2 5
store-service/internal/middleware/jwt.go:60.23,63.4 2 1
store-service/internal/middleware/jwt.go:65.3,66.46 2 4
store-service/internal/middleware/jwt.go:66.46,69.4 2 1
store-service/internal/middleware/jwt.go:71.3,72.17 2 3
store-service/internal/middleware/jwt.go:72.17,75.4 2 1
store-service/internal/middleware/jwt.go:78.3,78.24 1 2
store-service/internal/middleware/jwt.go:78.24,80.18 2 2
store-service/internal/middleware/jwt.go:80.19,83.5 0 1
store-service/internal/middleware/jwt.go:87.3,91.11 5 2
store-service/internal/api/handlers/store_handlers.go:24.76,26.2 1 86
store-service/internal/api/handlers/store_handlers.go:29.51,37.55 4 4
store-service/internal/api/handlers/store_handlers.go:37.55,39.48 1 3
store-service/internal/api/handlers/store_handlers.go:39.48,42.4 2 1
store-service/internal/api/handlers/store_handlers.go:43.8,51.18 6 1
store-service/internal/api/handlers/store_handlers.go:51.18,54.4 2 0
store-service/internal/api/handlers/store_handlers.go:56.3,63.16 2 1
store-service/internal/api/handlers/store_handlers.go:63.16,65.90 2 0
store-service/internal/api/handlers/store_handlers.go:65.90,67.5 1 0
store-service/internal/api/handlers/store_handlers.go:69.4,69.96 1 0
store-service/internal/api/handlers/store_handlers.go:69.96,71.5 1 0
store-service/internal/api/handlers/store_handlers.go:71.10,71.99 1 0
store-service/internal/api/handlers/store_handlers.go:71.99,73.5 1 0
store-service/internal/api/handlers/store_handlers.go:74.9,77.83 2 1
store-service/internal/api/handlers/store_handlers.go:77.83,79.5 1 0
store-service/internal/api/handlers/store_handlers.go:79.10,79.84 1 1
store-service/internal/api/handlers/store_handlers.go:79.84,81.5 1 1
store-service/internal/api/handlers/store_handlers.go:86.2,90.16 4 3
store-service/internal/api/handlers/store_handlers.go:90.16,92.3 1 2
store-service/internal/api/handlers/store_handlers.go:92.8,92.24 1 1
store-service/internal/api/handlers/store_handlers.go:92.24,94.3 1 0
store-service/internal/api/handlers/store_handlers.go:94.8,94.39 1 1
store-service/internal/api/handlers/store_handlers.go:94.39,96.3 1 1
store-service/internal/api/handlers/store_handlers.go:96.8,98.3 1 0
store-service/internal/api/handlers/store_handlers.go:100.2,100.61 1 3
store-service/internal/api/handlers/store_handlers.go:100.61,106.52 4 0
store-service/internal/api/handlers/store_handlers.go:106.52,109.4 2 0
store-service/internal/api/handlers/store_handlers.go:111.3,111.50 1 0
store-service/internal/api/handlers/store_handlers.go:111.50,112.14 1 0
store-service/internal/api/handlers/store_handlers.go:112.14,113.10 1 0
store-service/internal/api/handlers/store_handlers.go:117.4,117.37 1 0
store-service/internal/api/handlers/store_handlers.go:117.37,118.13 1 0
store-service/internal/api/handlers/store_handlers.go:122.4,123.73 2 0
store-service/internal/api/handlers/store_handlers.go:123.73,124.13 1 0
store-service/internal/api/handlers/store_handlers.go:128.4,129.18 2 0
store-service/internal/api/handlers/store_handlers.go:129.18,130.13 1 0
store-service/internal/api/handlers/store_handlers.go:132.4,141.18 6 0
store-service/internal/api/handlers/store_handlers.go:141.18,142.13 1 0
store-service/internal/api/handlers/store_handlers.go:144.4,147.48 2 0
store-service/internal/api/handlers/store_handlers.go:147.48,148.13 1 0
store-service/internal/api/handlers/store_handlers.go:152.4,154.92 3 0
store-service/internal/api/handlers/store_handlers.go:157.3,158.84 2 0
store-service/internal/api/handlers/store_handlers.go:159.8,161.3 1 3
store-service/internal/api/handlers/store_handlers.go:163.2,165.16 3 3
store-service/internal/api/handlers/store_handlers.go:165.16,168.3 2 1
store-service/internal/api/handlers/store_handlers.go:170.2,170.34 1 2
store-service/internal/api/handlers/store_handlers.go:174.48,176.16 2 3
store-service/internal/api/handlers/store_handlers.go:176.16,179.3 2 1
store-service/internal/api/handlers/store_handlers.go:181.2,182.16 2 2
store-service/internal/api/handlers/store_handlers.go:182.16,185.3 2 1
store-service/internal/api/handlers/store_handlers.go:187.2,187.29 1 1
store-service/internal/api/handlers/store_handlers.go:191.49,204.54 2 3
store-service/internal/api/handlers/store_handlers.go:204.54,205.65 1 1
store-service/internal/api/handlers/store_handlers.go:205.65,207.4 1 1
store-service/internal/api/handlers/store_handlers.go:210.2,210.54 1 3
store-service/internal/api/handlers/store_handlers.go:210.54,211.65 1 1
store-service/internal/api/handlers/store_handlers.go:211.65,213.4 1 1
store-service/internal/api/handlers/store_handlers.go:216.2,216.54 1 3
store-service/internal/api/handlers/store_handlers.go:216.54,217.65 1 0
store-service/internal/api/handlers/store_handlers.go:217.65,219.4 1 0
store-service/internal/api/handlers/store_handlers.go:222.2,222.41 1 3
store-service/internal/api/handlers/store_handlers.go:222.41,223.56 1 0
store-service/internal/api/handlers/store_handlers.go:223.56,225.4 1 0
store-service/internal/api/handlers/store_handlers.go:228.2,228.51 1 3
store-service/internal/api/handlers/store_handlers.go:228.51,229.61 1 0
store-service/internal/api/handlers/store_handlers.go:229.61,231.4 1 0
store-service/internal/api/handlers/store_handlers.go:234.2,235.16 2 3
store-service/internal/api/handlers/store_handlers.go:235.16,238.3 2 1
store-service/internal/api/handlers/store_handlers.go:240.2,245.4 1 2
store-service/internal/api/handlers/store_handlers.go:249.51,253.16 3 3
store-service/internal/api/handlers/store_handlers.go:253.16,256.3 2 1
store-service/internal/api/handlers/store_handlers.go:258.2,259.47 2 2
store-service/internal/api/handlers/store_handlers.go:259.47,262.3 2 0
store-service/internal/api/handlers/store_handlers.go:264.2,265.16 2 2
store-service/internal/api/handlers/store_handlers.go:265.16,268.3 2 1
store-service/internal/api/handlers/store_handlers.go:270.2,270.29 1 1
store-service/internal/api/handlers/store_handlers.go:274.51,278.16 3 3
store-service/internal/api/handlers/store_handlers.go:278.16,281.3 2 1
store-service/internal/api/handlers/store_handlers.go:283.2,284.16 2 2
store-service/internal/api/handlers/store_handlers.go:284.16,287.3 2 1
store-service/internal/api/handlers/store_handlers.go:289.2,289.70 1 1
store-service/internal/api/handlers/store_handlers.go:293.49,297.16 3 2
store-service/internal/api/handlers/store_handlers.go:297.16,300.3 2 0
store-service/internal/api/handlers/store_handlers.go:302.2,303.47 2 2
store-service/internal/api/handlers/store_handlers.go:303.47,306.3 2 0
store-service/internal/api/handlers/store_handlers.go:308.2,309.16 2 2
store-service/internal/api/handlers/store_handlers.go:309.16,312.3 2 1
store-service/internal/api/handlers/store_handlers.go:314.2,314.33 1 1
store-service/internal/api/handlers/store_handlers.go:318.52,320.16 2 2
store-service/internal/api/handlers/store_handlers.go:320.16,323.3 2 0
store-service/internal/api/handlers/store_handlers.go:325.2,326.16 2 2
store-service/internal/api/handlers/store_handlers.go:326.16,329.3 2 1
store-service/internal/api/handlers/store_handlers.go:331.2,331.29 1 1
store-service/internal/api/handlers/store_handlers.go:335.50,339.16 3 4
store-service/internal/api/handlers/store_handlers.go:339.16,342.3 2 1
store-service/internal/api/handlers/store_handlers.go:344.2,345.16 2 3
store-service/internal/api/handlers/store_handlers.go:345.16,348.3 2 1
store-service/internal/api/handlers/store_handlers.go:350.2,351.16 2 2
store-service/internal/api/handlers/store_handlers.go:351.16,354.3 2 1
store-service/internal/api/handlers/store_handlers.go:356.2,356.70 1 1
store-service/internal/api/handlers/store_handlers.go:360.53,364.16 3 2
store-service/internal/api/handlers/store_handlers.go:364.16,367.3 2 0
store-service/internal/api/handlers/store_handlers.go:369.2,370.16 2 2
store-service/internal/api/handlers/store_handlers.go:370.16,373.3 2 1
store-service/internal/api/handlers/store_handlers.go:375.2,375.72 1 1
store-service/internal/api/handlers/store_handlers.go:379.56,383.16 3 2
store-service/internal/api/handlers/store_handlers.go:383.16,386.3 2 1
store-service/internal/api/handlers/store_handlers.go:388.2,388.30 1 1
store-service/internal/api/handlers/store_handlers.go:392.57,396.16 3 2
store-service/internal/api/handlers/store_handlers.go:396.16,399.3 2 1
store-service/internal/api/handlers/store_handlers.go:401.2,401.30 1 1
store-service/internal/api/handlers/store_handlers.go:405.52,409.16 3 2
store-service/internal/api/handlers/store_handlers.go:409.16,412.3 2 1
store-service/internal/api/handlers/store_handlers.go:414.2,414.29 1 1
store-service/internal/api/handlers/store_handlers.go:420.61,425.16 4 8
store-service/internal/api/handlers/store_handlers.go:425.16,428.3 2 1
store-service/internal/api/handlers/store_handlers.go:430.2,431.47 2 7
store-service/internal/api/handlers/store_handlers.go:431.47,434.3 2 1
store-service/internal/api/handlers/store_handlers.go:436.2,437.16 2 6
store-service/internal/api/handlers/store_handlers.go:437.16,438.72 1 4
store-service/internal/api/handlers/store_handlers.go:438.72,441.4 2 1
store-service/internal/api/handlers/store_handlers.go:442.3,442.49 1 3
store-service/internal/api/handlers/store_handlers.go:442.49,445.4 2 1
store-service/internal/api/handlers/store_handlers.go:446.3,446.57 1 2
store-service/internal/api/handlers/store_handlers.go:446.57,449.4 2 1
store-service/internal/api/handlers/store_handlers.go:450.3,451.9 2 1
store-service/internal/api/handlers/store_handlers.go:454.2,454.44 1 2
store-service/internal/api/handlers/store_handlers.go:458.58,463.16 4 5
store-service/internal/api/handlers/store_handlers.go:463.16,466.3 2 1
store-service/internal/api/handlers/store_handlers.go:468.2,469.16 2 4
store-service/internal/api/handlers/store_handlers.go:469.16,471.45 1 3
store-service/internal/api/handlers/store_handlers.go:471.45,475.4 2 1
store-service/internal/api/handlers/store_handlers.go:477.3,478.9 2 2
store-service/internal/api/handlers/store_handlers.go:481.2,481.65 1 1
store-service/internal/api/handlers/store_handlers.go:485.62,490.16 4 5
store-service/internal/api/handlers/store_handlers.go:490.16,493.3 2 1
store-service/internal/api/handlers/store_handlers.go:495.2,496.16 2 4
store-service/internal/api/handlers/store_handlers.go:496.16,497.72 1 2
store-service/internal/api/handlers/store_handlers.go:497.72,500.4 2 1
store-service/internal/api/handlers/store_handlers.go:501.3,502.9 2 1
store-service/internal/api/handlers/store_handlers.go:505.2,505.67 1 2
store-service/internal/api/handlers/store_handlers.go:509.62,514.16 4 5
store-service/internal/api/handlers/store_handlers.go:514.16,517.3 2 1
store-service/internal/api/handlers/store_handlers.go:519.2,520.16 2 4
store-service/internal/api/handlers/store_handlers.go:520.16,521.72 1 3
store-service/internal/api/handlers/store_handlers.go:521.72,524.4 2 1
store-service/internal/api/handlers/store_handlers.go:525.3,525.54 1 2
store-service/internal/api/handlers/store_handlers.go:525.54,528.4 2 1
store-service/internal/api/handlers/store_handlers.go:529.3,530.9 2 1
store-service/internal/api/handlers/store_handlers.go:533.2,533.32 1 1
store-service/internal/api/handlers/store_handlers.go:537.61,542.16 4 5
store-service/internal/api/handlers/store_handlers.go:542.16,545.3 2 1
store-service/internal/api/handlers/store_handlers.go:547.2,548.16 2 4
store-service/internal/api/handlers/store_handlers.go:548.16,549.72 1 3
store-service/internal/api/handlers/store_handlers.go:549.72,552.4 2 1
store-service/internal/api/handlers/store_handlers.go:553.3,553.54 1 2
store-service/internal/api/handlers/store_handlers.go:553.54,556.4 2 1
store-service/internal/api/handlers/store_handlers.go:557.3,558.9 2 1
store-service/internal/api/handlers/store_handlers.go:561.2,561.32 1 1
store-service/internal/api/handlers/store_handlers.go:565.63,569.16 3 3
store-service/internal/api/handlers/store_handlers.go:569.16,572.3 2 1
store-service/internal/api/handlers/store_handlers.go:574.2,574.33 1 2
store-service/internal/api/handlers/store_handlers.go:578.60,583.16 4 6
store-service/internal/api/handlers/store_handlers.go:583.16,586.3 2 1
store-service/internal/api/handlers/store_handlers.go:588.2,589.16 2 5
store-service/internal/api/handlers/store_handlers.go:589.16,590.49 1 4
store-service/internal/api/handlers/store_handlers.go:590.49,593.4 2 1
store-service/internal/api/handlers/store_handlers.go:594.3,594.58 1 3
store-service/internal/api/handlers/store_handlers.go:594.58,597.4 2 1
store-service/internal/api/handlers/store_handlers.go:598.3,598.74 1 2
store-service/internal/api/handlers/store_handlers.go:598.74,601.4 2 1
store-service/internal/api/handlers/store_handlers.go:602.3,603.9 2 1
store-service/internal/api/handlers/store_handlers.go:606.2,606.32 1 1
store-service/internal/api/handlers/store_handlers.go:610.56,615.16 4 6
store-service/internal/api/handlers/store_handlers.go:615.16,618.3 2 1
store-service/internal/api/handlers/store_handlers.go:620.2,621.16 2 5
store-service/internal/api/handlers/store_handlers.go:621.16,622.49 1 4
store-service/internal/api/handlers/store_handlers.go:622.49,625.4 2 1
store-service/internal/api/handlers/store_handlers.go:626.3,626.60 1 3
store-service/internal/api/handlers/store_handlers.go:626.60,629.4 2 1
store-service/internal/api/handlers/store_handlers.go:630.3,630.85 1 2
store-service/internal/api/handlers/store_handlers.go:630.85,633.4 2 1
store-service/internal/api/handlers/store_handlers.go:634.3,635.9 2 1
store-service/internal/api/handlers/store_handlers.go:638.2,638.32 1 1
store-service/internal/api/handlers/store_handlers.go:642.58,647.16 4 8
store-service/internal/api/handlers/store_handlers.go:647.16,650.3 2 1
store-service/internal/api/handlers/store_handlers.go:652.2,653.47 2 7
store-service/internal/api/handlers/store_handlers.go:653.47,656.3 2 1
store-service/internal/api/handlers/store_handlers.go:658.2,659.16 2 6
store-service/internal/api/handlers/store_handlers.go:659.16,660.49 1 5
store-service/internal/api/handlers/store_handlers.go:660.49,663.4 2 1
store-service/internal/api/handlers/store_handlers.go:664.3,664.58 1 4
store-service/internal/api/handlers/store_handlers.go:664.58,667.4 2 1
store-service/internal/api/handlers/store_handlers.go:668.3,668.124 1 3
store-service/internal/api/handlers/store_handlers.go:668.124,671.4 2 2
store-service/internal/api/handlers/store_handlers.go:672.3,673.9 2 1
store-service/internal/api/handlers/store_handlers.go:676.2,676.32 1 1
store-service/internal/api/handlers/store_handlers.go:680.59,685.16 4 5
store-service/internal/api/handlers/store_handlers.go:685.16,688.3 2 1
store-service/internal/api/handlers/store_handlers.go:690.2,691.47 2 4
store-service/internal/api/handlers/store_handlers.go:691.47,694.3 2 0
store-service/internal/api/handlers/store_handlers.go:696.2,697.16 2 4
store-service/internal/api/handlers/store_handlers.go:697.16,698.49 1 3
store-service/internal/api/handlers/store_handlers.go:698.49,701.4 2 0
store-service/internal/api/handlers/store_handlers.go:702.3,702.58 1 3
store-service/internal/api/handlers/store_handlers.go:702.58,705.4 2 1
store-service/internal/api/handlers/store_handlers.go:706.3,706.125 1 2
store-service/internal/api/handlers/store_handlers.go:706.125,709.4 2 1
store-service/internal/api/handlers/store_handlers.go:710.3,711.9 2 1
store-service/internal/api/handlers/store_handlers.go:714.2,714.32 1 1
