mode: atomic
store-service/internal/models/store_item.go:124.50,126.17 2 0
store-service/internal/models/store_item.go:126.17,128.19 2 0
store-service/internal/models/store_item.go:128.19,130.4 1 0
store-service/internal/models/store_item.go:131.8,133.3 1 0
store-service/internal/models/store_item.go:136.2,140.12 4 0
store-service/cmd/api/main.go:19.13,21.40 1 0
store-service/cmd/api/main.go:21.40,23.3 1 0
store-service/cmd/api/main.go:26.2,27.24 2 0
store-service/cmd/api/main.go:27.24,29.3 1 0
store-service/cmd/api/main.go:31.2,32.16 2 0
store-service/cmd/api/main.go:32.16,34.3 1 0
store-service/cmd/api/main.go:37.2,37.138 1 0
store-service/cmd/api/main.go:37.138,39.3 1 0
store-service/cmd/api/main.go:42.2,54.21 7 0
store-service/cmd/api/main.go:54.21,56.3 1 0
store-service/cmd/api/main.go:57.2,66.34 4 0
store-service/cmd/api/main.go:66.34,72.36 5 0
store-service/cmd/api/main.go:72.36,75.4 2 0
store-service/cmd/api/main.go:77.3,77.11 1 0
store-service/cmd/api/main.go:80.2,81.2 2 0
store-service/cmd/api/main.go:81.2,90.3 6 0
store-service/cmd/api/main.go:90.3,112.4 14 0
store-service/cmd/api/main.go:116.2,116.45 1 0
store-service/cmd/api/main.go:116.45,118.3 1 0
store-service/cmd/api/main.go:120.2,121.16 2 0
store-service/cmd/api/main.go:121.16,123.3 1 0
store-service/cmd/api/main.go:125.2,126.47 2 0
store-service/cmd/api/main.go:126.47,128.3 1 0
store-service/internal/middleware/jwt.go:21.64,25.2 1 0
store-service/internal/middleware/jwt.go:34.80,35.104 1 0
store-service/internal/middleware/jwt.go:35.104,37.3 1 0
store-service/internal/middleware/jwt.go:39.2,39.16 1 0
store-service/internal/middleware/jwt.go:39.16,40.42 1 0
store-service/internal/middleware/jwt.go:40.42,42.4 1 0
store-service/internal/middleware/jwt.go:43.3,43.30 1 0
store-service/internal/middleware/jwt.go:46.2,46.61 1 0
store-service/internal/middleware/jwt.go:46.61,48.3 1 0
store-service/internal/middleware/jwt.go:50.2,50.29 1 0
store-service/internal/middleware/jwt.go:53.60,54.30 1 0
store-service/internal/middleware/jwt.go:54.30,56.23 2 0
store-service/internal/middleware/jwt.go:56.23,59.4 2 0
store-service/internal/middleware/jwt.go:61.3,62.46 2 0
store-service/internal/middleware/jwt.go:62.46,65.4 2 0
store-service/internal/middleware/jwt.go:67.3,68.17 2 0
store-service/internal/middleware/jwt.go:68.17,71.4 2 0
store-service/internal/middleware/jwt.go:74.3,77.11 4 0
